#
# There is insufficient memory for the Java Runtime Environment to continue.
# Native memory allocation (malloc) failed to allocate 2158896 bytes for Chunk::new
# Possible reasons:
#   The system is out of physical RAM or swap space
#   The process is running with CompressedOops enabled, and the Java Heap may be blocking the growth of the native heap
# Possible solutions:
#   Reduce memory load on the system
#   Increase physical memory or swap space
#   Check if swap backing store is full
#   Decrease Java heap size (-Xmx/-Xms)
#   Decrease number of Java threads
#   Decrease Java thread stack sizes (-Xss)
#   Set larger code cache with -XX:ReservedCodeCacheSize=
#   JVM is running with Unscaled Compressed Oops mode in which the Java heap is
#     placed in the first 4GB address space. The Java Heap base address is the
#     maximum limit for the native heap growth. Please use -XX:HeapBaseMinAddress
#     to set the Java Heap base and to place the Java Heap above 4GB virtual address.
# This output file may be truncated or incomplete.
#
#  Out of Memory Error (./open/src/hotspot/share/memory/arena.cpp:197), pid=7344, tid=9660
#
# JRE version: Java(TM) SE Runtime Environment 18.9 (11.0.20+9) (build 11.0.20+9-LTS-256)
# Java VM: Java HotSpot(TM) 64-Bit Server VM 18.9 (11.0.20+9-LTS-256, mixed mode, tiered, compressed oops, g1 gc, windows-amd64)
# No core dump will be written. Minidumps are not enabled by default on client versions of Windows
#

---------------  S U M M A R Y ------------

Command Line: -Dfile.encoding=Cp1252 webgiay.StartServerJava

Host: Intel(R) Core(TM) i5-5200U CPU @ 2.20GHz, 4 cores, 3G,  Windows 10 , 64 bit Build 18362 (10.0.18362.329)
Time: Tue Apr 23 19:21:49 2024 SE Asia Standard Time elapsed time: 13.842348 seconds (0d 0h 0m 13s)

---------------  T H R E A D  ---------------

Current thread (0x000001ab28125000):  JavaThread "C2 CompilerThread0" daemon [_thread_in_native, id=9660, stack(0x00000048f4900000,0x00000048f4a00000)]


Current CompileTask:
C2:  13842 6022   !   4       org.springframework.core.annotation.AnnotatedElementUtils::searchWithFindSemantics (774 bytes)

Stack: [0x00000048f4900000,0x00000048f4a00000]
Native frames: (J=compiled Java code, j=interpreted, Vv=VM code, C=native code)
V  [jvm.dll+0x6602ba]
V  [jvm.dll+0x7a32af]
V  [jvm.dll+0x7a4979]
V  [jvm.dll+0x7a5013]
V  [jvm.dll+0x258ef5]
V  [jvm.dll+0xb2a0c]
V  [jvm.dll+0xb2fcc]
V  [jvm.dll+0x367691]
V  [jvm.dll+0x1a2b74]
V  [jvm.dll+0x211d4d]
V  [jvm.dll+0x210bc8]
V  [jvm.dll+0x18cdb1]
V  [jvm.dll+0x220e59]
V  [jvm.dll+0x21f17c]
V  [jvm.dll+0x767061]
V  [jvm.dll+0x75f8e4]
V  [jvm.dll+0x65f165]
C  [ucrtbase.dll+0x20e72]
C  [KERNEL32.DLL+0x17bd4]
C  [ntdll.dll+0x6ced1]


---------------  P R O C E S S  ---------------

Threads class SMR info:
_java_thread_list=0x000001ab2da17400, length=15, elements={
0x000001ab0cfe8000, 0x000001ab280b0000, 0x000001ab280bb000, 0x000001ab2811a800,
0x000001ab2811e000, 0x000001ab2811f000, 0x000001ab28125000, 0x000001ab28126000,
0x000001ab28129800, 0x000001ab28b85000, 0x000001ab2cabd800, 0x000001ab2d2f3800,
0x000001ab2d8da800, 0x000001ab2bb3a800, 0x000001ab2ba4e800
}

Java Threads: ( => current thread )
  0x000001ab0cfe8000 JavaThread "main" [_thread_in_Java, id=2208, stack(0x00000048f3d00000,0x00000048f3e00000)]
  0x000001ab280b0000 JavaThread "Reference Handler" daemon [_thread_blocked, id=760, stack(0x00000048f4400000,0x00000048f4500000)]
  0x000001ab280bb000 JavaThread "Finalizer" daemon [_thread_blocked, id=9480, stack(0x00000048f4500000,0x00000048f4600000)]
  0x000001ab2811a800 JavaThread "Signal Dispatcher" daemon [_thread_blocked, id=9364, stack(0x00000048f4600000,0x00000048f4700000)]
  0x000001ab2811e000 JavaThread "Attach Listener" daemon [_thread_blocked, id=6920, stack(0x00000048f4700000,0x00000048f4800000)]
  0x000001ab2811f000 JavaThread "Service Thread" daemon [_thread_blocked, id=7644, stack(0x00000048f4800000,0x00000048f4900000)]
=>0x000001ab28125000 JavaThread "C2 CompilerThread0" daemon [_thread_in_native, id=9660, stack(0x00000048f4900000,0x00000048f4a00000)]
  0x000001ab28126000 JavaThread "C1 CompilerThread0" daemon [_thread_in_vm, id=3100, stack(0x00000048f4a00000,0x00000048f4b00000)]
  0x000001ab28129800 JavaThread "Sweeper thread" daemon [_thread_blocked, id=2216, stack(0x00000048f4b00000,0x00000048f4c00000)]
  0x000001ab28b85000 JavaThread "Common-Cleaner" daemon [_thread_blocked, id=6476, stack(0x00000048f4d00000,0x00000048f4e00000)]
  0x000001ab2cabd800 JavaThread "Catalina-utility-1" [_thread_blocked, id=8648, stack(0x00000048f4f00000,0x00000048f5000000)]
  0x000001ab2d2f3800 JavaThread "Catalina-utility-2" [_thread_blocked, id=6584, stack(0x00000048f5400000,0x00000048f5500000)]
  0x000001ab2d8da800 JavaThread "container-0" [_thread_blocked, id=7712, stack(0x00000048f5500000,0x00000048f5600000)]
  0x000001ab2bb3a800 JavaThread "mysql-cj-abandoned-connection-cleanup" daemon [_thread_blocked, id=6628, stack(0x00000048f5600000,0x00000048f5700000)]
  0x000001ab2ba4e800 JavaThread "HikariPool-1 housekeeper" daemon [_thread_blocked, id=10176, stack(0x00000048f5800000,0x00000048f5900000)]

Other Threads:
  0x000001ab2808b800 VMThread "VM Thread" [stack: 0x00000048f4300000,0x00000048f4400000] [id=10756]
  0x000001ab28b8c800 WatcherThread [stack: 0x00000048f4c00000,0x00000048f4d00000] [id=11240]
  0x000001ab0cffe800 GCTaskThread "GC Thread#0" [stack: 0x00000048f3e00000,0x00000048f3f00000] [id=8360]
  0x000001ab2983b000 GCTaskThread "GC Thread#1" [stack: 0x00000048f5000000,0x00000048f5100000] [id=7688]
  0x000001ab2983c000 GCTaskThread "GC Thread#2" [stack: 0x00000048f5100000,0x00000048f5200000] [id=6140]
  0x000001ab2983c800 GCTaskThread "GC Thread#3" [stack: 0x00000048f5200000,0x00000048f5300000] [id=10132]
  0x000001ab0d01b000 ConcurrentGCThread "G1 Main Marker" [stack: 0x00000048f3f00000,0x00000048f4000000] [id=9560]
  0x000001ab0d01d800 ConcurrentGCThread "G1 Conc#0" [stack: 0x00000048f4000000,0x00000048f4100000] [id=6284]
  0x000001ab0d076800 ConcurrentGCThread "G1 Refine#0" [stack: 0x00000048f4100000,0x00000048f4200000] [id=5984]
  0x000001ab28e48800 ConcurrentGCThread "G1 Refine#1" [stack: 0x00000048f5300000,0x00000048f5400000] [id=9328]
  0x000001ab0d077800 ConcurrentGCThread "G1 Young RemSet Sampling" [stack: 0x00000048f4200000,0x00000048f4300000] [id=8076]

Threads with active compile tasks:
C2 CompilerThread0    14001 6022   !   4       org.springframework.core.annotation.AnnotatedElementUtils::searchWithFindSemantics (774 bytes)

VM state:not at safepoint (normal execution)

VM Mutex/Monitor currently owned by a thread: None

Heap address: 0x00000000c1800000, size: 1000 MB, Compressed Oops mode: 32-bit
Narrow klass base: 0x0000000000000000, Narrow klass shift: 3
Compressed class space size: 1073741824 Address: 0x0000000100000000

Heap:
 garbage-first heap   total 96256K, used 41301K [0x00000000c1800000, 0x0000000100000000)
  region size 1024K, 18 young (18432K), 5 survivors (5120K)
 Metaspace       used 59919K, capacity 61098K, committed 61404K, reserved 1103872K
  class space    used 7522K, capacity 7982K, committed 8060K, reserved 1048576K
Heap Regions: E=young(eden), S=young(survivor), O=old, HS=humongous(starts), HC=humongous(continues), CS=collection set, F=free, A=archive, TAMS=top-at-mark-start (previous, next)
|   0|0x00000000c1800000, 0x00000000c1900000, 0x00000000c1900000|100%|HS|  |TAMS 0x00000000c1900000, 0x00000000c1800000| Complete 
|   1|0x00000000c1900000, 0x00000000c1a00000, 0x00000000c1a00000|100%| O|  |TAMS 0x00000000c1a00000, 0x00000000c1900000| Untracked 
|   2|0x00000000c1a00000, 0x00000000c1b00000, 0x00000000c1b00000|100%| O|  |TAMS 0x00000000c1b00000, 0x00000000c1a00000| Untracked 
|   3|0x00000000c1b00000, 0x00000000c1c00000, 0x00000000c1c00000|100%| O|  |TAMS 0x00000000c1c00000, 0x00000000c1b00000| Untracked 
|   4|0x00000000c1c00000, 0x00000000c1d00000, 0x00000000c1d00000|100%| O|  |TAMS 0x00000000c1d00000, 0x00000000c1c00000| Untracked 
|   5|0x00000000c1d00000, 0x00000000c1e00000, 0x00000000c1e00000|100%| O|  |TAMS 0x00000000c1e00000, 0x00000000c1d00000| Untracked 
|   6|0x00000000c1e00000, 0x00000000c1f00000, 0x00000000c1f00000|100%| O|  |TAMS 0x00000000c1f00000, 0x00000000c1e00000| Untracked 
|   7|0x00000000c1f00000, 0x00000000c2000000, 0x00000000c2000000|100%| O|  |TAMS 0x00000000c2000000, 0x00000000c1f00000| Untracked 
|   8|0x00000000c2000000, 0x00000000c2100000, 0x00000000c2100000|100%| O|  |TAMS 0x00000000c2100000, 0x00000000c2000000| Untracked 
|   9|0x00000000c2100000, 0x00000000c2200000, 0x00000000c2200000|100%| O|  |TAMS 0x00000000c2200000, 0x00000000c2100000| Untracked 
|  10|0x00000000c2200000, 0x00000000c2300000, 0x00000000c2300000|100%| O|  |TAMS 0x00000000c2300000, 0x00000000c2200000| Untracked 
|  11|0x00000000c2300000, 0x00000000c2400000, 0x00000000c2400000|100%| O|  |TAMS 0x00000000c2400000, 0x00000000c2300000| Untracked 
|  12|0x00000000c2400000, 0x00000000c2500000, 0x00000000c2500000|100%| O|  |TAMS 0x00000000c2500000, 0x00000000c2400000| Untracked 
|  13|0x00000000c2500000, 0x00000000c2600000, 0x00000000c2600000|100%| O|  |TAMS 0x00000000c2600000, 0x00000000c2500000| Untracked 
|  14|0x00000000c2600000, 0x00000000c2700000, 0x00000000c2700000|100%| O|  |TAMS 0x00000000c2700000, 0x00000000c2600000| Untracked 
|  15|0x00000000c2700000, 0x00000000c2800000, 0x00000000c2800000|100%| O|  |TAMS 0x00000000c2800000, 0x00000000c2700000| Untracked 
|  16|0x00000000c2800000, 0x00000000c2900000, 0x00000000c2900000|100%| O|  |TAMS 0x00000000c2900000, 0x00000000c2800000| Untracked 
|  17|0x00000000c2900000, 0x00000000c2a00000, 0x00000000c2a00000|100%| O|  |TAMS 0x00000000c2a00000, 0x00000000c2900000| Untracked 
|  18|0x00000000c2a00000, 0x00000000c2b00000, 0x00000000c2b00000|100%| O|  |TAMS 0x00000000c2b00000, 0x00000000c2a00000| Untracked 
|  19|0x00000000c2b00000, 0x00000000c2c00000, 0x00000000c2c00000|100%| O|  |TAMS 0x00000000c2c00000, 0x00000000c2b00000| Untracked 
|  20|0x00000000c2c00000, 0x00000000c2d00000, 0x00000000c2d00000|100%| O|  |TAMS 0x00000000c2d00000, 0x00000000c2c00000| Untracked 
|  21|0x00000000c2d00000, 0x00000000c2e00000, 0x00000000c2e00000|100%| O|  |TAMS 0x00000000c2e00000, 0x00000000c2d00000| Untracked 
|  22|0x00000000c2e00000, 0x00000000c2f00000, 0x00000000c2f00000|100%| O|  |TAMS 0x00000000c2f00000, 0x00000000c2e00000| Untracked 
|  23|0x00000000c2f00000, 0x00000000c2f82800, 0x00000000c3000000| 50%| O|  |TAMS 0x00000000c2f82800, 0x00000000c2f00000| Untracked 
|  24|0x00000000c3000000, 0x00000000c3000000, 0x00000000c3100000|  0%| F|  |TAMS 0x00000000c3000000, 0x00000000c3000000| Untracked 
|  25|0x00000000c3100000, 0x00000000c3100000, 0x00000000c3200000|  0%| F|  |TAMS 0x00000000c3100000, 0x00000000c3100000| Untracked 
|  26|0x00000000c3200000, 0x00000000c3200000, 0x00000000c3300000|  0%| F|  |TAMS 0x00000000c3200000, 0x00000000c3200000| Untracked 
|  27|0x00000000c3300000, 0x00000000c3300000, 0x00000000c3400000|  0%| F|  |TAMS 0x00000000c3300000, 0x00000000c3300000| Untracked 
|  28|0x00000000c3400000, 0x00000000c3400000, 0x00000000c3500000|  0%| F|  |TAMS 0x00000000c3400000, 0x00000000c3400000| Untracked 
|  29|0x00000000c3500000, 0x00000000c3500000, 0x00000000c3600000|  0%| F|  |TAMS 0x00000000c3500000, 0x00000000c3500000| Untracked 
|  30|0x00000000c3600000, 0x00000000c3600000, 0x00000000c3700000|  0%| F|  |TAMS 0x00000000c3600000, 0x00000000c3600000| Untracked 
|  31|0x00000000c3700000, 0x00000000c3700000, 0x00000000c3800000|  0%| F|  |TAMS 0x00000000c3700000, 0x00000000c3700000| Untracked 
|  32|0x00000000c3800000, 0x00000000c3800000, 0x00000000c3900000|  0%| F|  |TAMS 0x00000000c3800000, 0x00000000c3800000| Untracked 
|  33|0x00000000c3900000, 0x00000000c3900000, 0x00000000c3a00000|  0%| F|  |TAMS 0x00000000c3900000, 0x00000000c3900000| Untracked 
|  34|0x00000000c3a00000, 0x00000000c3a00000, 0x00000000c3b00000|  0%| F|  |TAMS 0x00000000c3a00000, 0x00000000c3a00000| Untracked 
|  35|0x00000000c3b00000, 0x00000000c3b00000, 0x00000000c3c00000|  0%| F|  |TAMS 0x00000000c3b00000, 0x00000000c3b00000| Untracked 
|  36|0x00000000c3c00000, 0x00000000c3c00000, 0x00000000c3d00000|  0%| F|  |TAMS 0x00000000c3c00000, 0x00000000c3c00000| Untracked 
|  37|0x00000000c3d00000, 0x00000000c3d00000, 0x00000000c3e00000|  0%| F|  |TAMS 0x00000000c3d00000, 0x00000000c3d00000| Untracked 
|  38|0x00000000c3e00000, 0x00000000c3e00000, 0x00000000c3f00000|  0%| F|  |TAMS 0x00000000c3e00000, 0x00000000c3e00000| Untracked 
|  39|0x00000000c3f00000, 0x00000000c3f00000, 0x00000000c4000000|  0%| F|  |TAMS 0x00000000c3f00000, 0x00000000c3f00000| Untracked 
|  40|0x00000000c4000000, 0x00000000c4000000, 0x00000000c4100000|  0%| F|  |TAMS 0x00000000c4000000, 0x00000000c4000000| Untracked 
|  41|0x00000000c4100000, 0x00000000c4100000, 0x00000000c4200000|  0%| F|  |TAMS 0x00000000c4100000, 0x00000000c4100000| Untracked 
|  42|0x00000000c4200000, 0x00000000c4200000, 0x00000000c4300000|  0%| F|  |TAMS 0x00000000c4200000, 0x00000000c4200000| Untracked 
|  43|0x00000000c4300000, 0x00000000c4300000, 0x00000000c4400000|  0%| F|  |TAMS 0x00000000c4300000, 0x00000000c4300000| Untracked 
|  44|0x00000000c4400000, 0x00000000c4400000, 0x00000000c4500000|  0%| F|  |TAMS 0x00000000c4400000, 0x00000000c4400000| Untracked 
|  45|0x00000000c4500000, 0x00000000c4500000, 0x00000000c4600000|  0%| F|  |TAMS 0x00000000c4500000, 0x00000000c4500000| Untracked 
|  46|0x00000000c4600000, 0x00000000c4600000, 0x00000000c4700000|  0%| F|  |TAMS 0x00000000c4600000, 0x00000000c4600000| Untracked 
|  47|0x00000000c4700000, 0x00000000c47d2d50, 0x00000000c4800000| 82%| S|CS|TAMS 0x00000000c4700000, 0x00000000c4700000| Complete 
|  48|0x00000000c4800000, 0x00000000c4900000, 0x00000000c4900000|100%| S|CS|TAMS 0x00000000c4800000, 0x00000000c4800000| Complete 
|  49|0x00000000c4900000, 0x00000000c4a00000, 0x00000000c4a00000|100%| S|CS|TAMS 0x00000000c4900000, 0x00000000c4900000| Complete 
|  50|0x00000000c4a00000, 0x00000000c4b00000, 0x00000000c4b00000|100%| S|CS|TAMS 0x00000000c4a00000, 0x00000000c4a00000| Complete 
|  51|0x00000000c4b00000, 0x00000000c4c00000, 0x00000000c4c00000|100%| S|CS|TAMS 0x00000000c4b00000, 0x00000000c4b00000| Complete 
|  52|0x00000000c4c00000, 0x00000000c4c00000, 0x00000000c4d00000|  0%| F|  |TAMS 0x00000000c4c00000, 0x00000000c4c00000| Untracked 
|  53|0x00000000c4d00000, 0x00000000c4d00000, 0x00000000c4e00000|  0%| F|  |TAMS 0x00000000c4d00000, 0x00000000c4d00000| Untracked 
|  54|0x00000000c4e00000, 0x00000000c4e00000, 0x00000000c4f00000|  0%| F|  |TAMS 0x00000000c4e00000, 0x00000000c4e00000| Untracked 
|  55|0x00000000c4f00000, 0x00000000c4f00000, 0x00000000c5000000|  0%| F|  |TAMS 0x00000000c4f00000, 0x00000000c4f00000| Untracked 
|  56|0x00000000c5000000, 0x00000000c5000000, 0x00000000c5100000|  0%| F|  |TAMS 0x00000000c5000000, 0x00000000c5000000| Untracked 
|  57|0x00000000c5100000, 0x00000000c5100000, 0x00000000c5200000|  0%| F|  |TAMS 0x00000000c5100000, 0x00000000c5100000| Untracked 
|  58|0x00000000c5200000, 0x00000000c5200000, 0x00000000c5300000|  0%| F|  |TAMS 0x00000000c5200000, 0x00000000c5200000| Untracked 
|  59|0x00000000c5300000, 0x00000000c5300000, 0x00000000c5400000|  0%| F|  |TAMS 0x00000000c5300000, 0x00000000c5300000| Untracked 
|  60|0x00000000c5400000, 0x00000000c5400000, 0x00000000c5500000|  0%| F|  |TAMS 0x00000000c5400000, 0x00000000c5400000| Untracked 
|  61|0x00000000c5500000, 0x00000000c5500000, 0x00000000c5600000|  0%| F|  |TAMS 0x00000000c5500000, 0x00000000c5500000| Untracked 
|  62|0x00000000c5600000, 0x00000000c5600000, 0x00000000c5700000|  0%| F|  |TAMS 0x00000000c5600000, 0x00000000c5600000| Untracked 
|  63|0x00000000c5700000, 0x00000000c5700000, 0x00000000c5800000|  0%| F|  |TAMS 0x00000000c5700000, 0x00000000c5700000| Untracked 
|  64|0x00000000c5800000, 0x00000000c5800000, 0x00000000c5900000|  0%| F|  |TAMS 0x00000000c5800000, 0x00000000c5800000| Untracked 
|  65|0x00000000c5900000, 0x00000000c5900000, 0x00000000c5a00000|  0%| F|  |TAMS 0x00000000c5900000, 0x00000000c5900000| Untracked 
|  66|0x00000000c5a00000, 0x00000000c5a00000, 0x00000000c5b00000|  0%| F|  |TAMS 0x00000000c5a00000, 0x00000000c5a00000| Untracked 
|  67|0x00000000c5b00000, 0x00000000c5b00000, 0x00000000c5c00000|  0%| F|  |TAMS 0x00000000c5b00000, 0x00000000c5b00000| Untracked 
|  68|0x00000000c5c00000, 0x00000000c5c00000, 0x00000000c5d00000|  0%| F|  |TAMS 0x00000000c5c00000, 0x00000000c5c00000| Untracked 
|  69|0x00000000c5d00000, 0x00000000c5d00000, 0x00000000c5e00000|  0%| F|  |TAMS 0x00000000c5d00000, 0x00000000c5d00000| Untracked 
|  70|0x00000000c5e00000, 0x00000000c5e00000, 0x00000000c5f00000|  0%| F|  |TAMS 0x00000000c5e00000, 0x00000000c5e00000| Untracked 
|  71|0x00000000c5f00000, 0x00000000c5f00000, 0x00000000c6000000|  0%| F|  |TAMS 0x00000000c5f00000, 0x00000000c5f00000| Untracked 
|  72|0x00000000c6000000, 0x00000000c6000000, 0x00000000c6100000|  0%| F|  |TAMS 0x00000000c6000000, 0x00000000c6000000| Untracked 
|  73|0x00000000c6100000, 0x00000000c6100000, 0x00000000c6200000|  0%| F|  |TAMS 0x00000000c6100000, 0x00000000c6100000| Untracked 
|  74|0x00000000c6200000, 0x00000000c6200000, 0x00000000c6300000|  0%| F|  |TAMS 0x00000000c6200000, 0x00000000c6200000| Untracked 
|  75|0x00000000c6300000, 0x00000000c6300000, 0x00000000c6400000|  0%| F|  |TAMS 0x00000000c6300000, 0x00000000c6300000| Untracked 
|  76|0x00000000c6400000, 0x00000000c6400000, 0x00000000c6500000|  0%| F|  |TAMS 0x00000000c6400000, 0x00000000c6400000| Untracked 
|  77|0x00000000c6500000, 0x00000000c6500000, 0x00000000c6600000|  0%| F|  |TAMS 0x00000000c6500000, 0x00000000c6500000| Untracked 
|  78|0x00000000c6600000, 0x00000000c6600000, 0x00000000c6700000|  0%| F|  |TAMS 0x00000000c6600000, 0x00000000c6600000| Untracked 
|  79|0x00000000c6700000, 0x00000000c6700000, 0x00000000c6800000|  0%| F|  |TAMS 0x00000000c6700000, 0x00000000c6700000| Untracked 
|  80|0x00000000c6800000, 0x00000000c6800000, 0x00000000c6900000|  0%| F|  |TAMS 0x00000000c6800000, 0x00000000c6800000| Untracked 
|  81|0x00000000c6900000, 0x00000000c6a00000, 0x00000000c6a00000|100%| E|  |TAMS 0x00000000c6900000, 0x00000000c6900000| Complete 
|  82|0x00000000c6a00000, 0x00000000c6b00000, 0x00000000c6b00000|100%| E|CS|TAMS 0x00000000c6a00000, 0x00000000c6a00000| Complete 
|  83|0x00000000c6b00000, 0x00000000c6c00000, 0x00000000c6c00000|100%| E|CS|TAMS 0x00000000c6b00000, 0x00000000c6b00000| Complete 
|  84|0x00000000c6c00000, 0x00000000c6d00000, 0x00000000c6d00000|100%| E|CS|TAMS 0x00000000c6c00000, 0x00000000c6c00000| Complete 
|  85|0x00000000c6d00000, 0x00000000c6e00000, 0x00000000c6e00000|100%| E|CS|TAMS 0x00000000c6d00000, 0x00000000c6d00000| Complete 
|  86|0x00000000c6e00000, 0x00000000c6f00000, 0x00000000c6f00000|100%| E|CS|TAMS 0x00000000c6e00000, 0x00000000c6e00000| Complete 
|  87|0x00000000c6f00000, 0x00000000c7000000, 0x00000000c7000000|100%| E|CS|TAMS 0x00000000c6f00000, 0x00000000c6f00000| Complete 
|  88|0x00000000c7000000, 0x00000000c7100000, 0x00000000c7100000|100%| E|CS|TAMS 0x00000000c7000000, 0x00000000c7000000| Complete 
|  89|0x00000000c7100000, 0x00000000c7200000, 0x00000000c7200000|100%| E|CS|TAMS 0x00000000c7100000, 0x00000000c7100000| Complete 
|  90|0x00000000c7200000, 0x00000000c7300000, 0x00000000c7300000|100%| E|CS|TAMS 0x00000000c7200000, 0x00000000c7200000| Complete 
|  91|0x00000000c7300000, 0x00000000c7400000, 0x00000000c7400000|100%| E|CS|TAMS 0x00000000c7300000, 0x00000000c7300000| Complete 
|  92|0x00000000c7400000, 0x00000000c7500000, 0x00000000c7500000|100%| E|CS|TAMS 0x00000000c7400000, 0x00000000c7400000| Complete 
|  93|0x00000000c7500000, 0x00000000c7600000, 0x00000000c7600000|100%| E|CS|TAMS 0x00000000c7500000, 0x00000000c7500000| Complete 

Card table byte_map: [0x000001ab238c0000,0x000001ab23ac0000] _byte_map_base: 0x000001ab232b4000

Marking Bits (Prev, Next): (CMBitMap*) 0x000001ab0d0166f0, (CMBitMap*) 0x000001ab0d0166b8
 Prev Bits: [0x000001ab24c60000, 0x000001ab25c00000)
 Next Bits: [0x000001ab23cc0000, 0x000001ab24c60000)

Polling page: 0x000001ab0c7b0000

Metaspace:

Usage:
  Non-class:     51.87 MB capacity,    51.17 MB ( 99%) used,   572.55 KB (  1%) free+waste,   144.25 KB ( <1%) overhead. 
      Class:      7.79 MB capacity,     7.35 MB ( 94%) used,   392.19 KB (  5%) free+waste,    67.31 KB ( <1%) overhead. 
       Both:     59.67 MB capacity,    58.52 MB ( 98%) used,   964.74 KB (  2%) free+waste,   211.56 KB ( <1%) overhead. 

Virtual space:
  Non-class space:       54.00 MB reserved,      52.09 MB ( 96%) committed 
      Class space:        1.00 GB reserved,       7.87 MB ( <1%) committed 
             Both:        1.05 GB reserved,      59.96 MB (  6%) committed 

Chunk freelists:
   Non-Class:  4.50 KB
       Class:  2.25 KB
        Both:  6.75 KB

CodeHeap 'non-profiled nmethods': size=120064Kb used=3271Kb max_used=3271Kb free=116792Kb
 bounds [0x000001ab1c180000, 0x000001ab1c4c0000, 0x000001ab236c0000]
CodeHeap 'profiled nmethods': size=120000Kb used=14125Kb max_used=14125Kb free=105874Kb
 bounds [0x000001ab14c50000, 0x000001ab15a20000, 0x000001ab1c180000]
CodeHeap 'non-nmethods': size=5696Kb used=1239Kb max_used=1276Kb free=4456Kb
 bounds [0x000001ab146c0000, 0x000001ab14930000, 0x000001ab14c50000]
 total_blobs=6851 nmethods=6237 adapters=524
 compilation: enabled
              stopped_count=0, restarted_count=0
 full_count=0

Compilation events (10 events):
Event: 13.718 Thread 0x000001ab28126000 6272       2       jdk.xml.internal.XMLSecurityManager$NameMap::getOldName (18 bytes)
Event: 13.718 Thread 0x000001ab28126000 nmethod 6272 0x000001ab15a17490 code [0x000001ab15a17640, 0x000001ab15a17788]
Event: 13.718 Thread 0x000001ab28126000 6273   !   2       jdk.xml.internal.SecuritySupport::readJAXPProperty (147 bytes)
Event: 13.722 Thread 0x000001ab28126000 nmethod 6273 0x000001ab15a17890 code [0x000001ab15a17c60, 0x000001ab15a18f78]
Event: 13.722 Thread 0x000001ab28126000 6274       1       com.fasterxml.jackson.databind.SerializationFeature::enabledByDefault (5 bytes)
Event: 13.722 Thread 0x000001ab28126000 nmethod 6274 0x000001ab1c4b1990 code [0x000001ab1c4b1b20, 0x000001ab1c4b1bd8]
Event: 13.722 Thread 0x000001ab28126000 6275       2       com.fasterxml.jackson.databind.type.ClassKey::<init> (29 bytes)
Event: 13.722 Thread 0x000001ab28126000 nmethod 6275 0x000001ab15a1a010 code [0x000001ab15a1a1c0, 0x000001ab15a1a3d8]
Event: 13.744 Thread 0x000001ab28126000 6276       2       sun.reflect.generics.reflectiveObjects.WildcardTypeImpl::getUpperBounds (34 bytes)
Event: 13.744 Thread 0x000001ab28126000 nmethod 6276 0x000001ab15a1a510 code [0x000001ab15a1a6c0, 0x000001ab15a1a978]

GC Heap History (10 events):
Event: 6.291 GC heap before
{Heap before GC invocations=10 (full 0):
 garbage-first heap   total 78848K, used 46964K [0x00000000c1800000, 0x0000000100000000)
  region size 1024K, 36 young (36864K), 4 survivors (4096K)
 Metaspace       used 39597K, capacity 40540K, committed 40656K, reserved 1085440K
  class space    used 4648K, capacity 5019K, committed 5116K, reserved 1048576K
}
Event: 6.314 GC heap after
{Heap after GC invocations=11 (full 0):
 garbage-first heap   total 96256K, used 20889K [0x00000000c1800000, 0x0000000100000000)
  region size 1024K, 5 young (5120K), 5 survivors (5120K)
 Metaspace       used 39597K, capacity 40540K, committed 40656K, reserved 1085440K
  class space    used 4648K, capacity 5019K, committed 5116K, reserved 1048576K
}
Event: 7.242 GC heap before
{Heap before GC invocations=11 (full 0):
 garbage-first heap   total 96256K, used 58777K [0x00000000c1800000, 0x0000000100000000)
  region size 1024K, 42 young (43008K), 5 survivors (5120K)
 Metaspace       used 45454K, capacity 46471K, committed 46800K, reserved 1089536K
  class space    used 5384K, capacity 5780K, committed 5884K, reserved 1048576K
}
Event: 7.253 GC heap after
{Heap after GC invocations=12 (full 0):
 garbage-first heap   total 96256K, used 24546K [0x00000000c1800000, 0x0000000100000000)
  region size 1024K, 4 young (4096K), 4 survivors (4096K)
 Metaspace       used 45454K, capacity 46471K, committed 46800K, reserved 1089536K
  class space    used 5384K, capacity 5780K, committed 5884K, reserved 1048576K
}
Event: 8.325 GC heap before
{Heap before GC invocations=12 (full 0):
 garbage-first heap   total 96256K, used 62434K [0x00000000c1800000, 0x0000000100000000)
  region size 1024K, 41 young (41984K), 4 survivors (4096K)
 Metaspace       used 51607K, capacity 52638K, committed 52944K, reserved 1095680K
  class space    used 6366K, capacity 6787K, committed 6908K, reserved 1048576K
}
Event: 8.335 GC heap after
{Heap after GC invocations=13 (full 0):
 garbage-first heap   total 96256K, used 25493K [0x00000000c1800000, 0x0000000100000000)
  region size 1024K, 5 young (5120K), 5 survivors (5120K)
 Metaspace       used 51607K, capacity 52638K, committed 52944K, reserved 1095680K
  class space    used 6366K, capacity 6787K, committed 6908K, reserved 1048576K
}
Event: 9.793 GC heap before
{Heap before GC invocations=13 (full 0):
 garbage-first heap   total 96256K, used 64405K [0x00000000c1800000, 0x0000000100000000)
  region size 1024K, 43 young (44032K), 5 survivors (5120K)
 Metaspace       used 56259K, capacity 57326K, committed 57424K, reserved 1099776K
  class space    used 7063K, capacity 7487K, committed 7548K, reserved 1048576K
}
Event: 9.805 GC heap after
{Heap after GC invocations=14 (full 0):
 garbage-first heap   total 96256K, used 27118K [0x00000000c1800000, 0x0000000100000000)
  region size 1024K, 3 young (3072K), 3 survivors (3072K)
 Metaspace       used 56259K, capacity 57326K, committed 57424K, reserved 1099776K
  class space    used 7063K, capacity 7487K, committed 7548K, reserved 1048576K
}
Event: 12.788 GC heap before
{Heap before GC invocations=14 (full 0):
 garbage-first heap   total 96256K, used 66030K [0x00000000c1800000, 0x0000000100000000)
  region size 1024K, 42 young (43008K), 3 survivors (3072K)
 Metaspace       used 59338K, capacity 60404K, committed 60508K, reserved 1101824K
  class space    used 7426K, capacity 7840K, committed 7932K, reserved 1048576K
}
Event: 12.799 GC heap after
{Heap after GC invocations=15 (full 0):
 garbage-first heap   total 96256K, used 29013K [0x00000000c1800000, 0x0000000100000000)
  region size 1024K, 5 young (5120K), 5 survivors (5120K)
 Metaspace       used 59338K, capacity 60404K, committed 60508K, reserved 1101824K
  class space    used 7426K, capacity 7840K, committed 7932K, reserved 1048576K
}

Deoptimization events (10 events):
Event: 10.979 Thread 0x000001ab0cfe8000 Uncommon trap: reason=unstable_if action=reinterpret pc=0x000001ab1c2fe68c method=org.springframework.asm.Frame.merge(Lorg/springframework/asm/SymbolTable;I[II)Z @ 87 c2
Event: 10.980 Thread 0x000001ab0cfe8000 Uncommon trap: reason=unstable_if action=reinterpret pc=0x000001ab1c2d6cb0 method=org.springframework.asm.Frame.merge(Lorg/springframework/asm/SymbolTable;I[II)Z @ 87 c2
Event: 11.075 Thread 0x000001ab0cfe8000 Uncommon trap: reason=unstable_if action=reinterpret pc=0x000001ab1c2eb9a0 method=org.springframework.aop.framework.autoproxy.AbstractAutoProxyCreator.predictBeanType(Ljava/lang/Class;Ljava/lang/String;)Ljava/lang/Class; @ 9 c2
Event: 11.075 Thread 0x000001ab0cfe8000 Uncommon trap: reason=unstable_if action=reinterpret pc=0x000001ab1c2d2628 method=org.springframework.beans.factory.support.AbstractAutowireCapableBeanFactory.predictBeanType(Ljava/lang/String;Lorg/springframework/beans/factory/support/RootBeanDefinition;
Event: 11.077 Thread 0x000001ab0cfe8000 Uncommon trap: reason=class_check action=maybe_recompile pc=0x000001ab1c2e6e2c method=org.springframework.beans.factory.support.AbstractBeanFactory.isTypeMatch(Ljava/lang/String;Lorg/springframework/core/ResolvableType;)Z @ 47 c2
Event: 11.149 Thread 0x000001ab0cfe8000 Uncommon trap: reason=class_check action=maybe_recompile pc=0x000001ab1c2e6e2c method=org.springframework.beans.factory.support.AbstractBeanFactory.isTypeMatch(Ljava/lang/String;Lorg/springframework/core/ResolvableType;)Z @ 47 c2
Event: 11.660 Thread 0x000001ab2bb3a800 Uncommon trap: reason=unstable_if action=reinterpret pc=0x000001ab1c440320 method=java.net.URL.<init>(Ljava/net/URL;Ljava/lang/String;Ljava/net/URLStreamHandler;)V @ 57 c2
Event: 11.660 Thread 0x000001ab2bb3a800 Uncommon trap: reason=unstable_if action=reinterpret pc=0x000001ab1c3a2c38 method=java.net.URLStreamHandler.parseURL(Ljava/net/URL;Ljava/lang/String;II)V @ 57 c2
Event: 13.668 Thread 0x000001ab0cfe8000 Uncommon trap: reason=unstable_if action=reinterpret pc=0x000001ab1c2ed4e4 method=java.util.concurrent.ConcurrentHashMap.putVal(Ljava/lang/Object;Ljava/lang/Object;Z)Ljava/lang/Object; @ 401 c2
Event: 13.676 Thread 0x000001ab0cfe8000 Uncommon trap: reason=unstable_if action=reinterpret pc=0x000001ab1c36b3e4 method=java.util.concurrent.ConcurrentHashMap.get(Ljava/lang/Object;)Ljava/lang/Object; @ 86 c2

Classes redefined (0 events):
No events

Internal exceptions (10 events):
Event: 12.811 Thread 0x000001ab0cfe8000 Exception <a 'java/lang/ClassNotFoundException'{0x00000000c753b5e0}: org/springframework/web/servlet/config/annotation/DelegatingWebMvcConfigurationCustomizer> (0x00000000c753b5e0) thrown at [./open/src/hotspot/share/classfile/systemDictionary.cpp, line 2
Event: 12.814 Thread 0x000001ab0cfe8000 Exception <a 'java/lang/ClassNotFoundException'{0x00000000c754d8a0}: org/springframework/boot/autoconfigure/web/servlet/WebMvcAutoConfiguration$EnableWebMvcConfigurationCustomizer> (0x00000000c754d8a0) thrown at [./open/src/hotspot/share/classfile/systemD
Event: 12.817 Thread 0x000001ab0cfe8000 Exception <a 'java/lang/ClassNotFoundException'{0x00000000c75640d0}: org/springframework/boot/autoconfigure/web/servlet/WebMvcAutoConfiguration$EnableWebMvcConfiguration$$EnhancerBySpringCGLIB$$34286ccCustomizer> (0x00000000c75640d0) thrown at [./open/src
Event: 12.828 Thread 0x000001ab0cfe8000 Exception <a 'java/lang/ClassNotFoundException'{0x00000000c75873c8}: org/springframework/context/annotation/ConfigurationClassEnhancer$EnhancedConfigurationCustomizer> (0x00000000c75873c8) thrown at [./open/src/hotspot/share/classfile/systemDictionary.cpp
Event: 12.829 Thread 0x000001ab0cfe8000 Exception <a 'java/lang/ClassNotFoundException'{0x00000000c7591518}: org/springframework/beans/factory/BeanFactoryAwareCustomizer> (0x00000000c7591518) thrown at [./open/src/hotspot/share/classfile/systemDictionary.cpp, line 226]
Event: 12.830 Thread 0x000001ab0cfe8000 Exception <a 'java/lang/ClassNotFoundException'{0x00000000c759b620}: org/springframework/beans/factory/AwareCustomizer> (0x00000000c759b620) thrown at [./open/src/hotspot/share/classfile/systemDictionary.cpp, line 226]
Event: 12.830 Thread 0x000001ab0cfe8000 Exception <a 'java/lang/ClassNotFoundException'{0x00000000c75a5748}: org/springframework/context/ApplicationContextAwareCustomizer> (0x00000000c75a5748) thrown at [./open/src/hotspot/share/classfile/systemDictionary.cpp, line 226]
Event: 12.832 Thread 0x000001ab0cfe8000 Exception <a 'java/lang/ClassNotFoundException'{0x00000000c75afc88}: org/springframework/beans/factory/AwareCustomizer> (0x00000000c75afc88) thrown at [./open/src/hotspot/share/classfile/systemDictionary.cpp, line 226]
Event: 12.833 Thread 0x000001ab0cfe8000 Exception <a 'java/lang/ClassNotFoundException'{0x00000000c75b9d78}: org/springframework/web/context/ServletContextAwareCustomizer> (0x00000000c75b9d78) thrown at [./open/src/hotspot/share/classfile/systemDictionary.cpp, line 226]
Event: 12.835 Thread 0x000001ab0cfe8000 Exception <a 'java/lang/ClassNotFoundException'{0x00000000c75c3d90}: org/springframework/beans/factory/AwareCustomizer> (0x00000000c75c3d90) thrown at [./open/src/hotspot/share/classfile/systemDictionary.cpp, line 226]

Events (10 events):
Event: 13.752 loading class org/springframework/data/geo/format/PointFormatter
Event: 13.752 loading class org/springframework/data/geo/format/PointFormatter done
Event: 13.754 loading class org/springframework/data/repository/support/DomainClassConverter
Event: 13.754 loading class org/springframework/data/repository/support/DomainClassConverter done
Event: 13.806 loading class org/springframework/data/repository/support/Repositories
Event: 13.806 loading class org/springframework/data/repository/support/Repositories done
Event: 13.823 loading class org/springframework/data/repository/support/Repositories$EmptyRepositoryFactoryInformation
Event: 13.823 loading class org/springframework/data/repository/support/Repositories$EmptyRepositoryFactoryInformation done
Event: 13.828 loading class org/springframework/data/repository/support/DomainClassConverter$ToEntityConverter
Event: 13.828 loading class org/springframework/data/repository/support/DomainClassConverter$ToEntityConverter done


Dynamic libraries:
0x00007ff778eb0000 - 0x00007ff778ec0000 	C:\Program Files\Java\jdk-11\bin\javaw.exe
0x00007ffca96e0000 - 0x00007ffca98d0000 	C:\Windows\SYSTEM32\ntdll.dll
0x00007ffca95e0000 - 0x00007ffca9692000 	C:\Windows\System32\KERNEL32.DLL
0x00007ffca74e0000 - 0x00007ffca7783000 	C:\Windows\System32\KERNELBASE.dll
0x00007ffca73e0000 - 0x00007ffca74da000 	C:\Windows\System32\ucrtbase.dll
0x00007ffc844f0000 - 0x00007ffc8450b000 	C:\Program Files\Java\jdk-11\bin\VCRUNTIME140.dll
0x00007ffc83a50000 - 0x00007ffc83a69000 	C:\Program Files\Java\jdk-11\bin\jli.dll
0x00007ffca7870000 - 0x00007ffca7913000 	C:\Windows\System32\ADVAPI32.dll
0x00007ffca84b0000 - 0x00007ffca854e000 	C:\Windows\System32\msvcrt.dll
0x00007ffca8360000 - 0x00007ffca83f7000 	C:\Windows\System32\sechost.dll
0x00007ffca8090000 - 0x00007ffca81b0000 	C:\Windows\System32\RPCRT4.dll
0x00007ffca7e90000 - 0x00007ffca8024000 	C:\Windows\System32\USER32.dll
0x00007ffca00e0000 - 0x00007ffca0365000 	C:\Windows\WinSxS\amd64_microsoft.windows.common-controls_6595b64144ccf1df_6.0.18362.535_none_e6c3b34713100821\COMCTL32.dll
0x00007ffca7140000 - 0x00007ffca7161000 	C:\Windows\System32\win32u.dll
0x00007ffca9200000 - 0x00007ffca9226000 	C:\Windows\System32\GDI32.dll
0x00007ffca79a0000 - 0x00007ffca7cd6000 	C:\Windows\System32\combase.dll
0x00007ffca6670000 - 0x00007ffca6804000 	C:\Windows\System32\gdi32full.dll
0x00007ffca7170000 - 0x00007ffca720e000 	C:\Windows\System32\msvcp_win.dll
0x00007ffca6fe0000 - 0x00007ffca7060000 	C:\Windows\System32\bcryptPrimitives.dll
0x00007ffc9ce50000 - 0x00007ffc9ce5a000 	C:\Windows\SYSTEM32\VERSION.dll
0x00007ffca7790000 - 0x00007ffca77be000 	C:\Windows\System32\IMM32.DLL
0x00007ffc9f620000 - 0x00007ffc9f62c000 	C:\Program Files\Java\jdk-11\bin\vcruntime140_1.dll
0x00007ffc75160000 - 0x00007ffc751ee000 	C:\Program Files\Java\jdk-11\bin\msvcp140.dll
0x00007ffc626d0000 - 0x00007ffc6323d000 	C:\Program Files\Java\jdk-11\bin\server\jvm.dll
0x00007ffca9230000 - 0x00007ffca9238000 	C:\Windows\System32\PSAPI.DLL
0x00007ffca44d0000 - 0x00007ffca44d9000 	C:\Windows\SYSTEM32\WSOCK32.dll
0x00007ffca43d0000 - 0x00007ffca43f4000 	C:\Windows\SYSTEM32\WINMM.dll
0x00007ffca8570000 - 0x00007ffca85df000 	C:\Windows\System32\WS2_32.dll
0x00007ffca43a0000 - 0x00007ffca43cd000 	C:\Windows\SYSTEM32\winmmbase.dll
0x00007ffca6810000 - 0x00007ffca685a000 	C:\Windows\System32\cfgmgr32.dll
0x00007ffca65c0000 - 0x00007ffca65d1000 	C:\Windows\System32\kernel.appcore.dll
0x00007ffc97210000 - 0x00007ffc97220000 	C:\Program Files\Java\jdk-11\bin\verify.dll
0x00007ffc95f70000 - 0x00007ffc96164000 	C:\Windows\SYSTEM32\DBGHELP.DLL
0x00007ffc959c0000 - 0x00007ffc959ea000 	C:\Windows\SYSTEM32\dbgcore.DLL
0x00007ffc78690000 - 0x00007ffc786b8000 	C:\Program Files\Java\jdk-11\bin\java.dll
0x00007ffc971f0000 - 0x00007ffc971fa000 	C:\Program Files\Java\jdk-11\bin\jimage.dll
0x00007ffc773f0000 - 0x00007ffc77407000 	C:\Program Files\Java\jdk-11\bin\zip.dll
0x00007ffca8ab0000 - 0x00007ffca9195000 	C:\Windows\System32\SHELL32.dll
0x00007ffca77c0000 - 0x00007ffca7869000 	C:\Windows\System32\shcore.dll
0x00007ffca6860000 - 0x00007ffca6fdf000 	C:\Windows\System32\windows.storage.dll
0x00007ffca6650000 - 0x00007ffca666f000 	C:\Windows\System32\profapi.dll
0x00007ffca65e0000 - 0x00007ffca662a000 	C:\Windows\System32\powrprof.dll
0x00007ffca65b0000 - 0x00007ffca65c0000 	C:\Windows\System32\UMPDC.dll
0x00007ffca8030000 - 0x00007ffca8082000 	C:\Windows\System32\shlwapi.dll
0x00007ffca7210000 - 0x00007ffca7227000 	C:\Windows\System32\cryptsp.dll
0x00007ffc773d0000 - 0x00007ffc773e9000 	C:\Program Files\Java\jdk-11\bin\net.dll
0x00007ffc9d920000 - 0x00007ffc9da10000 	C:\Windows\SYSTEM32\WINHTTP.dll
0x00007ffca5e20000 - 0x00007ffca5e87000 	C:\Windows\system32\mswsock.dll
0x00007ffc773b0000 - 0x00007ffc773c2000 	C:\Program Files\Java\jdk-11\bin\nio.dll
0x00007ffc95ee0000 - 0x00007ffc95ee9000 	C:\Program Files\Java\jdk-11\bin\management.dll
0x00007ffc949f0000 - 0x00007ffc949fb000 	C:\Program Files\Java\jdk-11\bin\management_ext.dll
0x00007ffc8ad50000 - 0x00007ffc8ad66000 	C:\Windows\system32\napinsp.dll
0x00007ffc8ac60000 - 0x00007ffc8ac7a000 	C:\Windows\system32\pnrpnsp.dll
0x00007ffca5b70000 - 0x00007ffca5c3a000 	C:\Windows\SYSTEM32\DNSAPI.dll
0x00007ffca7920000 - 0x00007ffca7928000 	C:\Windows\System32\NSI.dll
0x00007ffca5b30000 - 0x00007ffca5b6a000 	C:\Windows\SYSTEM32\IPHLPAPI.DLL
0x00007ffc8ad40000 - 0x00007ffc8ad4e000 	C:\Windows\System32\winrnr.dll
0x00007ffca4250000 - 0x00007ffca426c000 	C:\Windows\system32\NLAapi.dll
0x00007ffc88470000 - 0x00007ffc88485000 	C:\Windows\system32\wshbth.dll
0x00007ffc9ce40000 - 0x00007ffc9ce4a000 	C:\Windows\System32\rasadhlp.dll
0x00007ffca0410000 - 0x00007ffca0487000 	C:\Windows\System32\fwpuclnt.dll
0x00007ffca7060000 - 0x00007ffca7086000 	C:\Windows\System32\bcrypt.dll
0x00007ffca5990000 - 0x00007ffca59c3000 	C:\Windows\system32\rsaenh.dll
0x00007ffca64a0000 - 0x00007ffca64c5000 	C:\Windows\SYSTEM32\USERENV.dll
0x00007ffca5ff0000 - 0x00007ffca5ffc000 	C:\Windows\SYSTEM32\CRYPTBASE.dll
0x00007ffca0960000 - 0x00007ffca0976000 	C:\Windows\SYSTEM32\dhcpcsvc6.DLL
0x00007ffca10d0000 - 0x00007ffca10ec000 	C:\Windows\SYSTEM32\dhcpcsvc.DLL

dbghelp: loaded successfully - version: 4.0.5 - missing functions: none
symbol engine: initialized successfully - sym options: 0x614 - pdb path: .;C:\Program Files\Java\jdk-11\bin;C:\Windows\SYSTEM32;C:\Windows\WinSxS\amd64_microsoft.windows.common-controls_6595b64144ccf1df_6.0.18362.535_none_e6c3b34713100821;C:\Program Files\Java\jdk-11\bin\server

VM Arguments:
jvm_args: -Dfile.encoding=Cp1252 
java_command: webgiay.StartServerJava
java_class_path (initial): E:\DoAn\WebGiay\target\classes;C:\Users\Admin\.m2\repository\org\springframework\boot\spring-boot-starter-web\2.1.4.RELEASE\spring-boot-starter-web-2.1.4.RELEASE.jar;C:\Users\Admin\.m2\repository\org\springframework\boot\spring-boot-starter\2.1.4.RELEASE\spring-boot-starter-2.1.4.RELEASE.jar;C:\Users\Admin\.m2\repository\org\springframework\boot\spring-boot\2.1.4.RELEASE\spring-boot-2.1.4.RELEASE.jar;C:\Users\Admin\.m2\repository\org\springframework\boot\spring-boot-autoconfigure\2.1.4.RELEASE\spring-boot-autoconfigure-2.1.4.RELEASE.jar;C:\Users\Admin\.m2\repository\org\springframework\boot\spring-boot-starter-logging\2.1.4.RELEASE\spring-boot-starter-logging-2.1.4.RELEASE.jar;C:\Users\Admin\.m2\repository\ch\qos\logback\logback-classic\1.2.3\logback-classic-1.2.3.jar;C:\Users\Admin\.m2\repository\ch\qos\logback\logback-core\1.2.3\logback-core-1.2.3.jar;C:\Users\Admin\.m2\repository\org\apache\logging\log4j\log4j-to-slf4j\2.11.2\log4j-to-slf4j-2.11.2.jar;C:\Users\Admin\.m2\repository\org\apache\logging\log4j\log4j-api\2.11.2\log4j-api-2.11.2.jar;C:\Users\Admin\.m2\repository\org\slf4j\jul-to-slf4j\1.7.26\jul-to-slf4j-1.7.26.jar;C:\Users\Admin\.m2\repository\javax\annotation\javax.annotation-api\1.3.2\javax.annotation-api-1.3.2.jar;C:\Users\Admin\.m2\repository\org\springframework\spring-core\5.1.6.RELEASE\spring-core-5.1.6.RELEASE.jar;C:\Users\Admin\.m2\repository\org\springframework\spring-jcl\5.1.6.RELEASE\spring-jcl-5.1.6.RELEASE.jar;C:\Users\Admin\.m2\repository\org\yaml\snakeyaml\1.23\snakeyaml-1.23.jar;C:\Users\Admin\.m2\repository\org\springframework\boot\spring-boot-starter-json\2.1.4.RELEASE\spring-boot-starter-json-2.1.4.RELEASE.jar;C:\Users\Admin\.m2\repository\com\fasterxml\jackson\core\jackson-databind\2.9.8\jackson-databind-2.9.8.jar;C:\Users\Admin\.m2\repository\com\fasterxml\jackson\core\jackson-annotations\2.9.0\jackson-annotations-2.9.0.jar;C:\Users\Admin\.m2\repository\com\fasterxml\jackson\core\jackson-core\2.9.8\jack
Launcher Type: SUN_STANDARD

[Global flags]
     intx CICompilerCount                          = 3                                         {product} {ergonomic}
     uint ConcGCThreads                            = 1                                         {product} {ergonomic}
     uint G1ConcRefinementThreads                  = 4                                         {product} {ergonomic}
   size_t G1HeapRegionSize                         = 1048576                                   {product} {ergonomic}
    uintx GCDrainStackTargetSize                   = 64                                        {product} {ergonomic}
   size_t InitialHeapSize                          = 67108864                                  {product} {ergonomic}
   size_t MarkStackSize                            = 4194304                                   {product} {ergonomic}
   size_t MaxHeapSize                              = 1048576000                                {product} {ergonomic}
   size_t MaxNewSize                               = 629145600                                 {product} {ergonomic}
   size_t MinHeapDeltaBytes                        = 1048576                                   {product} {ergonomic}
    uintx NonNMethodCodeHeapSize                   = 5830732                                {pd product} {ergonomic}
    uintx NonProfiledCodeHeapSize                  = 122913754                              {pd product} {ergonomic}
    uintx ProfiledCodeHeapSize                     = 122913754                              {pd product} {ergonomic}
    uintx ReservedCodeCacheSize                    = 251658240                              {pd product} {ergonomic}
     bool SegmentedCodeCache                       = true                                      {product} {ergonomic}
     bool UseCompressedClassPointers               = true                                 {lp64_product} {ergonomic}
     bool UseCompressedOops                        = true                                 {lp64_product} {ergonomic}
     bool UseG1GC                                  = true                                      {product} {ergonomic}
     bool UseLargePagesIndividualAllocation        = false                                  {pd product} {ergonomic}

Logging:
Log output configuration:
 #0: stdout all=warning uptime,level,tags
 #1: stderr all=off uptime,level,tags

Environment Variables:
JAVA_HOME=C:\Program Files\Java\jdk-11
PATH=C:/Users/Admin/Downloads/eclipse-jee-2020-12-R-win32-x86_64/eclipse//plugins/org.eclipse.justj.openjdk.hotspot.jre.full.win32.x86_64_15.0.1.v20201027-0507/jre/bin/server;C:/Users/Admin/Downloads/eclipse-jee-2020-12-R-win32-x86_64/eclipse//plugins/org.eclipse.justj.openjdk.hotspot.jre.full.win32.x86_64_15.0.1.v20201027-0507/jre/bin;C:\ProgramData\Oracle\Java\javapath;C:\Program Files\Common Files\Oracle\Java\javapath;C:\Windows\system32;C:\Windows;C:\Windows\System32\Wbem;C:\Windows\System32\WindowsPowerShell\v1.0\;C:\Windows\System32\OpenSSH\;C:\Program Files\Microsoft SQL Server\Client SDK\ODBC\170\Tools\Binn\;C:\Program Files (x86)\Microsoft SQL Server\150\Tools\Binn\;C:\Program Files\Microsoft SQL Server\150\Tools\Binn\;C:\Program Files\Microsoft SQL Server\150\DTS\Binn\;C:\Program Files\Azure Data Studio\bin;C:\Program Files (x86)\Microsoft SQL Server\150\DTS\Binn\;C:\Program Files (x86)\Rational\common;C:\Program Files\Git\cmd;C:\Program Files\Java\jdk1.8.0_112\bin;C:\Program Files\Java\jdk1.8.0_45\bin;C:\Program Files\Java\jdk-11\bin;C:\Program Files\Java\jdk-21\bin;C:\Program Files\Microsoft SQL Server\130\Tools\Binn\;C:\Program Files\TortoiseSVN\bin;C:\Program Files\MySQL\MySQL Shell 8.0\bin\;C:\Users\Admin\AppData\Local\Microsoft\WindowsApps;C:\Users\Admin\AppData\Local\Programs\Microsoft VS Code\bin;C:\Program Files\Azure Data Studio\bin;C:\Users\Admin\AppData\Local\GitHubDesktop\bin;C:\Users\Admin\Downloads\eclipse-jee-2020-12-R-win32-x86_64\eclipse;
USERNAME=Admin
OS=Windows_NT
PROCESSOR_IDENTIFIER=Intel64 Family 6 Model 61 Stepping 4, GenuineIntel



---------------  S Y S T E M  ---------------

OS: Windows 10 , 64 bit Build 18362 (10.0.18362.329)

CPU:total 4 (initial active 4) (2 cores per cpu, 2 threads per core) family 6 model 61 stepping 4 microcode 0x2f, cmov, cx8, fxsr, mmx, sse, sse2, sse3, ssse3, sse4.1, sse4.2, popcnt, avx, avx2, aes, clmul, erms, 3dnowpref, lzcnt, ht, tsc, tscinvbit, bmi1, bmi2, adx, fma

Memory: 4k page, system-wide physical 3996M (350M free)
TotalPageFile size 8092M (AvailPageFile size 7M)
current process WorkingSet (physical memory assigned to process): 241M, peak: 244M
current process commit charge ("private bytes"): 285M, peak: 287M

vm_info: Java HotSpot(TM) 64-Bit Server VM (11.0.20+9-LTS-256) for windows-amd64 JRE (11.0.20+9-LTS-256), built on Jun 14 2023 10:34:22 by "mach5one" with MS VC++ 17.1 (VS2022)

END.
