#
# There is insufficient memory for the Java Runtime Environment to continue.
# Native memory allocation (malloc) failed to allocate 65936 bytes for Chunk::new
# Possible reasons:
#   The system is out of physical RAM or swap space
#   The process is running with CompressedOops enabled, and the Java Heap may be blocking the growth of the native heap
# Possible solutions:
#   Reduce memory load on the system
#   Increase physical memory or swap space
#   Check if swap backing store is full
#   Decrease Java heap size (-Xmx/-Xms)
#   Decrease number of Java threads
#   Decrease Java thread stack sizes (-Xss)
#   Set larger code cache with -XX:ReservedCodeCacheSize=
#   JVM is running with Unscaled Compressed Oops mode in which the Java heap is
#     placed in the first 4GB address space. The Java Heap base address is the
#     maximum limit for the native heap growth. Please use -XX:HeapBaseMinAddress
#     to set the Java Heap base and to place the Java Heap above 4GB virtual address.
# This output file may be truncated or incomplete.
#
#  Out of Memory Error (./open/src/hotspot/share/memory/arena.cpp:197), pid=6672, tid=5904
#
# JRE version: Java(TM) SE Runtime Environment 18.9 (11.0.20+9) (build 11.0.20+9-LTS-256)
# Java VM: Java HotSpot(TM) 64-Bit Server VM 18.9 (11.0.20+9-LTS-256, mixed mode, tiered, compressed oops, g1 gc, windows-amd64)
# No core dump will be written. Minidumps are not enabled by default on client versions of Windows
#

---------------  S U M M A R Y ------------

Command Line: -Dfile.encoding=Cp1252 webgiay.StartServerJava

Host: Intel(R) Core(TM) i5-5200U CPU @ 2.20GHz, 4 cores, 3G,  Windows 10 , 64 bit Build 18362 (10.0.18362.329)
Time: Tue Apr 23 18:15:46 2024 SE Asia Standard Time elapsed time: 56.652291 seconds (0d 0h 0m 56s)

---------------  T H R E A D  ---------------

Current thread (0x000002d37a957800):  JavaThread "C2 CompilerThread0" daemon [_thread_in_native, id=5904, stack(0x000000e191400000,0x000000e191500000)]


Current CompileTask:
C2:  56652 7636       4       org.springframework.util.StringUtils::uriDecode (240 bytes)

Stack: [0x000000e191400000,0x000000e191500000]
Native frames: (J=compiled Java code, j=interpreted, Vv=VM code, C=native code)
V  [jvm.dll+0x6602ba]
V  [jvm.dll+0x7a32af]
V  [jvm.dll+0x7a4979]
V  [jvm.dll+0x7a5013]
V  [jvm.dll+0x258ef5]
V  [jvm.dll+0xb2a0c]
V  [jvm.dll+0xb2fcc]
V  [jvm.dll+0x367691]
V  [jvm.dll+0x1a2992]
V  [jvm.dll+0x211d4d]
V  [jvm.dll+0x210bc8]
V  [jvm.dll+0x18cdb1]
V  [jvm.dll+0x220e59]
V  [jvm.dll+0x21f17c]
V  [jvm.dll+0x767061]
V  [jvm.dll+0x75f8e4]
V  [jvm.dll+0x65f165]
C  [ucrtbase.dll+0x20e72]
C  [KERNEL32.DLL+0x17bd4]
C  [ntdll.dll+0x6ced1]


---------------  P R O C E S S  ---------------

Threads class SMR info:
_java_thread_list=0x000002d37e8bb290, length=29, elements={
0x000002d37a930800, 0x000002d37a93a000, 0x000002d37a94d000, 0x000002d37a94f800,
0x000002d37a952800, 0x000002d37a957800, 0x000002d37a9ab800, 0x000002d37a9ac800,
0x000002d37b416000, 0x000002d37eb9d800, 0x000002d37eb9e800, 0x000002d37eb9f800,
0x000002d37eba0000, 0x000002d37eba1000, 0x000002d37eba2000, 0x000002d37eba2800,
0x000002d37eb9d000, 0x000002d37eba3800, 0x000002d37e3b1000, 0x000002d37e3af000,
0x000002d37e3b1800, 0x000002d37e3b4000, 0x000002d37e3b0000, 0x000002d37e3ae800,
0x000002d37e3b5000, 0x000002d37e3b5800, 0x000002d37e3b6800, 0x000002d37e3b7800,
0x000002d37e3b3000
}

Java Threads: ( => current thread )
  0x000002d37a930800 JavaThread "Reference Handler" daemon [_thread_blocked, id=9592, stack(0x000000e190f00000,0x000000e191000000)]
  0x000002d37a93a000 JavaThread "Finalizer" daemon [_thread_blocked, id=7460, stack(0x000000e191000000,0x000000e191100000)]
  0x000002d37a94d000 JavaThread "Signal Dispatcher" daemon [_thread_blocked, id=4140, stack(0x000000e191100000,0x000000e191200000)]
  0x000002d37a94f800 JavaThread "Attach Listener" daemon [_thread_blocked, id=11252, stack(0x000000e191200000,0x000000e191300000)]
  0x000002d37a952800 JavaThread "Service Thread" daemon [_thread_blocked, id=9976, stack(0x000000e191300000,0x000000e191400000)]
=>0x000002d37a957800 JavaThread "C2 CompilerThread0" daemon [_thread_in_native, id=5904, stack(0x000000e191400000,0x000000e191500000)]
  0x000002d37a9ab800 JavaThread "C1 CompilerThread0" daemon [_thread_blocked, id=4996, stack(0x000000e191500000,0x000000e191600000)]
  0x000002d37a9ac800 JavaThread "Sweeper thread" daemon [_thread_blocked, id=1784, stack(0x000000e191600000,0x000000e191700000)]
  0x000002d37b416000 JavaThread "Common-Cleaner" daemon [_thread_blocked, id=2072, stack(0x000000e191800000,0x000000e191900000)]
  0x000002d37eb9d800 JavaThread "Catalina-utility-1" [_thread_blocked, id=11020, stack(0x000000e191a00000,0x000000e191b00000)]
  0x000002d37eb9e800 JavaThread "Catalina-utility-2" [_thread_blocked, id=8228, stack(0x000000e191f00000,0x000000e192000000)]
  0x000002d37eb9f800 JavaThread "container-0" [_thread_blocked, id=10816, stack(0x000000e192000000,0x000000e192100000)]
  0x000002d37eba0000 JavaThread "mysql-cj-abandoned-connection-cleanup" daemon [_thread_blocked, id=1128, stack(0x000000e192100000,0x000000e192200000)]
  0x000002d37eba1000 JavaThread "HikariPool-1 housekeeper" daemon [_thread_blocked, id=11088, stack(0x000000e192300000,0x000000e192400000)]
  0x000002d37eba2000 JavaThread "NioBlockingSelector.BlockPoller-1" daemon [_thread_in_native, id=10064, stack(0x000000e192400000,0x000000e192500000)]
  0x000002d37eba2800 JavaThread "http-nio-9090-exec-1" daemon [_thread_blocked, id=3388, stack(0x000000e192500000,0x000000e192600000)]
  0x000002d37eb9d000 JavaThread "http-nio-9090-exec-2" daemon [_thread_blocked, id=3760, stack(0x000000e192600000,0x000000e192700000)]
  0x000002d37eba3800 JavaThread "http-nio-9090-exec-3" daemon [_thread_blocked, id=10364, stack(0x000000e192700000,0x000000e192800000)]
  0x000002d37e3b1000 JavaThread "http-nio-9090-exec-4" daemon [_thread_blocked, id=7772, stack(0x000000e192800000,0x000000e192900000)]
  0x000002d37e3af000 JavaThread "http-nio-9090-exec-5" daemon [_thread_blocked, id=9404, stack(0x000000e192900000,0x000000e192a00000)]
  0x000002d37e3b1800 JavaThread "http-nio-9090-exec-6" daemon [_thread_blocked, id=9644, stack(0x000000e192a00000,0x000000e192b00000)]
  0x000002d37e3b4000 JavaThread "http-nio-9090-exec-7" daemon [_thread_blocked, id=5384, stack(0x000000e192b00000,0x000000e192c00000)]
  0x000002d37e3b0000 JavaThread "http-nio-9090-exec-8" daemon [_thread_blocked, id=10924, stack(0x000000e192c00000,0x000000e192d00000)]
  0x000002d37e3ae800 JavaThread "http-nio-9090-exec-9" daemon [_thread_blocked, id=9240, stack(0x000000e192d00000,0x000000e192e00000)]
  0x000002d37e3b5000 JavaThread "http-nio-9090-exec-10" daemon [_thread_blocked, id=10044, stack(0x000000e192e00000,0x000000e192f00000)]
  0x000002d37e3b5800 JavaThread "http-nio-9090-ClientPoller-0" daemon [_thread_in_native, id=3032, stack(0x000000e192f00000,0x000000e193000000)]
  0x000002d37e3b6800 JavaThread "http-nio-9090-ClientPoller-1" daemon [_thread_in_native, id=6536, stack(0x000000e193000000,0x000000e193100000)]
  0x000002d37e3b7800 JavaThread "http-nio-9090-Acceptor-0" daemon [_thread_in_native, id=8936, stack(0x000000e193100000,0x000000e193200000)]
  0x000002d37e3b3000 JavaThread "DestroyJavaVM" [_thread_blocked, id=2904, stack(0x000000e190800000,0x000000e190900000)]

Other Threads:
  0x000002d37a90e800 VMThread "VM Thread" [stack: 0x000000e190e00000,0x000000e190f00000] [id=3952]
  0x000002d37b410800 WatcherThread [stack: 0x000000e191700000,0x000000e191800000] [id=1488]
  0x000002d35f87f000 GCTaskThread "GC Thread#0" [stack: 0x000000e190900000,0x000000e190a00000] [id=1080]
  0x000002d37c1de000 GCTaskThread "GC Thread#1" [stack: 0x000000e191b00000,0x000000e191c00000] [id=8088]
  0x000002d37c071000 GCTaskThread "GC Thread#2" [stack: 0x000000e191c00000,0x000000e191d00000] [id=8948]
  0x000002d37c0b6800 GCTaskThread "GC Thread#3" [stack: 0x000000e191d00000,0x000000e191e00000] [id=10736]
  0x000002d35f899800 ConcurrentGCThread "G1 Main Marker" [stack: 0x000000e190a00000,0x000000e190b00000] [id=8304]
  0x000002d35f89c000 ConcurrentGCThread "G1 Conc#0" [stack: 0x000000e190b00000,0x000000e190c00000] [id=7100]
  0x000002d35f8f5000 ConcurrentGCThread "G1 Refine#0" [stack: 0x000000e190c00000,0x000000e190d00000] [id=10284]
  0x000002d37c0d8800 ConcurrentGCThread "G1 Refine#1" [stack: 0x000000e191e00000,0x000000e191f00000] [id=4256]
  0x000002d35f8f9000 ConcurrentGCThread "G1 Young RemSet Sampling" [stack: 0x000000e190d00000,0x000000e190e00000] [id=7244]

Threads with active compile tasks:
C2 CompilerThread0    56741 7636       4       org.springframework.util.StringUtils::uriDecode (240 bytes)

VM state:not at safepoint (normal execution)

VM Mutex/Monitor currently owned by a thread: None

Heap address: 0x00000000c1800000, size: 1000 MB, Compressed Oops mode: 32-bit
Narrow klass base: 0x0000000000000000, Narrow klass shift: 3
Compressed class space size: 1073741824 Address: 0x0000000100000000

Heap:
 garbage-first heap   total 95232K, used 59163K [0x00000000c1800000, 0x0000000100000000)
  region size 1024K, 30 young (30720K), 5 survivors (5120K)
 Metaspace       used 74717K, capacity 76055K, committed 76204K, reserved 1116160K
  class space    used 8912K, capacity 9413K, committed 9472K, reserved 1048576K
Heap Regions: E=young(eden), S=young(survivor), O=old, HS=humongous(starts), HC=humongous(continues), CS=collection set, F=free, A=archive, TAMS=top-at-mark-start (previous, next)
|   0|0x00000000c1800000, 0x00000000c1900000, 0x00000000c1900000|100%|HS|  |TAMS 0x00000000c1900000, 0x00000000c1800000| Complete 
|   1|0x00000000c1900000, 0x00000000c1a00000, 0x00000000c1a00000|100%| O|  |TAMS 0x00000000c1a00000, 0x00000000c1900000| Untracked 
|   2|0x00000000c1a00000, 0x00000000c1b00000, 0x00000000c1b00000|100%| O|  |TAMS 0x00000000c1b00000, 0x00000000c1a00000| Untracked 
|   3|0x00000000c1b00000, 0x00000000c1c00000, 0x00000000c1c00000|100%| O|  |TAMS 0x00000000c1c00000, 0x00000000c1b00000| Untracked 
|   4|0x00000000c1c00000, 0x00000000c1d00000, 0x00000000c1d00000|100%| O|  |TAMS 0x00000000c1d00000, 0x00000000c1c00000| Untracked 
|   5|0x00000000c1d00000, 0x00000000c1e00000, 0x00000000c1e00000|100%| O|  |TAMS 0x00000000c1e00000, 0x00000000c1d00000| Untracked 
|   6|0x00000000c1e00000, 0x00000000c1f00000, 0x00000000c1f00000|100%| O|  |TAMS 0x00000000c1f00000, 0x00000000c1e00000| Untracked 
|   7|0x00000000c1f00000, 0x00000000c2000000, 0x00000000c2000000|100%| O|  |TAMS 0x00000000c2000000, 0x00000000c1f00000| Untracked 
|   8|0x00000000c2000000, 0x00000000c2100000, 0x00000000c2100000|100%| O|  |TAMS 0x00000000c2100000, 0x00000000c2000000| Untracked 
|   9|0x00000000c2100000, 0x00000000c2200000, 0x00000000c2200000|100%| O|  |TAMS 0x00000000c2200000, 0x00000000c2100000| Untracked 
|  10|0x00000000c2200000, 0x00000000c2300000, 0x00000000c2300000|100%| O|  |TAMS 0x00000000c2300000, 0x00000000c2200000| Untracked 
|  11|0x00000000c2300000, 0x00000000c2400000, 0x00000000c2400000|100%| O|  |TAMS 0x00000000c2400000, 0x00000000c2300000| Untracked 
|  12|0x00000000c2400000, 0x00000000c2500000, 0x00000000c2500000|100%| O|  |TAMS 0x00000000c2500000, 0x00000000c2400000| Untracked 
|  13|0x00000000c2500000, 0x00000000c2600000, 0x00000000c2600000|100%| O|  |TAMS 0x00000000c2600000, 0x00000000c2500000| Untracked 
|  14|0x00000000c2600000, 0x00000000c2700000, 0x00000000c2700000|100%| O|  |TAMS 0x00000000c2700000, 0x00000000c2600000| Untracked 
|  15|0x00000000c2700000, 0x00000000c2800000, 0x00000000c2800000|100%| O|  |TAMS 0x00000000c2800000, 0x00000000c2700000| Untracked 
|  16|0x00000000c2800000, 0x00000000c2900000, 0x00000000c2900000|100%| O|  |TAMS 0x00000000c2900000, 0x00000000c2800000| Untracked 
|  17|0x00000000c2900000, 0x00000000c2a00000, 0x00000000c2a00000|100%| O|  |TAMS 0x00000000c2a00000, 0x00000000c2900000| Untracked 
|  18|0x00000000c2a00000, 0x00000000c2b00000, 0x00000000c2b00000|100%| O|  |TAMS 0x00000000c2b00000, 0x00000000c2a00000| Untracked 
|  19|0x00000000c2b00000, 0x00000000c2c00000, 0x00000000c2c00000|100%| O|  |TAMS 0x00000000c2c00000, 0x00000000c2b00000| Untracked 
|  20|0x00000000c2c00000, 0x00000000c2d00000, 0x00000000c2d00000|100%| O|  |TAMS 0x00000000c2d00000, 0x00000000c2c00000| Untracked 
|  21|0x00000000c2d00000, 0x00000000c2e00000, 0x00000000c2e00000|100%| O|  |TAMS 0x00000000c2e00000, 0x00000000c2d00000| Untracked 
|  22|0x00000000c2e00000, 0x00000000c2f00000, 0x00000000c2f00000|100%| O|  |TAMS 0x00000000c2f00000, 0x00000000c2e00000| Untracked 
|  23|0x00000000c2f00000, 0x00000000c3000000, 0x00000000c3000000|100%| O|  |TAMS 0x00000000c3000000, 0x00000000c2f00000| Untracked 
|  24|0x00000000c3000000, 0x00000000c3100000, 0x00000000c3100000|100%| O|  |TAMS 0x00000000c3000000, 0x00000000c3000000| Untracked 
|  25|0x00000000c3100000, 0x00000000c3200000, 0x00000000c3200000|100%| O|  |TAMS 0x00000000c3100000, 0x00000000c3100000| Untracked 
|  26|0x00000000c3200000, 0x00000000c3300000, 0x00000000c3300000|100%| O|  |TAMS 0x00000000c3200000, 0x00000000c3200000| Untracked 
|  27|0x00000000c3300000, 0x00000000c3400000, 0x00000000c3400000|100%| O|  |TAMS 0x00000000c3300000, 0x00000000c3300000| Untracked 
|  28|0x00000000c3400000, 0x00000000c3500000, 0x00000000c3500000|100%| O|  |TAMS 0x00000000c3400000, 0x00000000c3400000| Untracked 
|  29|0x00000000c3500000, 0x00000000c3563800, 0x00000000c3600000| 38%| O|  |TAMS 0x00000000c3500000, 0x00000000c3500000| Untracked 
|  30|0x00000000c3600000, 0x00000000c3600000, 0x00000000c3700000|  0%| F|  |TAMS 0x00000000c3600000, 0x00000000c3600000| Untracked 
|  31|0x00000000c3700000, 0x00000000c3700000, 0x00000000c3800000|  0%| F|  |TAMS 0x00000000c3700000, 0x00000000c3700000| Untracked 
|  32|0x00000000c3800000, 0x00000000c3800000, 0x00000000c3900000|  0%| F|  |TAMS 0x00000000c3800000, 0x00000000c3800000| Untracked 
|  33|0x00000000c3900000, 0x00000000c3900000, 0x00000000c3a00000|  0%| F|  |TAMS 0x00000000c3900000, 0x00000000c3900000| Untracked 
|  34|0x00000000c3a00000, 0x00000000c3a00000, 0x00000000c3b00000|  0%| F|  |TAMS 0x00000000c3a00000, 0x00000000c3a00000| Untracked 
|  35|0x00000000c3b00000, 0x00000000c3b00000, 0x00000000c3c00000|  0%| F|  |TAMS 0x00000000c3b00000, 0x00000000c3b00000| Untracked 
|  36|0x00000000c3c00000, 0x00000000c3c00000, 0x00000000c3d00000|  0%| F|  |TAMS 0x00000000c3c00000, 0x00000000c3c00000| Untracked 
|  37|0x00000000c3d00000, 0x00000000c3d00000, 0x00000000c3e00000|  0%| F|  |TAMS 0x00000000c3d00000, 0x00000000c3d00000| Untracked 
|  38|0x00000000c3e00000, 0x00000000c3e00000, 0x00000000c3f00000|  0%| F|  |TAMS 0x00000000c3e00000, 0x00000000c3e00000| Untracked 
|  39|0x00000000c3f00000, 0x00000000c3f00000, 0x00000000c4000000|  0%| F|  |TAMS 0x00000000c3f00000, 0x00000000c3f00000| Untracked 
|  40|0x00000000c4000000, 0x00000000c4000000, 0x00000000c4100000|  0%| F|  |TAMS 0x00000000c4000000, 0x00000000c4000000| Untracked 
|  41|0x00000000c4100000, 0x00000000c4100000, 0x00000000c4200000|  0%| F|  |TAMS 0x00000000c4100000, 0x00000000c4100000| Untracked 
|  42|0x00000000c4200000, 0x00000000c4200000, 0x00000000c4300000|  0%| F|  |TAMS 0x00000000c4200000, 0x00000000c4200000| Untracked 
|  43|0x00000000c4300000, 0x00000000c4300000, 0x00000000c4400000|  0%| F|  |TAMS 0x00000000c4300000, 0x00000000c4300000| Untracked 
|  44|0x00000000c4400000, 0x00000000c4400000, 0x00000000c4500000|  0%| F|  |TAMS 0x00000000c4400000, 0x00000000c4400000| Untracked 
|  45|0x00000000c4500000, 0x00000000c4500000, 0x00000000c4600000|  0%| F|  |TAMS 0x00000000c4500000, 0x00000000c4500000| Untracked 
|  46|0x00000000c4600000, 0x00000000c4600000, 0x00000000c4700000|  0%| F|  |TAMS 0x00000000c4600000, 0x00000000c4600000| Untracked 
|  47|0x00000000c4700000, 0x00000000c4700000, 0x00000000c4800000|  0%| F|  |TAMS 0x00000000c4700000, 0x00000000c4700000| Untracked 
|  48|0x00000000c4800000, 0x00000000c4863430, 0x00000000c4900000| 38%| S|CS|TAMS 0x00000000c4800000, 0x00000000c4800000| Complete 
|  49|0x00000000c4900000, 0x00000000c4900000, 0x00000000c4a00000|  0%| F|  |TAMS 0x00000000c4900000, 0x00000000c4900000| Untracked 
|  50|0x00000000c4a00000, 0x00000000c4b00000, 0x00000000c4b00000|100%| S|CS|TAMS 0x00000000c4a00000, 0x00000000c4a00000| Complete 
|  51|0x00000000c4b00000, 0x00000000c4c00000, 0x00000000c4c00000|100%| S|CS|TAMS 0x00000000c4b00000, 0x00000000c4b00000| Complete 
|  52|0x00000000c4c00000, 0x00000000c4d00000, 0x00000000c4d00000|100%| S|CS|TAMS 0x00000000c4c00000, 0x00000000c4c00000| Complete 
|  53|0x00000000c4d00000, 0x00000000c4e00000, 0x00000000c4e00000|100%| S|CS|TAMS 0x00000000c4d00000, 0x00000000c4d00000| Complete 
|  54|0x00000000c4e00000, 0x00000000c4e00000, 0x00000000c4f00000|  0%| F|  |TAMS 0x00000000c4e00000, 0x00000000c4e00000| Untracked 
|  55|0x00000000c4f00000, 0x00000000c4f00000, 0x00000000c5000000|  0%| F|  |TAMS 0x00000000c4f00000, 0x00000000c4f00000| Untracked 
|  56|0x00000000c5000000, 0x00000000c5000000, 0x00000000c5100000|  0%| F|  |TAMS 0x00000000c5000000, 0x00000000c5000000| Untracked 
|  57|0x00000000c5100000, 0x00000000c5100000, 0x00000000c5200000|  0%| F|  |TAMS 0x00000000c5100000, 0x00000000c5100000| Untracked 
|  58|0x00000000c5200000, 0x00000000c5200000, 0x00000000c5300000|  0%| F|  |TAMS 0x00000000c5200000, 0x00000000c5200000| Untracked 
|  59|0x00000000c5300000, 0x00000000c5300000, 0x00000000c5400000|  0%| F|  |TAMS 0x00000000c5300000, 0x00000000c5300000| Untracked 
|  60|0x00000000c5400000, 0x00000000c5400000, 0x00000000c5500000|  0%| F|  |TAMS 0x00000000c5400000, 0x00000000c5400000| Untracked 
|  61|0x00000000c5500000, 0x00000000c5500000, 0x00000000c5600000|  0%| F|  |TAMS 0x00000000c5500000, 0x00000000c5500000| Untracked 
|  62|0x00000000c5600000, 0x00000000c5600000, 0x00000000c5700000|  0%| F|  |TAMS 0x00000000c5600000, 0x00000000c5600000| Untracked 
|  63|0x00000000c5700000, 0x00000000c5700000, 0x00000000c5800000|  0%| F|  |TAMS 0x00000000c5700000, 0x00000000c5700000| Untracked 
|  64|0x00000000c5800000, 0x00000000c5800000, 0x00000000c5900000|  0%| F|  |TAMS 0x00000000c5800000, 0x00000000c5800000| Untracked 
|  65|0x00000000c5900000, 0x00000000c5900000, 0x00000000c5a00000|  0%| F|  |TAMS 0x00000000c5900000, 0x00000000c5900000| Untracked 
|  66|0x00000000c5a00000, 0x00000000c5a00000, 0x00000000c5b00000|  0%| F|  |TAMS 0x00000000c5a00000, 0x00000000c5a00000| Untracked 
|  67|0x00000000c5b00000, 0x00000000c5b00000, 0x00000000c5c00000|  0%| F|  |TAMS 0x00000000c5b00000, 0x00000000c5b00000| Untracked 
|  68|0x00000000c5c00000, 0x00000000c5cd1a20, 0x00000000c5d00000| 81%| E|  |TAMS 0x00000000c5c00000, 0x00000000c5c00000| Complete 
|  69|0x00000000c5d00000, 0x00000000c5e00000, 0x00000000c5e00000|100%| E|CS|TAMS 0x00000000c5d00000, 0x00000000c5d00000| Complete 
|  70|0x00000000c5e00000, 0x00000000c5f00000, 0x00000000c5f00000|100%| E|CS|TAMS 0x00000000c5e00000, 0x00000000c5e00000| Complete 
|  71|0x00000000c5f00000, 0x00000000c6000000, 0x00000000c6000000|100%| E|CS|TAMS 0x00000000c5f00000, 0x00000000c5f00000| Complete 
|  72|0x00000000c6000000, 0x00000000c6100000, 0x00000000c6100000|100%| E|CS|TAMS 0x00000000c6000000, 0x00000000c6000000| Complete 
|  73|0x00000000c6100000, 0x00000000c6200000, 0x00000000c6200000|100%| E|CS|TAMS 0x00000000c6100000, 0x00000000c6100000| Complete 
|  74|0x00000000c6200000, 0x00000000c6300000, 0x00000000c6300000|100%| E|CS|TAMS 0x00000000c6200000, 0x00000000c6200000| Complete 
|  75|0x00000000c6300000, 0x00000000c6400000, 0x00000000c6400000|100%| E|CS|TAMS 0x00000000c6300000, 0x00000000c6300000| Complete 
|  76|0x00000000c6400000, 0x00000000c6500000, 0x00000000c6500000|100%| E|CS|TAMS 0x00000000c6400000, 0x00000000c6400000| Complete 
|  77|0x00000000c6500000, 0x00000000c6600000, 0x00000000c6600000|100%| E|CS|TAMS 0x00000000c6500000, 0x00000000c6500000| Complete 
|  78|0x00000000c6600000, 0x00000000c6700000, 0x00000000c6700000|100%| E|CS|TAMS 0x00000000c6600000, 0x00000000c6600000| Complete 
|  79|0x00000000c6700000, 0x00000000c6800000, 0x00000000c6800000|100%| E|CS|TAMS 0x00000000c6700000, 0x00000000c6700000| Complete 
|  80|0x00000000c6800000, 0x00000000c6900000, 0x00000000c6900000|100%| E|CS|TAMS 0x00000000c6800000, 0x00000000c6800000| Complete 
|  81|0x00000000c6900000, 0x00000000c6a00000, 0x00000000c6a00000|100%| E|CS|TAMS 0x00000000c6900000, 0x00000000c6900000| Complete 
|  82|0x00000000c6a00000, 0x00000000c6b00000, 0x00000000c6b00000|100%| E|CS|TAMS 0x00000000c6a00000, 0x00000000c6a00000| Complete 
|  83|0x00000000c6b00000, 0x00000000c6c00000, 0x00000000c6c00000|100%| E|CS|TAMS 0x00000000c6b00000, 0x00000000c6b00000| Complete 
|  84|0x00000000c6c00000, 0x00000000c6d00000, 0x00000000c6d00000|100%| E|CS|TAMS 0x00000000c6c00000, 0x00000000c6c00000| Complete 
|  85|0x00000000c6d00000, 0x00000000c6e00000, 0x00000000c6e00000|100%| E|CS|TAMS 0x00000000c6d00000, 0x00000000c6d00000| Complete 
|  86|0x00000000c6e00000, 0x00000000c6f00000, 0x00000000c6f00000|100%| E|CS|TAMS 0x00000000c6e00000, 0x00000000c6e00000| Complete 
|  87|0x00000000c6f00000, 0x00000000c7000000, 0x00000000c7000000|100%| E|CS|TAMS 0x00000000c6f00000, 0x00000000c6f00000| Complete 
|  88|0x00000000c7000000, 0x00000000c7100000, 0x00000000c7100000|100%| E|CS|TAMS 0x00000000c7000000, 0x00000000c7000000| Complete 
|  89|0x00000000c7100000, 0x00000000c7200000, 0x00000000c7200000|100%| E|CS|TAMS 0x00000000c7100000, 0x00000000c7100000| Complete 
|  90|0x00000000c7200000, 0x00000000c7300000, 0x00000000c7300000|100%| E|CS|TAMS 0x00000000c7200000, 0x00000000c7200000| Complete 
|  91|0x00000000c7300000, 0x00000000c7400000, 0x00000000c7400000|100%| E|CS|TAMS 0x00000000c7300000, 0x00000000c7300000| Complete 
|  92|0x00000000c7400000, 0x00000000c7500000, 0x00000000c7500000|100%| E|CS|TAMS 0x00000000c7400000, 0x00000000c7400000| Complete 

Card table byte_map: [0x000002d376140000,0x000002d376340000] _byte_map_base: 0x000002d375b34000

Marking Bits (Prev, Next): (CMBitMap*) 0x000002d35f894ed0, (CMBitMap*) 0x000002d35f894e98
 Prev Bits: [0x000002d3774e0000, 0x000002d378480000)
 Next Bits: [0x000002d376540000, 0x000002d3774e0000)

Polling page: 0x000002d35d700000

Metaspace:

Usage:
  Non-class:     65.08 MB capacity,    64.26 MB ( 99%) used,   665.53 KB ( <1%) free+waste,   171.56 KB ( <1%) overhead. 
      Class:      9.19 MB capacity,     8.70 MB ( 95%) used,   423.13 KB (  4%) free+waste,    77.13 KB ( <1%) overhead. 
       Both:     74.27 MB capacity,    72.97 MB ( 98%) used,     1.06 MB (  1%) free+waste,   248.69 KB ( <1%) overhead. 

Virtual space:
  Non-class space:       66.00 MB reserved,      65.17 MB ( 99%) committed 
      Class space:        1.00 GB reserved,       9.25 MB ( <1%) committed 
             Both:        1.06 GB reserved,      74.42 MB (  7%) committed 

Chunk freelists:
   Non-Class:  3.25 KB
       Class:  0 bytes
        Both:  3.25 KB

CodeHeap 'non-profiled nmethods': size=120064Kb used=4374Kb max_used=4374Kb free=115689Kb
 bounds [0x000002d36ea00000, 0x000002d36ee50000, 0x000002d375f40000]
CodeHeap 'profiled nmethods': size=120000Kb used=18846Kb max_used=18846Kb free=101153Kb
 bounds [0x000002d3674d0000, 0x000002d368740000, 0x000002d36ea00000]
CodeHeap 'non-nmethods': size=5696Kb used=1272Kb max_used=1336Kb free=4423Kb
 bounds [0x000002d366f40000, 0x000002d3671b0000, 0x000002d3674d0000]
 total_blobs=8214 nmethods=7549 adapters=574
 compilation: enabled
              stopped_count=0, restarted_count=0
 full_count=0

Compilation events (10 events):
Event: 56.638 Thread 0x000002d37a9ab800 7640       3       org.springframework.util.MimeType$SpecificityComparator::compare (103 bytes)
Event: 56.640 Thread 0x000002d37a9ab800 nmethod 7640 0x000002d368732e10 code [0x000002d368733160, 0x000002d368734dc8]
Event: 56.640 Thread 0x000002d37a9ab800 7638       1       org.springframework.util.LinkedCaseInsensitiveMap::removeEldestEntry (2 bytes)
Event: 56.640 Thread 0x000002d37a9ab800 nmethod 7638 0x000002d36ee44e10 code [0x000002d36ee44fa0, 0x000002d36ee45058]
Event: 56.640 Thread 0x000002d37a9ab800 7642       1       org.apache.catalina.core.ContainerBase::getName (5 bytes)
Event: 56.640 Thread 0x000002d37a9ab800 nmethod 7642 0x000002d36ee45110 code [0x000002d36ee452a0, 0x000002d36ee45358]
Event: 56.640 Thread 0x000002d37a9ab800 7637       3       org.springframework.web.servlet.mvc.method.RequestMappingInfoHandlerMapping::getMatchingMapping (10 bytes)
Event: 56.641 Thread 0x000002d37a9ab800 nmethod 7637 0x000002d368735310 code [0x000002d3687354c0, 0x000002d3687357c8]
Event: 56.641 Thread 0x000002d37a9ab800 7643       3       org.apache.catalina.connector.RequestFacade::setAttribute (33 bytes)
Event: 56.641 Thread 0x000002d37a9ab800 nmethod 7643 0x000002d368735910 code [0x000002d368735ae0, 0x000002d368735d88]

GC Heap History (10 events):
Event: 14.394 GC heap before
{Heap before GC invocations=14 (full 0):
 garbage-first heap   total 95232K, used 61930K [0x00000000c1800000, 0x0000000100000000)
  region size 1024K, 39 young (39936K), 4 survivors (4096K)
 Metaspace       used 57461K, capacity 58546K, committed 58796K, reserved 1099776K
  class space    used 7208K, capacity 7617K, committed 7680K, reserved 1048576K
}
Event: 14.401 GC heap after
{Heap after GC invocations=15 (full 0):
 garbage-first heap   total 95232K, used 27455K [0x00000000c1800000, 0x0000000100000000)
  region size 1024K, 3 young (3072K), 3 survivors (3072K)
 Metaspace       used 57461K, capacity 58546K, committed 58796K, reserved 1099776K
  class space    used 7208K, capacity 7617K, committed 7680K, reserved 1048576K
}
Event: 15.078 GC heap before
{Heap before GC invocations=15 (full 0):
 garbage-first heap   total 95232K, used 40767K [0x00000000c1800000, 0x0000000100000000)
  region size 1024K, 17 young (17408K), 3 survivors (3072K)
 Metaspace       used 58527K, capacity 59591K, committed 59692K, reserved 1101824K
  class space    used 7346K, capacity 7752K, committed 7808K, reserved 1048576K
}
Event: 15.086 GC heap after
{Heap after GC invocations=16 (full 0):
 garbage-first heap   total 95232K, used 28019K [0x00000000c1800000, 0x0000000100000000)
  region size 1024K, 4 young (4096K), 4 survivors (4096K)
 Metaspace       used 58527K, capacity 59591K, committed 59692K, reserved 1101824K
  class space    used 7346K, capacity 7752K, committed 7808K, reserved 1048576K
}
Event: 16.538 GC heap before
{Heap before GC invocations=17 (full 0):
 garbage-first heap   total 95232K, used 62835K [0x00000000c1800000, 0x0000000100000000)
  region size 1024K, 38 young (38912K), 4 survivors (4096K)
 Metaspace       used 60927K, capacity 62174K, committed 62380K, reserved 1103872K
  class space    used 7650K, capacity 8125K, committed 8192K, reserved 1048576K
}
Event: 16.549 GC heap after
{Heap after GC invocations=18 (full 0):
 garbage-first heap   total 95232K, used 30459K [0x00000000c1800000, 0x0000000100000000)
  region size 1024K, 5 young (5120K), 5 survivors (5120K)
 Metaspace       used 60927K, capacity 62174K, committed 62380K, reserved 1103872K
  class space    used 7650K, capacity 8125K, committed 8192K, reserved 1048576K
}
Event: 22.193 GC heap before
{Heap before GC invocations=18 (full 0):
 garbage-first heap   total 95232K, used 64251K [0x00000000c1800000, 0x0000000100000000)
  region size 1024K, 39 young (39936K), 5 survivors (5120K)
 Metaspace       used 66446K, capacity 67733K, committed 67884K, reserved 1107968K
  class space    used 8295K, capacity 8783K, committed 8832K, reserved 1048576K
}
Event: 22.204 GC heap after
{Heap after GC invocations=19 (full 0):
 garbage-first heap   total 95232K, used 32637K [0x00000000c1800000, 0x0000000100000000)
  region size 1024K, 5 young (5120K), 5 survivors (5120K)
 Metaspace       used 66446K, capacity 67733K, committed 67884K, reserved 1107968K
  class space    used 8295K, capacity 8783K, committed 8832K, reserved 1048576K
}
Event: 23.374 GC heap before
{Heap before GC invocations=19 (full 0):
 garbage-first heap   total 95232K, used 67453K [0x00000000c1800000, 0x0000000100000000)
  region size 1024K, 40 young (40960K), 5 survivors (5120K)
 Metaspace       used 72532K, capacity 73815K, committed 74028K, reserved 1114112K
  class space    used 8746K, capacity 9232K, committed 9344K, reserved 1048576K
}
Event: 23.386 GC heap after
{Heap after GC invocations=20 (full 0):
 garbage-first heap   total 95232K, used 34587K [0x00000000c1800000, 0x0000000100000000)
  region size 1024K, 5 young (5120K), 5 survivors (5120K)
 Metaspace       used 72532K, capacity 73815K, committed 74028K, reserved 1114112K
  class space    used 8746K, capacity 9232K, committed 9344K, reserved 1048576K
}

Deoptimization events (10 events):
Event: 23.682 Thread 0x000002d37eba2800 Uncommon trap: reason=unstable_if action=reinterpret pc=0x000002d36eddf458 method=org.eclipse.jdt.internal.compiler.parser.Parser.consumeRule(I)V @ 1 c2
Event: 23.689 Thread 0x000002d37eba2800 Uncommon trap: reason=class_check action=maybe_recompile pc=0x000002d36ed6673c method=jdk.internal.loader.URLClassPath.getLoader(I)Ljdk/internal/loader/URLClassPath$Loader; @ 88 c2
Event: 23.775 Thread 0x000002d37eba2800 Uncommon trap: reason=unstable_if action=reinterpret pc=0x000002d36edf6e2c method=org.eclipse.jdt.internal.compiler.lookup.TypeBinding.equalsEquals(Lorg/eclipse/jdt/internal/compiler/lookup/TypeBinding;Lorg/eclipse/jdt/internal/compiler/lookup/TypeBinding
Event: 23.830 Thread 0x000002d37eba2800 Uncommon trap: reason=loop_limit_check action=maybe_recompile pc=0x000002d36ede911c method=org.eclipse.jdt.internal.compiler.lookup.ReferenceBinding.compare([C[CII)I @ 46 c2
Event: 24.045 Thread 0x000002d37eba2800 Uncommon trap: reason=class_check action=maybe_recompile pc=0x000002d36ed6673c method=jdk.internal.loader.URLClassPath.getLoader(I)Ljdk/internal/loader/URLClassPath$Loader; @ 88 c2
Event: 24.046 Thread 0x000002d37eba2800 Uncommon trap: reason=unstable_if action=reinterpret pc=0x000002d36ec693d4 method=java.lang.ClassLoader.checkCerts(Ljava/lang/String;Ljava/security/CodeSource;)V @ 45 c2
Event: 24.419 Thread 0x000002d37eb9d000 Uncommon trap: reason=unstable_if action=reinterpret pc=0x000002d36ea6bad8 method=java.util.Objects.equals(Ljava/lang/Object;Ljava/lang/Object;)Z @ 6 c2
Event: 24.446 Thread 0x000002d37eb9d000 Uncommon trap: reason=bimorphic_or_optimized_type_check action=maybe_recompile pc=0x000002d36ed82868 method=java.util.concurrent.ConcurrentHashMap.putVal(Ljava/lang/Object;Ljava/lang/Object;Z)Ljava/lang/Object; @ 159 c2
Event: 24.446 Thread 0x000002d37eb9d000 Uncommon trap: reason=bimorphic_or_optimized_type_check action=maybe_recompile pc=0x000002d36ed82868 method=java.util.concurrent.ConcurrentHashMap.putVal(Ljava/lang/Object;Ljava/lang/Object;Z)Ljava/lang/Object; @ 159 c2
Event: 33.841 Thread 0x000002d37e3b0000 Uncommon trap: reason=null_check action=make_not_entrant pc=0x000002d36ed9638c method=java.lang.StringCoding.encode(Ljava/lang/String;B[B)[B @ 6 c2

Classes redefined (0 events):
No events

Internal exceptions (10 events):
Event: 22.536 Thread 0x000002d37eba2800 Exception <a 'java/lang/ClassNotFoundException'{0x00000000c6f2b1b0}: org/apache/taglibs/standard/tag/rt/core/ForEachTagCustomizer> (0x00000000c6f2b1b0) thrown at [./open/src/hotspot/share/classfile/systemDictionary.cpp, line 226]
Event: 22.886 Thread 0x000002d37eba2800 Exception <a 'java/lang/ArrayIndexOutOfBoundsException'{0x00000000c5e810e0}: Index 62181 out of bounds for length 62181> (0x00000000c5e810e0) thrown at [./open/src/hotspot/share/interpreter/interpreterRuntime.cpp, line 444]
Event: 23.687 Thread 0x000002d37eba2800 Exception <a 'java/lang/ArrayIndexOutOfBoundsException'{0x00000000c6f45c98}: Index 20237 out of bounds for length 20237> (0x00000000c6f45c98) thrown at [./open/src/hotspot/share/interpreter/interpreterRuntime.cpp, line 444]
Event: 23.775 Thread 0x000002d37eba2800 Implicit null exception at 0x000002d36edf6db8 to 0x000002d36edf6e18
Event: 24.076 Thread 0x000002d37eba2800 Exception <a 'java/lang/ClassNotFoundException'{0x00000000c69756e0}: webgiay/model/ProductBeanInfo> (0x00000000c69756e0) thrown at [./open/src/hotspot/share/classfile/systemDictionary.cpp, line 226]
Event: 24.077 Thread 0x000002d37eba2800 Exception <a 'java/lang/ClassNotFoundException'{0x00000000c69b8698}: webgiay/model/BaseModelBeanInfo> (0x00000000c69b8698) thrown at [./open/src/hotspot/share/classfile/systemDictionary.cpp, line 226]
Event: 24.078 Thread 0x000002d37eba2800 Exception <a 'java/lang/ClassNotFoundException'{0x00000000c69c1ed0}: webgiay/model/BaseModelCustomizer> (0x00000000c69c1ed0) thrown at [./open/src/hotspot/share/classfile/systemDictionary.cpp, line 226]
Event: 24.080 Thread 0x000002d37eba2800 Exception <a 'java/lang/ClassNotFoundException'{0x00000000c69d1780}: webgiay/model/ProductCustomizer> (0x00000000c69d1780) thrown at [./open/src/hotspot/share/classfile/systemDictionary.cpp, line 226]
Event: 24.118 Thread 0x000002d37eba2800 Exception <a 'java/lang/ArrayIndexOutOfBoundsException'{0x00000000c68fe510}> (0x00000000c68fe510) thrown at [./open/src/hotspot/share/runtime/sharedRuntime.cpp, line 605]
Event: 33.841 Thread 0x000002d37e3b0000 Implicit null exception at 0x000002d36ed938c9 to 0x000002d36ed96358

Events (10 events):
Event: 33.906 loading class org/apache/catalina/webresources/AbstractArchiveResourceSet
Event: 33.906 loading class org/apache/catalina/webresources/AbstractArchiveResourceSet done
Event: 33.912 Thread 0x000002d37cc26000 Thread added: 0x000002d37cc26000
Event: 34.876 Thread 0x000002d37cc26000 Thread exited: 0x000002d37cc26000
Event: 38.020 Executing VM operation: RevokeBias
Event: 38.021 Executing VM operation: RevokeBias done
Event: 38.021 Executing VM operation: RevokeBias
Event: 38.021 Executing VM operation: RevokeBias done
Event: 38.021 Executing VM operation: RevokeBias
Event: 38.021 Executing VM operation: RevokeBias done


Dynamic libraries:
0x00007ff724ba0000 - 0x00007ff724bb0000 	C:\Program Files\Java\jdk-11\bin\javaw.exe
0x00007ffca96e0000 - 0x00007ffca98d0000 	C:\Windows\SYSTEM32\ntdll.dll
0x00007ffca95e0000 - 0x00007ffca9692000 	C:\Windows\System32\KERNEL32.DLL
0x00007ffca74e0000 - 0x00007ffca7783000 	C:\Windows\System32\KERNELBASE.dll
0x00007ffca73e0000 - 0x00007ffca74da000 	C:\Windows\System32\ucrtbase.dll
0x00007ffc9a1e0000 - 0x00007ffc9a1fb000 	C:\Program Files\Java\jdk-11\bin\VCRUNTIME140.dll
0x00007ffc844f0000 - 0x00007ffc84509000 	C:\Program Files\Java\jdk-11\bin\jli.dll
0x00007ffca7870000 - 0x00007ffca7913000 	C:\Windows\System32\ADVAPI32.dll
0x00007ffca84b0000 - 0x00007ffca854e000 	C:\Windows\System32\msvcrt.dll
0x00007ffca8360000 - 0x00007ffca83f7000 	C:\Windows\System32\sechost.dll
0x00007ffca8090000 - 0x00007ffca81b0000 	C:\Windows\System32\RPCRT4.dll
0x00007ffca7e90000 - 0x00007ffca8024000 	C:\Windows\System32\USER32.dll
0x00007ffca00e0000 - 0x00007ffca0365000 	C:\Windows\WinSxS\amd64_microsoft.windows.common-controls_6595b64144ccf1df_6.0.18362.535_none_e6c3b34713100821\COMCTL32.dll
0x00007ffca7140000 - 0x00007ffca7161000 	C:\Windows\System32\win32u.dll
0x00007ffca9200000 - 0x00007ffca9226000 	C:\Windows\System32\GDI32.dll
0x00007ffca79a0000 - 0x00007ffca7cd6000 	C:\Windows\System32\combase.dll
0x00007ffca6670000 - 0x00007ffca6804000 	C:\Windows\System32\gdi32full.dll
0x00007ffca7170000 - 0x00007ffca720e000 	C:\Windows\System32\msvcp_win.dll
0x00007ffca6fe0000 - 0x00007ffca7060000 	C:\Windows\System32\bcryptPrimitives.dll
0x00007ffc9ce50000 - 0x00007ffc9ce5a000 	C:\Windows\SYSTEM32\VERSION.dll
0x00007ffca7790000 - 0x00007ffca77be000 	C:\Windows\System32\IMM32.DLL
0x00007ffc9f620000 - 0x00007ffc9f62c000 	C:\Program Files\Java\jdk-11\bin\vcruntime140_1.dll
0x00007ffc78720000 - 0x00007ffc787ae000 	C:\Program Files\Java\jdk-11\bin\msvcp140.dll
0x00007ffc64ac0000 - 0x00007ffc6562d000 	C:\Program Files\Java\jdk-11\bin\server\jvm.dll
0x00007ffca9230000 - 0x00007ffca9238000 	C:\Windows\System32\PSAPI.DLL
0x00007ffca44d0000 - 0x00007ffca44d9000 	C:\Windows\SYSTEM32\WSOCK32.dll
0x00007ffca43d0000 - 0x00007ffca43f4000 	C:\Windows\SYSTEM32\WINMM.dll
0x00007ffca8570000 - 0x00007ffca85df000 	C:\Windows\System32\WS2_32.dll
0x00007ffca43a0000 - 0x00007ffca43cd000 	C:\Windows\SYSTEM32\winmmbase.dll
0x00007ffca6810000 - 0x00007ffca685a000 	C:\Windows\System32\cfgmgr32.dll
0x00007ffca65c0000 - 0x00007ffca65d1000 	C:\Windows\System32\kernel.appcore.dll
0x00007ffc97250000 - 0x00007ffc97260000 	C:\Program Files\Java\jdk-11\bin\verify.dll
0x00007ffc95f70000 - 0x00007ffc96164000 	C:\Windows\SYSTEM32\DBGHELP.DLL
0x00007ffc959c0000 - 0x00007ffc959ea000 	C:\Windows\SYSTEM32\dbgcore.DLL
0x00007ffc7f050000 - 0x00007ffc7f078000 	C:\Program Files\Java\jdk-11\bin\java.dll
0x00007ffc97210000 - 0x00007ffc9721a000 	C:\Program Files\Java\jdk-11\bin\jimage.dll
0x00007ffc83a50000 - 0x00007ffc83a67000 	C:\Program Files\Java\jdk-11\bin\zip.dll
0x00007ffca8ab0000 - 0x00007ffca9195000 	C:\Windows\System32\SHELL32.dll
0x00007ffca77c0000 - 0x00007ffca7869000 	C:\Windows\System32\shcore.dll
0x00007ffca6860000 - 0x00007ffca6fdf000 	C:\Windows\System32\windows.storage.dll
0x00007ffca6650000 - 0x00007ffca666f000 	C:\Windows\System32\profapi.dll
0x00007ffca65e0000 - 0x00007ffca662a000 	C:\Windows\System32\powrprof.dll
0x00007ffca65b0000 - 0x00007ffca65c0000 	C:\Windows\System32\UMPDC.dll
0x00007ffca8030000 - 0x00007ffca8082000 	C:\Windows\System32\shlwapi.dll
0x00007ffca7210000 - 0x00007ffca7227000 	C:\Windows\System32\cryptsp.dll
0x00007ffc7f030000 - 0x00007ffc7f049000 	C:\Program Files\Java\jdk-11\bin\net.dll
0x00007ffc9d920000 - 0x00007ffc9da10000 	C:\Windows\SYSTEM32\WINHTTP.dll
0x00007ffca5e20000 - 0x00007ffca5e87000 	C:\Windows\system32\mswsock.dll
0x00007ffc7f010000 - 0x00007ffc7f022000 	C:\Program Files\Java\jdk-11\bin\nio.dll
0x00007ffc971f0000 - 0x00007ffc971f9000 	C:\Program Files\Java\jdk-11\bin\management.dll
0x00007ffc95ee0000 - 0x00007ffc95eeb000 	C:\Program Files\Java\jdk-11\bin\management_ext.dll
0x00007ffc8ad50000 - 0x00007ffc8ad66000 	C:\Windows\system32\napinsp.dll
0x00007ffc8ac60000 - 0x00007ffc8ac7a000 	C:\Windows\system32\pnrpnsp.dll
0x00007ffca5b70000 - 0x00007ffca5c3a000 	C:\Windows\SYSTEM32\DNSAPI.dll
0x00007ffca7920000 - 0x00007ffca7928000 	C:\Windows\System32\NSI.dll
0x00007ffca5b30000 - 0x00007ffca5b6a000 	C:\Windows\SYSTEM32\IPHLPAPI.DLL
0x00007ffc8ad40000 - 0x00007ffc8ad4e000 	C:\Windows\System32\winrnr.dll
0x00007ffca4250000 - 0x00007ffca426c000 	C:\Windows\system32\NLAapi.dll
0x00007ffc88470000 - 0x00007ffc88485000 	C:\Windows\system32\wshbth.dll
0x00007ffc9ce40000 - 0x00007ffc9ce4a000 	C:\Windows\System32\rasadhlp.dll
0x00007ffca0410000 - 0x00007ffca0487000 	C:\Windows\System32\fwpuclnt.dll
0x00007ffca7060000 - 0x00007ffca7086000 	C:\Windows\System32\bcrypt.dll
0x00007ffca5990000 - 0x00007ffca59c3000 	C:\Windows\system32\rsaenh.dll
0x00007ffca64a0000 - 0x00007ffca64c5000 	C:\Windows\SYSTEM32\USERENV.dll
0x00007ffca5ff0000 - 0x00007ffca5ffc000 	C:\Windows\SYSTEM32\CRYPTBASE.dll
0x00007ffca0960000 - 0x00007ffca0976000 	C:\Windows\SYSTEM32\dhcpcsvc6.DLL
0x00007ffca10d0000 - 0x00007ffca10ec000 	C:\Windows\SYSTEM32\dhcpcsvc.DLL

dbghelp: loaded successfully - version: 4.0.5 - missing functions: none
symbol engine: initialized successfully - sym options: 0x614 - pdb path: .;C:\Program Files\Java\jdk-11\bin;C:\Windows\SYSTEM32;C:\Windows\WinSxS\amd64_microsoft.windows.common-controls_6595b64144ccf1df_6.0.18362.535_none_e6c3b34713100821;C:\Program Files\Java\jdk-11\bin\server

VM Arguments:
jvm_args: -Dfile.encoding=Cp1252 
java_command: webgiay.StartServerJava
java_class_path (initial): E:\DoAn\WebGiay\target\classes;C:\Users\Admin\.m2\repository\org\springframework\boot\spring-boot-starter-web\2.1.4.RELEASE\spring-boot-starter-web-2.1.4.RELEASE.jar;C:\Users\Admin\.m2\repository\org\springframework\boot\spring-boot-starter\2.1.4.RELEASE\spring-boot-starter-2.1.4.RELEASE.jar;C:\Users\Admin\.m2\repository\org\springframework\boot\spring-boot\2.1.4.RELEASE\spring-boot-2.1.4.RELEASE.jar;C:\Users\Admin\.m2\repository\org\springframework\boot\spring-boot-autoconfigure\2.1.4.RELEASE\spring-boot-autoconfigure-2.1.4.RELEASE.jar;C:\Users\Admin\.m2\repository\org\springframework\boot\spring-boot-starter-logging\2.1.4.RELEASE\spring-boot-starter-logging-2.1.4.RELEASE.jar;C:\Users\Admin\.m2\repository\ch\qos\logback\logback-classic\1.2.3\logback-classic-1.2.3.jar;C:\Users\Admin\.m2\repository\ch\qos\logback\logback-core\1.2.3\logback-core-1.2.3.jar;C:\Users\Admin\.m2\repository\org\apache\logging\log4j\log4j-to-slf4j\2.11.2\log4j-to-slf4j-2.11.2.jar;C:\Users\Admin\.m2\repository\org\apache\logging\log4j\log4j-api\2.11.2\log4j-api-2.11.2.jar;C:\Users\Admin\.m2\repository\org\slf4j\jul-to-slf4j\1.7.26\jul-to-slf4j-1.7.26.jar;C:\Users\Admin\.m2\repository\javax\annotation\javax.annotation-api\1.3.2\javax.annotation-api-1.3.2.jar;C:\Users\Admin\.m2\repository\org\springframework\spring-core\5.1.6.RELEASE\spring-core-5.1.6.RELEASE.jar;C:\Users\Admin\.m2\repository\org\springframework\spring-jcl\5.1.6.RELEASE\spring-jcl-5.1.6.RELEASE.jar;C:\Users\Admin\.m2\repository\org\yaml\snakeyaml\1.23\snakeyaml-1.23.jar;C:\Users\Admin\.m2\repository\org\springframework\boot\spring-boot-starter-json\2.1.4.RELEASE\spring-boot-starter-json-2.1.4.RELEASE.jar;C:\Users\Admin\.m2\repository\com\fasterxml\jackson\core\jackson-databind\2.9.8\jackson-databind-2.9.8.jar;C:\Users\Admin\.m2\repository\com\fasterxml\jackson\core\jackson-annotations\2.9.0\jackson-annotations-2.9.0.jar;C:\Users\Admin\.m2\repository\com\fasterxml\jackson\core\jackson-core\2.9.8\jack
Launcher Type: SUN_STANDARD

[Global flags]
     intx CICompilerCount                          = 3                                         {product} {ergonomic}
     uint ConcGCThreads                            = 1                                         {product} {ergonomic}
     uint G1ConcRefinementThreads                  = 4                                         {product} {ergonomic}
   size_t G1HeapRegionSize                         = 1048576                                   {product} {ergonomic}
    uintx GCDrainStackTargetSize                   = 64                                        {product} {ergonomic}
   size_t InitialHeapSize                          = 67108864                                  {product} {ergonomic}
   size_t MarkStackSize                            = 4194304                                   {product} {ergonomic}
   size_t MaxHeapSize                              = 1048576000                                {product} {ergonomic}
   size_t MaxNewSize                               = 629145600                                 {product} {ergonomic}
   size_t MinHeapDeltaBytes                        = 1048576                                   {product} {ergonomic}
    uintx NonNMethodCodeHeapSize                   = 5830732                                {pd product} {ergonomic}
    uintx NonProfiledCodeHeapSize                  = 122913754                              {pd product} {ergonomic}
    uintx ProfiledCodeHeapSize                     = 122913754                              {pd product} {ergonomic}
    uintx ReservedCodeCacheSize                    = 251658240                              {pd product} {ergonomic}
     bool SegmentedCodeCache                       = true                                      {product} {ergonomic}
     bool UseCompressedClassPointers               = true                                 {lp64_product} {ergonomic}
     bool UseCompressedOops                        = true                                 {lp64_product} {ergonomic}
     bool UseG1GC                                  = true                                      {product} {ergonomic}
     bool UseLargePagesIndividualAllocation        = false                                  {pd product} {ergonomic}

Logging:
Log output configuration:
 #0: stdout all=warning uptime,level,tags
 #1: stderr all=off uptime,level,tags

Environment Variables:
JAVA_HOME=C:\Program Files\Java\jdk-11
PATH=C:/Users/Admin/Downloads/eclipse-jee-2020-12-R-win32-x86_64/eclipse//plugins/org.eclipse.justj.openjdk.hotspot.jre.full.win32.x86_64_15.0.1.v20201027-0507/jre/bin/server;C:/Users/Admin/Downloads/eclipse-jee-2020-12-R-win32-x86_64/eclipse//plugins/org.eclipse.justj.openjdk.hotspot.jre.full.win32.x86_64_15.0.1.v20201027-0507/jre/bin;C:\ProgramData\Oracle\Java\javapath;C:\Program Files\Common Files\Oracle\Java\javapath;C:\Windows\system32;C:\Windows;C:\Windows\System32\Wbem;C:\Windows\System32\WindowsPowerShell\v1.0\;C:\Windows\System32\OpenSSH\;C:\Program Files\Microsoft SQL Server\Client SDK\ODBC\170\Tools\Binn\;C:\Program Files (x86)\Microsoft SQL Server\150\Tools\Binn\;C:\Program Files\Microsoft SQL Server\150\Tools\Binn\;C:\Program Files\Microsoft SQL Server\150\DTS\Binn\;C:\Program Files\Azure Data Studio\bin;C:\Program Files (x86)\Microsoft SQL Server\150\DTS\Binn\;C:\Program Files (x86)\Rational\common;C:\Program Files\Git\cmd;C:\Program Files\Java\jdk1.8.0_112\bin;C:\Program Files\Java\jdk1.8.0_45\bin;C:\Program Files\Java\jdk-11\bin;C:\Program Files\Java\jdk-21\bin;C:\Program Files\Microsoft SQL Server\130\Tools\Binn\;C:\Program Files\TortoiseSVN\bin;C:\Program Files\MySQL\MySQL Shell 8.0\bin\;C:\Users\Admin\AppData\Local\Microsoft\WindowsApps;C:\Users\Admin\AppData\Local\Programs\Microsoft VS Code\bin;C:\Program Files\Azure Data Studio\bin;C:\Users\Admin\AppData\Local\GitHubDesktop\bin;C:\Users\Admin\Downloads\eclipse-jee-2020-12-R-win32-x86_64\eclipse;
USERNAME=Admin
OS=Windows_NT
PROCESSOR_IDENTIFIER=Intel64 Family 6 Model 61 Stepping 4, GenuineIntel



---------------  S Y S T E M  ---------------

OS: Windows 10 , 64 bit Build 18362 (10.0.18362.329)

CPU:total 4 (initial active 4) (2 cores per cpu, 2 threads per core) family 6 model 61 stepping 4 microcode 0x2f, cmov, cx8, fxsr, mmx, sse, sse2, sse3, ssse3, sse4.1, sse4.2, popcnt, avx, avx2, aes, clmul, erms, 3dnowpref, lzcnt, ht, tsc, tscinvbit, bmi1, bmi2, adx, fma

Memory: 4k page, system-wide physical 3996M (439M free)
TotalPageFile size 8092M (AvailPageFile size 0M)
current process WorkingSet (physical memory assigned to process): 254M, peak: 299M
current process commit charge ("private bytes"): 288M, peak: 333M

vm_info: Java HotSpot(TM) 64-Bit Server VM (11.0.20+9-LTS-256) for windows-amd64 JRE (11.0.20+9-LTS-256), built on Jun 14 2023 10:34:22 by "mach5one" with MS VC++ 17.1 (VS2022)

END.
