#
# There is insufficient memory for the Java Runtime Environment to continue.
# Native memory allocation (malloc) failed to allocate 754416 bytes for Chunk::new
# Possible reasons:
#   The system is out of physical RAM or swap space
#   The process is running with CompressedOops enabled, and the Java Heap may be blocking the growth of the native heap
# Possible solutions:
#   Reduce memory load on the system
#   Increase physical memory or swap space
#   Check if swap backing store is full
#   Decrease Java heap size (-Xmx/-Xms)
#   Decrease number of Java threads
#   Decrease Java thread stack sizes (-Xss)
#   Set larger code cache with -XX:ReservedCodeCacheSize=
#   JVM is running with Unscaled Compressed Oops mode in which the Java heap is
#     placed in the first 4GB address space. The Java Heap base address is the
#     maximum limit for the native heap growth. Please use -XX:HeapBaseMinAddress
#     to set the Java Heap base and to place the Java Heap above 4GB virtual address.
# This output file may be truncated or incomplete.
#
#  Out of Memory Error (./open/src/hotspot/share/memory/arena.cpp:197), pid=2184, tid=6780
#
# JRE version: Java(TM) SE Runtime Environment 18.9 (11.0.20+9) (build 11.0.20+9-LTS-256)
# Java VM: Java HotSpot(TM) 64-Bit Server VM 18.9 (11.0.20+9-LTS-256, mixed mode, tiered, compressed oops, g1 gc, windows-amd64)
# No core dump will be written. Minidumps are not enabled by default on client versions of Windows
#

---------------  S U M M A R Y ------------

Command Line: -Dfile.encoding=UTF-8 webgiay.StartServerJava

Host: Intel(R) Core(TM) i5-5200U CPU @ 2.20GHz, 4 cores, 3G,  Windows 10 , 64 bit Build 18362 (10.0.18362.329)
Time: Thu Apr 25 22:22:08 2024 SE Asia Standard Time elapsed time: 88.011440 seconds (0d 0h 1m 28s)

---------------  T H R E A D  ---------------

Current thread (0x00000206cf5c0000):  JavaThread "C2 CompilerThread0" daemon [_thread_in_native, id=6780, stack(0x000000528d500000,0x000000528d600000)]


Current CompileTask:
C2:  88011 6751   !   4       org.springframework.core.annotation.AnnotatedElementUtils::searchWithFindSemantics (774 bytes)

Stack: [0x000000528d500000,0x000000528d600000]
Native frames: (J=compiled Java code, j=interpreted, Vv=VM code, C=native code)
V  [jvm.dll+0x6602ba]
V  [jvm.dll+0x7a32af]
V  [jvm.dll+0x7a4979]
V  [jvm.dll+0x7a5013]
V  [jvm.dll+0x258ef5]
V  [jvm.dll+0xb2a0c]
V  [jvm.dll+0xb2fcc]
V  [jvm.dll+0x367691]
V  [jvm.dll+0x1a2b74]
V  [jvm.dll+0x211d4d]
V  [jvm.dll+0x210bc8]
V  [jvm.dll+0x18cdb1]
V  [jvm.dll+0x220e59]
V  [jvm.dll+0x21f17c]
V  [jvm.dll+0x767061]
V  [jvm.dll+0x75f8e4]
V  [jvm.dll+0x65f165]
C  [ucrtbase.dll+0x20e72]
C  [KERNEL32.DLL+0x17bd4]
C  [ntdll.dll+0x6ced1]


---------------  P R O C E S S  ---------------

Threads class SMR info:
_java_thread_list=0x00000206d4dd2280, length=29, elements={
0x00000206cf53d800, 0x00000206cf53f000, 0x00000206cf5b9800, 0x00000206cf5ba800,
0x00000206cf5bc800, 0x00000206cf5c0000, 0x00000206cff00800, 0x00000206cf5d5800,
0x00000206d0059000, 0x00000206d3456800, 0x00000206d167c800, 0x00000206d31be800,
0x00000206d48c0800, 0x00000206d1ded800, 0x00000206d1b3d000, 0x00000206d1769800,
0x00000206d17ff800, 0x00000206d5069800, 0x00000206d5068000, 0x00000206d5069000,
0x00000206d506a800, 0x00000206d491b000, 0x00000206d491b800, 0x00000206d491a000,
0x00000206d491c800, 0x00000206d4919000, 0x00000206d491d800, 0x00000206d4920000,
0x00000206d491e000
}

Java Threads: ( => current thread )
  0x00000206cf53d800 JavaThread "Reference Handler" daemon [_thread_blocked, id=3772, stack(0x000000528d000000,0x000000528d100000)]
  0x00000206cf53f000 JavaThread "Finalizer" daemon [_thread_blocked, id=7036, stack(0x000000528d100000,0x000000528d200000)]
  0x00000206cf5b9800 JavaThread "Signal Dispatcher" daemon [_thread_blocked, id=9712, stack(0x000000528d200000,0x000000528d300000)]
  0x00000206cf5ba800 JavaThread "Attach Listener" daemon [_thread_blocked, id=2668, stack(0x000000528d300000,0x000000528d400000)]
  0x00000206cf5bc800 JavaThread "Service Thread" daemon [_thread_blocked, id=3676, stack(0x000000528d400000,0x000000528d500000)]
=>0x00000206cf5c0000 JavaThread "C2 CompilerThread0" daemon [_thread_in_native, id=6780, stack(0x000000528d500000,0x000000528d600000)]
  0x00000206cff00800 JavaThread "C1 CompilerThread0" daemon [_thread_blocked, id=4568, stack(0x000000528d600000,0x000000528d700000)]
  0x00000206cf5d5800 JavaThread "Sweeper thread" daemon [_thread_blocked, id=5464, stack(0x000000528d700000,0x000000528d800000)]
  0x00000206d0059000 JavaThread "Common-Cleaner" daemon [_thread_blocked, id=2232, stack(0x000000528d900000,0x000000528da00000)]
  0x00000206d3456800 JavaThread "Catalina-utility-1" [_thread_blocked, id=6196, stack(0x000000528da00000,0x000000528db00000)]
  0x00000206d167c800 JavaThread "Catalina-utility-2" [_thread_blocked, id=10360, stack(0x000000528e000000,0x000000528e100000)]
  0x00000206d31be800 JavaThread "container-0" [_thread_blocked, id=8872, stack(0x000000528e100000,0x000000528e200000)]
  0x00000206d48c0800 JavaThread "mysql-cj-abandoned-connection-cleanup" daemon [_thread_blocked, id=10536, stack(0x000000528e200000,0x000000528e300000)]
  0x00000206d1ded800 JavaThread "HikariPool-1 housekeeper" daemon [_thread_blocked, id=3436, stack(0x000000528e400000,0x000000528e500000)]
  0x00000206d1b3d000 JavaThread "NioBlockingSelector.BlockPoller-1" daemon [_thread_in_native, id=10452, stack(0x000000528e700000,0x000000528e800000)]
  0x00000206d1769800 JavaThread "http-nio-9090-exec-1" daemon [_thread_blocked, id=5540, stack(0x000000528e800000,0x000000528e900000)]
  0x00000206d17ff800 JavaThread "http-nio-9090-exec-2" daemon [_thread_blocked, id=6452, stack(0x000000528e900000,0x000000528ea00000)]
  0x00000206d5069800 JavaThread "http-nio-9090-exec-3" daemon [_thread_blocked, id=3308, stack(0x000000528ea00000,0x000000528eb00000)]
  0x00000206d5068000 JavaThread "http-nio-9090-exec-4" daemon [_thread_blocked, id=1740, stack(0x000000528eb00000,0x000000528ec00000)]
  0x00000206d5069000 JavaThread "http-nio-9090-exec-5" daemon [_thread_blocked, id=10852, stack(0x000000528ec00000,0x000000528ed00000)]
  0x00000206d506a800 JavaThread "http-nio-9090-exec-6" daemon [_thread_blocked, id=4724, stack(0x000000528ed00000,0x000000528ee00000)]
  0x00000206d491b000 JavaThread "http-nio-9090-exec-7" daemon [_thread_blocked, id=10968, stack(0x000000528ee00000,0x000000528ef00000)]
  0x00000206d491b800 JavaThread "http-nio-9090-exec-8" daemon [_thread_blocked, id=5400, stack(0x000000528ef00000,0x000000528f000000)]
  0x00000206d491a000 JavaThread "http-nio-9090-exec-9" daemon [_thread_blocked, id=3444, stack(0x000000528f000000,0x000000528f100000)]
  0x00000206d491c800 JavaThread "http-nio-9090-exec-10" daemon [_thread_blocked, id=8968, stack(0x000000528f100000,0x000000528f200000)]
  0x00000206d4919000 JavaThread "http-nio-9090-ClientPoller-0" daemon [_thread_in_native, id=7844, stack(0x000000528f200000,0x000000528f300000)]
  0x00000206d491d800 JavaThread "http-nio-9090-ClientPoller-1" daemon [_thread_in_native, id=9292, stack(0x000000528f300000,0x000000528f400000)]
  0x00000206d4920000 JavaThread "http-nio-9090-Acceptor-0" daemon [_thread_in_native, id=7500, stack(0x000000528f400000,0x000000528f500000)]
  0x00000206d491e000 JavaThread "DestroyJavaVM" [_thread_blocked, id=4348, stack(0x000000528c900000,0x000000528ca00000)]

Other Threads:
  0x00000206cf53b000 VMThread "VM Thread" [stack: 0x000000528cf00000,0x000000528d000000] [id=9768]
  0x00000206d005a000 WatcherThread [stack: 0x000000528d800000,0x000000528d900000] [id=11052]
  0x00000206b257e000 GCTaskThread "GC Thread#0" [stack: 0x000000528ca00000,0x000000528cb00000] [id=3552]
  0x00000206d0a19800 GCTaskThread "GC Thread#1" [stack: 0x000000528db00000,0x000000528dc00000] [id=9004]
  0x00000206d0a1a800 GCTaskThread "GC Thread#2" [stack: 0x000000528dc00000,0x000000528dd00000] [id=9556]
  0x00000206d0a4a800 GCTaskThread "GC Thread#3" [stack: 0x000000528dd00000,0x000000528de00000] [id=10036]
  0x00000206b2599000 ConcurrentGCThread "G1 Main Marker" [stack: 0x000000528cb00000,0x000000528cc00000] [id=1524]
  0x00000206b259b800 ConcurrentGCThread "G1 Conc#0" [stack: 0x000000528cc00000,0x000000528cd00000] [id=2620]
  0x00000206b25f3000 ConcurrentGCThread "G1 Refine#0" [stack: 0x000000528cd00000,0x000000528ce00000] [id=1416]
  0x00000206d0270800 ConcurrentGCThread "G1 Refine#1" [stack: 0x000000528de00000,0x000000528df00000] [id=8756]
  0x00000206d071c800 ConcurrentGCThread "G1 Refine#2" [stack: 0x000000528df00000,0x000000528e000000] [id=4464]
  0x00000206b25f5000 ConcurrentGCThread "G1 Young RemSet Sampling" [stack: 0x000000528ce00000,0x000000528cf00000] [id=9464]

Threads with active compile tasks:
C2 CompilerThread0    88130 6751   !   4       org.springframework.core.annotation.AnnotatedElementUtils::searchWithFindSemantics (774 bytes)

VM state:not at safepoint (normal execution)

VM Mutex/Monitor currently owned by a thread: None

Heap address: 0x00000000c1800000, size: 1000 MB, Compressed Oops mode: 32-bit
Narrow klass base: 0x0000000000000000, Narrow klass shift: 3
Compressed class space size: 1073741824 Address: 0x0000000100000000

Heap:
 garbage-first heap   total 78848K, used 51367K [0x00000000c1800000, 0x0000000100000000)
  region size 1024K, 25 young (25600K), 4 survivors (4096K)
 Metaspace       used 63288K, capacity 64495K, committed 64684K, reserved 1105920K
  class space    used 7933K, capacity 8384K, committed 8448K, reserved 1048576K
Heap Regions: E=young(eden), S=young(survivor), O=old, HS=humongous(starts), HC=humongous(continues), CS=collection set, F=free, A=archive, TAMS=top-at-mark-start (previous, next)
|   0|0x00000000c1800000, 0x00000000c1900000, 0x00000000c1900000|100%|HS|  |TAMS 0x00000000c1900000, 0x00000000c1800000| Complete 
|   1|0x00000000c1900000, 0x00000000c1a00000, 0x00000000c1a00000|100%| O|  |TAMS 0x00000000c1a00000, 0x00000000c1900000| Untracked 
|   2|0x00000000c1a00000, 0x00000000c1b00000, 0x00000000c1b00000|100%| O|  |TAMS 0x00000000c1b00000, 0x00000000c1a00000| Untracked 
|   3|0x00000000c1b00000, 0x00000000c1c00000, 0x00000000c1c00000|100%| O|  |TAMS 0x00000000c1c00000, 0x00000000c1b00000| Untracked 
|   4|0x00000000c1c00000, 0x00000000c1d00000, 0x00000000c1d00000|100%| O|  |TAMS 0x00000000c1d00000, 0x00000000c1c00000| Untracked 
|   5|0x00000000c1d00000, 0x00000000c1e00000, 0x00000000c1e00000|100%| O|  |TAMS 0x00000000c1e00000, 0x00000000c1d00000| Untracked 
|   6|0x00000000c1e00000, 0x00000000c1f00000, 0x00000000c1f00000|100%| O|  |TAMS 0x00000000c1f00000, 0x00000000c1e00000| Untracked 
|   7|0x00000000c1f00000, 0x00000000c2000000, 0x00000000c2000000|100%| O|  |TAMS 0x00000000c2000000, 0x00000000c1f00000| Untracked 
|   8|0x00000000c2000000, 0x00000000c2100000, 0x00000000c2100000|100%| O|  |TAMS 0x00000000c2100000, 0x00000000c2000000| Untracked 
|   9|0x00000000c2100000, 0x00000000c2200000, 0x00000000c2200000|100%| O|  |TAMS 0x00000000c2200000, 0x00000000c2100000| Untracked 
|  10|0x00000000c2200000, 0x00000000c2300000, 0x00000000c2300000|100%| O|  |TAMS 0x00000000c2300000, 0x00000000c2200000| Untracked 
|  11|0x00000000c2300000, 0x00000000c2400000, 0x00000000c2400000|100%| O|  |TAMS 0x00000000c2400000, 0x00000000c2300000| Untracked 
|  12|0x00000000c2400000, 0x00000000c2500000, 0x00000000c2500000|100%| O|  |TAMS 0x00000000c2500000, 0x00000000c2400000| Untracked 
|  13|0x00000000c2500000, 0x00000000c2600000, 0x00000000c2600000|100%| O|  |TAMS 0x00000000c2600000, 0x00000000c2500000| Untracked 
|  14|0x00000000c2600000, 0x00000000c2700000, 0x00000000c2700000|100%| O|  |TAMS 0x00000000c2700000, 0x00000000c2600000| Untracked 
|  15|0x00000000c2700000, 0x00000000c2800000, 0x00000000c2800000|100%| O|  |TAMS 0x00000000c2800000, 0x00000000c2700000| Untracked 
|  16|0x00000000c2800000, 0x00000000c2900000, 0x00000000c2900000|100%| O|  |TAMS 0x00000000c2900000, 0x00000000c2800000| Untracked 
|  17|0x00000000c2900000, 0x00000000c2a00000, 0x00000000c2a00000|100%| O|  |TAMS 0x00000000c2a00000, 0x00000000c2900000| Untracked 
|  18|0x00000000c2a00000, 0x00000000c2b00000, 0x00000000c2b00000|100%| O|  |TAMS 0x00000000c2b00000, 0x00000000c2a00000| Untracked 
|  19|0x00000000c2b00000, 0x00000000c2c00000, 0x00000000c2c00000|100%| O|  |TAMS 0x00000000c2c00000, 0x00000000c2b00000| Untracked 
|  20|0x00000000c2c00000, 0x00000000c2d00000, 0x00000000c2d00000|100%| O|  |TAMS 0x00000000c2d00000, 0x00000000c2c00000| Untracked 
|  21|0x00000000c2d00000, 0x00000000c2e00000, 0x00000000c2e00000|100%| O|  |TAMS 0x00000000c2e00000, 0x00000000c2d00000| Untracked 
|  22|0x00000000c2e00000, 0x00000000c2f00000, 0x00000000c2f00000|100%| O|  |TAMS 0x00000000c2f00000, 0x00000000c2e00000| Untracked 
|  23|0x00000000c2f00000, 0x00000000c3000000, 0x00000000c3000000|100%| O|  |TAMS 0x00000000c3000000, 0x00000000c2f00000| Untracked 
|  24|0x00000000c3000000, 0x00000000c3100000, 0x00000000c3100000|100%| O|  |TAMS 0x00000000c30de600, 0x00000000c3000000| Untracked 
|  25|0x00000000c3100000, 0x00000000c3200000, 0x00000000c3200000|100%| O|  |TAMS 0x00000000c3100000, 0x00000000c3100000| Untracked 
|  26|0x00000000c3200000, 0x00000000c3229c00, 0x00000000c3300000| 16%| O|  |TAMS 0x00000000c3200000, 0x00000000c3200000| Untracked 
|  27|0x00000000c3300000, 0x00000000c3300000, 0x00000000c3400000|  0%| F|  |TAMS 0x00000000c3300000, 0x00000000c3300000| Untracked 
|  28|0x00000000c3400000, 0x00000000c3400000, 0x00000000c3500000|  0%| F|  |TAMS 0x00000000c3400000, 0x00000000c3400000| Untracked 
|  29|0x00000000c3500000, 0x00000000c3500000, 0x00000000c3600000|  0%| F|  |TAMS 0x00000000c3500000, 0x00000000c3500000| Untracked 
|  30|0x00000000c3600000, 0x00000000c3600000, 0x00000000c3700000|  0%| F|  |TAMS 0x00000000c3600000, 0x00000000c3600000| Untracked 
|  31|0x00000000c3700000, 0x00000000c3700000, 0x00000000c3800000|  0%| F|  |TAMS 0x00000000c3700000, 0x00000000c3700000| Untracked 
|  32|0x00000000c3800000, 0x00000000c3800000, 0x00000000c3900000|  0%| F|  |TAMS 0x00000000c3800000, 0x00000000c3800000| Untracked 
|  33|0x00000000c3900000, 0x00000000c3900000, 0x00000000c3a00000|  0%| F|  |TAMS 0x00000000c3900000, 0x00000000c3900000| Untracked 
|  34|0x00000000c3a00000, 0x00000000c3a00000, 0x00000000c3b00000|  0%| F|  |TAMS 0x00000000c3a00000, 0x00000000c3a00000| Untracked 
|  35|0x00000000c3b00000, 0x00000000c3b00000, 0x00000000c3c00000|  0%| F|  |TAMS 0x00000000c3b00000, 0x00000000c3b00000| Untracked 
|  36|0x00000000c3c00000, 0x00000000c3c00000, 0x00000000c3d00000|  0%| F|  |TAMS 0x00000000c3c00000, 0x00000000c3c00000| Untracked 
|  37|0x00000000c3d00000, 0x00000000c3d00000, 0x00000000c3e00000|  0%| F|  |TAMS 0x00000000c3d00000, 0x00000000c3d00000| Untracked 
|  38|0x00000000c3e00000, 0x00000000c3e00000, 0x00000000c3f00000|  0%| F|  |TAMS 0x00000000c3e00000, 0x00000000c3e00000| Untracked 
|  39|0x00000000c3f00000, 0x00000000c4000000, 0x00000000c4000000|100%| S|CS|TAMS 0x00000000c3f00000, 0x00000000c3f00000| Complete 
|  40|0x00000000c4000000, 0x00000000c4100000, 0x00000000c4100000|100%| S|CS|TAMS 0x00000000c4000000, 0x00000000c4000000| Complete 
|  41|0x00000000c4100000, 0x00000000c4200000, 0x00000000c4200000|100%| S|CS|TAMS 0x00000000c4100000, 0x00000000c4100000| Complete 
|  42|0x00000000c4200000, 0x00000000c4300000, 0x00000000c4300000|100%| S|CS|TAMS 0x00000000c4200000, 0x00000000c4200000| Complete 
|  43|0x00000000c4300000, 0x00000000c4300000, 0x00000000c4400000|  0%| F|  |TAMS 0x00000000c4300000, 0x00000000c4300000| Untracked 
|  44|0x00000000c4400000, 0x00000000c4400000, 0x00000000c4500000|  0%| F|  |TAMS 0x00000000c4400000, 0x00000000c4400000| Untracked 
|  45|0x00000000c4500000, 0x00000000c4500000, 0x00000000c4600000|  0%| F|  |TAMS 0x00000000c4500000, 0x00000000c4500000| Untracked 
|  46|0x00000000c4600000, 0x00000000c4600000, 0x00000000c4700000|  0%| F|  |TAMS 0x00000000c4600000, 0x00000000c4600000| Untracked 
|  47|0x00000000c4700000, 0x00000000c4700000, 0x00000000c4800000|  0%| F|  |TAMS 0x00000000c4700000, 0x00000000c4700000| Untracked 
|  48|0x00000000c4800000, 0x00000000c4800000, 0x00000000c4900000|  0%| F|  |TAMS 0x00000000c4800000, 0x00000000c4800000| Untracked 
|  49|0x00000000c4900000, 0x00000000c4900000, 0x00000000c4a00000|  0%| F|  |TAMS 0x00000000c4900000, 0x00000000c4900000| Untracked 
|  50|0x00000000c4a00000, 0x00000000c4a00000, 0x00000000c4b00000|  0%| F|  |TAMS 0x00000000c4a00000, 0x00000000c4a00000| Untracked 
|  51|0x00000000c4b00000, 0x00000000c4b00000, 0x00000000c4c00000|  0%| F|  |TAMS 0x00000000c4b00000, 0x00000000c4b00000| Untracked 
|  52|0x00000000c4c00000, 0x00000000c4c00000, 0x00000000c4d00000|  0%| F|  |TAMS 0x00000000c4c00000, 0x00000000c4c00000| Untracked 
|  53|0x00000000c4d00000, 0x00000000c4d00000, 0x00000000c4e00000|  0%| F|  |TAMS 0x00000000c4d00000, 0x00000000c4d00000| Untracked 
|  54|0x00000000c4e00000, 0x00000000c4e00000, 0x00000000c4f00000|  0%| F|  |TAMS 0x00000000c4e00000, 0x00000000c4e00000| Untracked 
|  55|0x00000000c4f00000, 0x00000000c4f00000, 0x00000000c5000000|  0%| F|  |TAMS 0x00000000c4f00000, 0x00000000c4f00000| Untracked 
|  56|0x00000000c5000000, 0x00000000c50ff2f0, 0x00000000c5100000| 99%| E|  |TAMS 0x00000000c5000000, 0x00000000c5000000| Complete 
|  57|0x00000000c5100000, 0x00000000c5200000, 0x00000000c5200000|100%| E|CS|TAMS 0x00000000c5100000, 0x00000000c5100000| Complete 
|  58|0x00000000c5200000, 0x00000000c5300000, 0x00000000c5300000|100%| E|CS|TAMS 0x00000000c5200000, 0x00000000c5200000| Complete 
|  59|0x00000000c5300000, 0x00000000c5400000, 0x00000000c5400000|100%| E|CS|TAMS 0x00000000c5300000, 0x00000000c5300000| Complete 
|  60|0x00000000c5400000, 0x00000000c5500000, 0x00000000c5500000|100%| E|CS|TAMS 0x00000000c5400000, 0x00000000c5400000| Complete 
|  61|0x00000000c5500000, 0x00000000c5600000, 0x00000000c5600000|100%| E|CS|TAMS 0x00000000c5500000, 0x00000000c5500000| Complete 
|  62|0x00000000c5600000, 0x00000000c5700000, 0x00000000c5700000|100%| E|CS|TAMS 0x00000000c5600000, 0x00000000c5600000| Complete 
|  63|0x00000000c5700000, 0x00000000c5800000, 0x00000000c5800000|100%| E|CS|TAMS 0x00000000c5700000, 0x00000000c5700000| Complete 
|  64|0x00000000c5800000, 0x00000000c5900000, 0x00000000c5900000|100%| E|CS|TAMS 0x00000000c5800000, 0x00000000c5800000| Complete 
|  65|0x00000000c5900000, 0x00000000c5a00000, 0x00000000c5a00000|100%| E|CS|TAMS 0x00000000c5900000, 0x00000000c5900000| Complete 
|  66|0x00000000c5a00000, 0x00000000c5b00000, 0x00000000c5b00000|100%| E|CS|TAMS 0x00000000c5a00000, 0x00000000c5a00000| Complete 
|  67|0x00000000c5b00000, 0x00000000c5c00000, 0x00000000c5c00000|100%| E|CS|TAMS 0x00000000c5b00000, 0x00000000c5b00000| Complete 
|  68|0x00000000c5c00000, 0x00000000c5d00000, 0x00000000c5d00000|100%| E|CS|TAMS 0x00000000c5c00000, 0x00000000c5c00000| Complete 
|  69|0x00000000c5d00000, 0x00000000c5e00000, 0x00000000c5e00000|100%| E|CS|TAMS 0x00000000c5d00000, 0x00000000c5d00000| Complete 
|  70|0x00000000c5e00000, 0x00000000c5f00000, 0x00000000c5f00000|100%| E|CS|TAMS 0x00000000c5e00000, 0x00000000c5e00000| Complete 
|  71|0x00000000c5f00000, 0x00000000c6000000, 0x00000000c6000000|100%| E|CS|TAMS 0x00000000c5f00000, 0x00000000c5f00000| Complete 
|  72|0x00000000c6000000, 0x00000000c6100000, 0x00000000c6100000|100%| E|CS|TAMS 0x00000000c6000000, 0x00000000c6000000| Complete 
|  73|0x00000000c6100000, 0x00000000c6200000, 0x00000000c6200000|100%| E|CS|TAMS 0x00000000c6100000, 0x00000000c6100000| Complete 
|  74|0x00000000c6200000, 0x00000000c6300000, 0x00000000c6300000|100%| E|CS|TAMS 0x00000000c6200000, 0x00000000c6200000| Complete 
|  75|0x00000000c6300000, 0x00000000c6400000, 0x00000000c6400000|100%| E|CS|TAMS 0x00000000c6300000, 0x00000000c6300000| Complete 
|  76|0x00000000c6400000, 0x00000000c6500000, 0x00000000c6500000|100%| E|CS|TAMS 0x00000000c6400000, 0x00000000c6400000| Complete 

Card table byte_map: [0x00000206cac30000,0x00000206cae30000] _byte_map_base: 0x00000206ca624000

Marking Bits (Prev, Next): (CMBitMap*) 0x00000206b2593710, (CMBitMap*) 0x00000206b25936d8
 Prev Bits: [0x00000206cbfd0000, 0x00000206ccf70000)
 Next Bits: [0x00000206cb030000, 0x00000206cbfd0000)

Polling page: 0x00000206b2350000

Metaspace:

Usage:
  Non-class:     54.80 MB capacity,    54.06 MB ( 99%) used,   598.76 KB (  1%) free+waste,   157.44 KB ( <1%) overhead. 
      Class:      8.19 MB capacity,     7.75 MB ( 95%) used,   377.16 KB (  4%) free+waste,    73.06 KB ( <1%) overhead. 
       Both:     62.98 MB capacity,    61.81 MB ( 98%) used,   975.91 KB (  2%) free+waste,   230.50 KB ( <1%) overhead. 

Virtual space:
  Non-class space:       56.00 MB reserved,      54.92 MB ( 98%) committed 
      Class space:        1.00 GB reserved,       8.25 MB ( <1%) committed 
             Both:        1.05 GB reserved,      63.17 MB (  6%) committed 

Chunk freelists:
   Non-Class:  7.63 KB
       Class:  0 bytes
        Both:  7.63 KB

CodeHeap 'non-profiled nmethods': size=120064Kb used=3882Kb max_used=3882Kb free=116181Kb
 bounds [0x00000206c2ec0000, 0x00000206c3290000, 0x00000206ca400000]
CodeHeap 'profiled nmethods': size=120000Kb used=15476Kb max_used=15476Kb free=104523Kb
 bounds [0x00000206bb990000, 0x00000206bc8b0000, 0x00000206c2ec0000]
CodeHeap 'non-nmethods': size=5696Kb used=1245Kb max_used=1307Kb free=4450Kb
 bounds [0x00000206bb400000, 0x00000206bb670000, 0x00000206bb990000]
 total_blobs=7260 nmethods=6639 adapters=531
 compilation: enabled
              stopped_count=0, restarted_count=0
 full_count=0

Compilation events (10 events):
Event: 87.448 Thread 0x00000206cf5c0000 nmethod 6748 0x00000206c3283a90 code [0x00000206c3283c00, 0x00000206c3283c78]
Event: 87.464 Thread 0x00000206cf5c0000 6749       4       org.springframework.beans.factory.support.AbstractBeanFactory::isTypeMatch (547 bytes)
Event: 87.477 Thread 0x00000206cff00800 6750       1       org.springframework.beans.factory.config.InstantiationAwareBeanPostProcessorAdapter::determineCandidateConstructors (2 bytes)
Event: 87.477 Thread 0x00000206cff00800 nmethod 6750 0x00000206c3283d10 code [0x00000206c3283ea0, 0x00000206c3283f58]
Event: 87.510 Thread 0x00000206cff00800 6753       3       java.lang.ThreadLocal$ThreadLocalMap$Entry::<init> (11 bytes)
Event: 87.510 Thread 0x00000206cff00800 nmethod 6753 0x00000206bc8ac010 code [0x00000206bc8ac1e0, 0x00000206bc8ac598]
Event: 87.521 Thread 0x00000206cff00800 6754       1       org.apache.tomcat.util.http.MimeHeaderField::getName (5 bytes)
Event: 87.521 Thread 0x00000206cff00800 nmethod 6754 0x00000206c3284010 code [0x00000206c32841a0, 0x00000206c3284258]
Event: 87.744 Thread 0x00000206cf5c0000 nmethod 6749 0x00000206c3284310 code [0x00000206c32847a0, 0x00000206c3287fe0]
Event: 87.745 Thread 0x00000206cf5c0000 6751   !   4       org.springframework.core.annotation.AnnotatedElementUtils::searchWithFindSemantics (774 bytes)

GC Heap History (10 events):
Event: 24.313 GC heap before
{Heap before GC invocations=12 (full 0):
 garbage-first heap   total 78848K, used 56320K [0x00000000c1800000, 0x0000000100000000)
  region size 1024K, 34 young (34816K), 3 survivors (3072K)
 Metaspace       used 50451K, capacity 51497K, committed 51628K, reserved 1093632K
  class space    used 6200K, capacity 6623K, committed 6656K, reserved 1048576K
}
Event: 24.321 GC heap after
{Heap after GC invocations=13 (full 0):
 garbage-first heap   total 78848K, used 25600K [0x00000000c1800000, 0x0000000100000000)
  region size 1024K, 1 young (1024K), 1 survivors (1024K)
 Metaspace       used 50451K, capacity 51497K, committed 51628K, reserved 1093632K
  class space    used 6200K, capacity 6623K, committed 6656K, reserved 1048576K
}
Event: 26.091 GC heap before
{Heap before GC invocations=13 (full 0):
 garbage-first heap   total 78848K, used 57344K [0x00000000c1800000, 0x0000000100000000)
  region size 1024K, 32 young (32768K), 1 survivors (1024K)
 Metaspace       used 55049K, capacity 56140K, committed 56364K, reserved 1097728K
  class space    used 6886K, capacity 7289K, committed 7296K, reserved 1048576K
}
Event: 26.097 GC heap after
{Heap after GC invocations=14 (full 0):
 garbage-first heap   total 78848K, used 26987K [0x00000000c1800000, 0x0000000100000000)
  region size 1024K, 3 young (3072K), 3 survivors (3072K)
 Metaspace       used 55049K, capacity 56140K, committed 56364K, reserved 1097728K
  class space    used 6886K, capacity 7289K, committed 7296K, reserved 1048576K
}
Event: 27.434 GC heap before
{Heap before GC invocations=14 (full 0):
 garbage-first heap   total 78848K, used 58731K [0x00000000c1800000, 0x0000000100000000)
  region size 1024K, 34 young (34816K), 3 survivors (3072K)
 Metaspace       used 57702K, capacity 58744K, committed 59052K, reserved 1101824K
  class space    used 7222K, capacity 7619K, committed 7680K, reserved 1048576K
}
Event: 27.442 GC heap after
{Heap after GC invocations=15 (full 0):
 garbage-first heap   total 78848K, used 27930K [0x00000000c1800000, 0x0000000100000000)
  region size 1024K, 4 young (4096K), 4 survivors (4096K)
 Metaspace       used 57702K, capacity 58744K, committed 59052K, reserved 1101824K
  class space    used 7222K, capacity 7619K, committed 7680K, reserved 1048576K
}
Event: 29.323 GC heap before
{Heap before GC invocations=15 (full 0):
 garbage-first heap   total 78848K, used 38170K [0x00000000c1800000, 0x0000000100000000)
  region size 1024K, 15 young (15360K), 4 survivors (4096K)
 Metaspace       used 58569K, capacity 59591K, committed 59692K, reserved 1101824K
  class space    used 7336K, capacity 7752K, committed 7808K, reserved 1048576K
}
Event: 29.333 GC heap after
{Heap after GC invocations=16 (full 0):
 garbage-first heap   total 78848K, used 28512K [0x00000000c1800000, 0x0000000100000000)
  region size 1024K, 3 young (3072K), 3 survivors (3072K)
 Metaspace       used 58569K, capacity 59591K, committed 59692K, reserved 1101824K
  class space    used 7336K, capacity 7752K, committed 7808K, reserved 1048576K
}
Event: 32.960 GC heap before
{Heap before GC invocations=17 (full 0):
 garbage-first heap   total 78848K, used 60256K [0x00000000c1800000, 0x0000000100000000)
  region size 1024K, 34 young (34816K), 3 survivors (3072K)
 Metaspace       used 60812K, capacity 62017K, committed 62380K, reserved 1103872K
  class space    used 7622K, capacity 8074K, committed 8192K, reserved 1048576K
}
Event: 32.971 GC heap after
{Heap after GC invocations=18 (full 0):
 garbage-first heap   total 78848K, used 30887K [0x00000000c1800000, 0x0000000100000000)
  region size 1024K, 4 young (4096K), 4 survivors (4096K)
 Metaspace       used 60812K, capacity 62017K, committed 62380K, reserved 1103872K
  class space    used 7622K, capacity 8074K, committed 8192K, reserved 1048576K
}

Deoptimization events (10 events):
Event: 33.789 Thread 0x00000206b256c800 Uncommon trap: reason=unstable_if action=reinterpret pc=0x00000206c2f46fb8 method=java.util.concurrent.ConcurrentHashMap.transfer([Ljava/util/concurrent/ConcurrentHashMap$Node;[Ljava/util/concurrent/ConcurrentHashMap$Node;)V @ 352 c2
Event: 33.789 Thread 0x00000206b256c800 Uncommon trap: reason=unstable_if action=reinterpret pc=0x00000206c2f42340 method=java.util.concurrent.ConcurrentHashMap.transfer([Ljava/util/concurrent/ConcurrentHashMap$Node;[Ljava/util/concurrent/ConcurrentHashMap$Node;)V @ 352 c2
Event: 34.012 Thread 0x00000206b256c800 Uncommon trap: reason=unstable_if action=reinterpret pc=0x00000206c30ce92c method=org.springframework.asm.Type.getTypeInternal(Ljava/lang/String;II)Lorg/springframework/asm/Type; @ 5 c2
Event: 34.016 Thread 0x00000206b256c800 Uncommon trap: reason=null_check action=make_not_entrant pc=0x00000206c31e75c0 method=java.lang.Class.getMethodsRecursive(Ljava/lang/String;[Ljava/lang/Class;Z)Ljava/lang/PublicMethods$MethodList; @ 26 c2
Event: 34.017 Thread 0x00000206b256c800 Uncommon trap: reason=null_check action=make_not_entrant pc=0x00000206c3029ad8 method=org.springframework.util.ClassUtils.isAssignable(Ljava/lang/Class;Ljava/lang/Class;)Z @ 14 c2
Event: 34.342 Thread 0x00000206b256c800 Uncommon trap: reason=class_check action=maybe_recompile pc=0x00000206c3220578 method=org.springframework.core.annotation.AnnotatedElementUtils.searchWithGetSemanticsInAnnotations(Ljava/lang/reflect/AnnotatedElement;Ljava/util/List;Ljava/util/Set;Ljava/la
Event: 34.342 Thread 0x00000206b256c800 Uncommon trap: reason=unstable_if action=reinterpret pc=0x00000206c3220088 method=org.springframework.core.annotation.AnnotatedElementUtils.searchWithGetSemanticsInAnnotations(Ljava/lang/reflect/AnnotatedElement;Ljava/util/List;Ljava/util/Set;Ljava/lang/S
Event: 34.447 Thread 0x00000206b256c800 Uncommon trap: reason=unstable_if action=reinterpret pc=0x00000206c303c858 method=org.springframework.util.ConcurrentReferenceHashMap$Segment.clear()V @ 4 c2
Event: 40.189 Thread 0x00000206d3456800 Uncommon trap: reason=profile_predicate action=maybe_recompile pc=0x00000206c31318c4 method=java.util.TreeMap.put(Ljava/lang/Object;Ljava/lang/Object;)Ljava/lang/Object; @ 55 c2
Event: 40.189 Thread 0x00000206d3456800 Uncommon trap: reason=profile_predicate action=maybe_recompile pc=0x00000206c31318c4 method=java.util.TreeMap.put(Ljava/lang/Object;Ljava/lang/Object;)Ljava/lang/Object; @ 55 c2

Classes redefined (0 events):
No events

Internal exceptions (10 events):
Event: 30.862 Thread 0x00000206b256c800 Exception <a 'java/lang/ClassNotFoundException'{0x00000000c554f1b8}: org/springframework/beans/factory/AwareCustomizer> (0x00000000c554f1b8) thrown at [./open/src/hotspot/share/classfile/systemDictionary.cpp, line 226]
Event: 30.862 Thread 0x00000206b256c800 Exception <a 'java/lang/ClassNotFoundException'{0x00000000c55592e0}: org/springframework/context/ApplicationContextAwareCustomizer> (0x00000000c55592e0) thrown at [./open/src/hotspot/share/classfile/systemDictionary.cpp, line 226]
Event: 30.864 Thread 0x00000206b256c800 Exception <a 'java/lang/ClassNotFoundException'{0x00000000c5563820}: org/springframework/beans/factory/AwareCustomizer> (0x00000000c5563820) thrown at [./open/src/hotspot/share/classfile/systemDictionary.cpp, line 226]
Event: 30.865 Thread 0x00000206b256c800 Exception <a 'java/lang/ClassNotFoundException'{0x00000000c556d910}: org/springframework/web/context/ServletContextAwareCustomizer> (0x00000000c556d910) thrown at [./open/src/hotspot/share/classfile/systemDictionary.cpp, line 226]
Event: 30.867 Thread 0x00000206b256c800 Exception <a 'java/lang/ClassNotFoundException'{0x00000000c5577928}: org/springframework/beans/factory/AwareCustomizer> (0x00000000c5577928) thrown at [./open/src/hotspot/share/classfile/systemDictionary.cpp, line 226]
Event: 32.185 Thread 0x00000206b256c800 Exception <a 'java/lang/NoSuchMethodError'{0x00000000c496f948}: java.lang.invoke.DirectMethodHandle$Holder.invokeVirtual(Ljava/lang/Object;Ljava/lang/Object;I)V> (0x00000000c496f948) thrown at [./open/src/hotspot/share/interpreter/linkResolver.cpp, line 7
Event: 34.016 Thread 0x00000206b256c800 Implicit null exception at 0x00000206c31e59e6 to 0x00000206c31e75b0
Event: 34.017 Thread 0x00000206b256c800 Implicit null exception at 0x00000206c30298da to 0x00000206c3029ac4
Event: 34.667 Thread 0x00000206b256c800 Exception <a 'java/lang/NoSuchMethodError'{0x00000000c57681c0}: java.lang.invoke.DirectMethodHandle$Holder.invokeSpecial(Ljava/lang/Object;Ljava/lang/Object;)V> (0x00000000c57681c0) thrown at [./open/src/hotspot/share/interpreter/linkResolver.cpp, line 77
Event: 34.669 Thread 0x00000206b256c800 Exception <a 'java/lang/NoSuchMethodError'{0x00000000c576dc68}: java.lang.invoke.DirectMethodHandle$Holder.newInvokeSpecial(Ljava/lang/Object;I)Ljava/lang/Object;> (0x00000000c576dc68) thrown at [./open/src/hotspot/share/interpreter/linkResolver.cpp, line

Events (10 events):
Event: 87.975 loading class org/hibernate/SessionException
Event: 87.975 loading class org/hibernate/SessionException done
Event: 87.977 loading class org/hibernate/engine/jdbc/spi/JdbcCoordinator
Event: 87.977 loading class org/hibernate/engine/jdbc/spi/JdbcCoordinator done
Event: 87.978 loading class org/hibernate/resource/transaction/backend/jdbc/spi/JdbcResourceTransactionAccess
Event: 87.978 loading class org/hibernate/resource/transaction/backend/jdbc/spi/JdbcResourceTransactionAccess done
Event: 87.992 loading class org/hibernate/engine/spi/ExceptionConverter
Event: 87.992 loading class org/hibernate/engine/spi/ExceptionConverter done
Event: 87.993 Executing VM operation: RevokeBias
Event: 87.993 Executing VM operation: RevokeBias done


Dynamic libraries:
0x00007ff6dcec0000 - 0x00007ff6dced0000 	C:\Program Files\Java\jdk-11\bin\javaw.exe
0x00007ffca96e0000 - 0x00007ffca98d0000 	C:\Windows\SYSTEM32\ntdll.dll
0x00007ffca95e0000 - 0x00007ffca9692000 	C:\Windows\System32\KERNEL32.DLL
0x00007ffca74e0000 - 0x00007ffca7783000 	C:\Windows\System32\KERNELBASE.dll
0x00007ffc93eb0000 - 0x00007ffc93ecb000 	C:\Program Files\Java\jdk-11\bin\VCRUNTIME140.dll
0x00007ffca73e0000 - 0x00007ffca74da000 	C:\Windows\System32\ucrtbase.dll
0x00007ffc93e90000 - 0x00007ffc93ea9000 	C:\Program Files\Java\jdk-11\bin\jli.dll
0x00007ffca7870000 - 0x00007ffca7913000 	C:\Windows\System32\ADVAPI32.dll
0x00007ffca84b0000 - 0x00007ffca854e000 	C:\Windows\System32\msvcrt.dll
0x00007ffca8360000 - 0x00007ffca83f7000 	C:\Windows\System32\sechost.dll
0x00007ffca8090000 - 0x00007ffca81b0000 	C:\Windows\System32\RPCRT4.dll
0x00007ffca00e0000 - 0x00007ffca0365000 	C:\Windows\WinSxS\amd64_microsoft.windows.common-controls_6595b64144ccf1df_6.0.18362.535_none_e6c3b34713100821\COMCTL32.dll
0x00007ffca79a0000 - 0x00007ffca7cd6000 	C:\Windows\System32\combase.dll
0x00007ffca6fe0000 - 0x00007ffca7060000 	C:\Windows\System32\bcryptPrimitives.dll
0x00007ffca9200000 - 0x00007ffca9226000 	C:\Windows\System32\GDI32.dll
0x00007ffca7140000 - 0x00007ffca7161000 	C:\Windows\System32\win32u.dll
0x00007ffca6670000 - 0x00007ffca6804000 	C:\Windows\System32\gdi32full.dll
0x00007ffca7170000 - 0x00007ffca720e000 	C:\Windows\System32\msvcp_win.dll
0x00007ffca7e90000 - 0x00007ffca8024000 	C:\Windows\System32\USER32.dll
0x00007ffc9ce50000 - 0x00007ffc9ce5a000 	C:\Windows\SYSTEM32\VERSION.dll
0x00007ffca7790000 - 0x00007ffca77be000 	C:\Windows\System32\IMM32.DLL
0x00007ffc949f0000 - 0x00007ffc949fc000 	C:\Program Files\Java\jdk-11\bin\vcruntime140_1.dll
0x00007ffc93cf0000 - 0x00007ffc93d7e000 	C:\Program Files\Java\jdk-11\bin\msvcp140.dll
0x00007ffc59f90000 - 0x00007ffc5aafd000 	C:\Program Files\Java\jdk-11\bin\server\jvm.dll
0x00007ffca9230000 - 0x00007ffca9238000 	C:\Windows\System32\PSAPI.DLL
0x00007ffc9d8f0000 - 0x00007ffc9d8f9000 	C:\Windows\SYSTEM32\WSOCK32.dll
0x00007ffca8570000 - 0x00007ffca85df000 	C:\Windows\System32\WS2_32.dll
0x00007ffca43d0000 - 0x00007ffca43f4000 	C:\Windows\SYSTEM32\WINMM.dll
0x00007ffca43a0000 - 0x00007ffca43cd000 	C:\Windows\SYSTEM32\WINMMBASE.dll
0x00007ffca6810000 - 0x00007ffca685a000 	C:\Windows\System32\cfgmgr32.dll
0x00007ffca65c0000 - 0x00007ffca65d1000 	C:\Windows\System32\kernel.appcore.dll
0x00007ffc948f0000 - 0x00007ffc94900000 	C:\Program Files\Java\jdk-11\bin\verify.dll
0x00007ffc95f70000 - 0x00007ffc96164000 	C:\Windows\SYSTEM32\DBGHELP.DLL
0x00007ffc959c0000 - 0x00007ffc959ea000 	C:\Windows\SYSTEM32\dbgcore.DLL
0x00007ffc93cc0000 - 0x00007ffc93ce8000 	C:\Program Files\Java\jdk-11\bin\java.dll
0x00007ffc93cb0000 - 0x00007ffc93cba000 	C:\Program Files\Java\jdk-11\bin\jimage.dll
0x00007ffc78830000 - 0x00007ffc78847000 	C:\Program Files\Java\jdk-11\bin\zip.dll
0x00007ffca8ab0000 - 0x00007ffca9195000 	C:\Windows\System32\SHELL32.dll
0x00007ffca77c0000 - 0x00007ffca7869000 	C:\Windows\System32\shcore.dll
0x00007ffca6860000 - 0x00007ffca6fdf000 	C:\Windows\System32\windows.storage.dll
0x00007ffca6650000 - 0x00007ffca666f000 	C:\Windows\System32\profapi.dll
0x00007ffca65e0000 - 0x00007ffca662a000 	C:\Windows\System32\powrprof.dll
0x00007ffca65b0000 - 0x00007ffca65c0000 	C:\Windows\System32\UMPDC.dll
0x00007ffca8030000 - 0x00007ffca8082000 	C:\Windows\System32\shlwapi.dll
0x00007ffca7210000 - 0x00007ffca7227000 	C:\Windows\System32\cryptsp.dll
0x00007ffc785d0000 - 0x00007ffc785e9000 	C:\Program Files\Java\jdk-11\bin\net.dll
0x00007ffc9d920000 - 0x00007ffc9da10000 	C:\Windows\SYSTEM32\WINHTTP.dll
0x00007ffca5e20000 - 0x00007ffca5e87000 	C:\Windows\system32\mswsock.dll
0x00007ffc77050000 - 0x00007ffc77062000 	C:\Program Files\Java\jdk-11\bin\nio.dll
0x00007ffc93bd0000 - 0x00007ffc93bd9000 	C:\Program Files\Java\jdk-11\bin\management.dll
0x00007ffc8bf50000 - 0x00007ffc8bf5b000 	C:\Program Files\Java\jdk-11\bin\management_ext.dll
0x00007ffc8ad50000 - 0x00007ffc8ad66000 	C:\Windows\system32\napinsp.dll
0x00007ffc8ac60000 - 0x00007ffc8ac7a000 	C:\Windows\system32\pnrpnsp.dll
0x00007ffca5b70000 - 0x00007ffca5c3a000 	C:\Windows\SYSTEM32\DNSAPI.dll
0x00007ffca7920000 - 0x00007ffca7928000 	C:\Windows\System32\NSI.dll
0x00007ffca5b30000 - 0x00007ffca5b6a000 	C:\Windows\SYSTEM32\IPHLPAPI.DLL
0x00007ffc8ad40000 - 0x00007ffc8ad4e000 	C:\Windows\System32\winrnr.dll
0x00007ffca4250000 - 0x00007ffca426c000 	C:\Windows\system32\NLAapi.dll
0x00007ffc88470000 - 0x00007ffc88485000 	C:\Windows\system32\wshbth.dll
0x00007ffc9ce40000 - 0x00007ffc9ce4a000 	C:\Windows\System32\rasadhlp.dll
0x00007ffca0410000 - 0x00007ffca0487000 	C:\Windows\System32\fwpuclnt.dll
0x00007ffca7060000 - 0x00007ffca7086000 	C:\Windows\System32\bcrypt.dll
0x00007ffca5990000 - 0x00007ffca59c3000 	C:\Windows\system32\rsaenh.dll
0x00007ffca64a0000 - 0x00007ffca64c5000 	C:\Windows\SYSTEM32\USERENV.dll
0x00007ffca5ff0000 - 0x00007ffca5ffc000 	C:\Windows\SYSTEM32\CRYPTBASE.dll
0x00007ffca0960000 - 0x00007ffca0976000 	C:\Windows\SYSTEM32\dhcpcsvc6.DLL
0x00007ffca10d0000 - 0x00007ffca10ec000 	C:\Windows\SYSTEM32\dhcpcsvc.DLL

dbghelp: loaded successfully - version: 4.0.5 - missing functions: none
symbol engine: initialized successfully - sym options: 0x614 - pdb path: .;C:\Program Files\Java\jdk-11\bin;C:\Windows\SYSTEM32;C:\Windows\WinSxS\amd64_microsoft.windows.common-controls_6595b64144ccf1df_6.0.18362.535_none_e6c3b34713100821;C:\Program Files\Java\jdk-11\bin\server

VM Arguments:
jvm_args: -Dfile.encoding=UTF-8 
java_command: webgiay.StartServerJava
java_class_path (initial): E:\DoAn\WebGiay\target\classes;C:\Users\Admin\.m2\repository\org\springframework\boot\spring-boot-starter-web\2.1.4.RELEASE\spring-boot-starter-web-2.1.4.RELEASE.jar;C:\Users\Admin\.m2\repository\org\springframework\boot\spring-boot-starter\2.1.4.RELEASE\spring-boot-starter-2.1.4.RELEASE.jar;C:\Users\Admin\.m2\repository\org\springframework\boot\spring-boot\2.1.4.RELEASE\spring-boot-2.1.4.RELEASE.jar;C:\Users\Admin\.m2\repository\org\springframework\boot\spring-boot-autoconfigure\2.1.4.RELEASE\spring-boot-autoconfigure-2.1.4.RELEASE.jar;C:\Users\Admin\.m2\repository\org\springframework\boot\spring-boot-starter-logging\2.1.4.RELEASE\spring-boot-starter-logging-2.1.4.RELEASE.jar;C:\Users\Admin\.m2\repository\ch\qos\logback\logback-classic\1.2.3\logback-classic-1.2.3.jar;C:\Users\Admin\.m2\repository\ch\qos\logback\logback-core\1.2.3\logback-core-1.2.3.jar;C:\Users\Admin\.m2\repository\org\apache\logging\log4j\log4j-to-slf4j\2.11.2\log4j-to-slf4j-2.11.2.jar;C:\Users\Admin\.m2\repository\org\apache\logging\log4j\log4j-api\2.11.2\log4j-api-2.11.2.jar;C:\Users\Admin\.m2\repository\org\slf4j\jul-to-slf4j\1.7.26\jul-to-slf4j-1.7.26.jar;C:\Users\Admin\.m2\repository\javax\annotation\javax.annotation-api\1.3.2\javax.annotation-api-1.3.2.jar;C:\Users\Admin\.m2\repository\org\springframework\spring-core\5.1.6.RELEASE\spring-core-5.1.6.RELEASE.jar;C:\Users\Admin\.m2\repository\org\springframework\spring-jcl\5.1.6.RELEASE\spring-jcl-5.1.6.RELEASE.jar;C:\Users\Admin\.m2\repository\org\yaml\snakeyaml\1.23\snakeyaml-1.23.jar;C:\Users\Admin\.m2\repository\org\springframework\boot\spring-boot-starter-json\2.1.4.RELEASE\spring-boot-starter-json-2.1.4.RELEASE.jar;C:\Users\Admin\.m2\repository\com\fasterxml\jackson\core\jackson-databind\2.9.8\jackson-databind-2.9.8.jar;C:\Users\Admin\.m2\repository\com\fasterxml\jackson\core\jackson-annotations\2.9.0\jackson-annotations-2.9.0.jar;C:\Users\Admin\.m2\repository\com\fasterxml\jackson\core\jackson-core\2.9.8\jack
Launcher Type: SUN_STANDARD

[Global flags]
     intx CICompilerCount                          = 3                                         {product} {ergonomic}
     uint ConcGCThreads                            = 1                                         {product} {ergonomic}
     uint G1ConcRefinementThreads                  = 4                                         {product} {ergonomic}
   size_t G1HeapRegionSize                         = 1048576                                   {product} {ergonomic}
    uintx GCDrainStackTargetSize                   = 64                                        {product} {ergonomic}
   size_t InitialHeapSize                          = 67108864                                  {product} {ergonomic}
   size_t MarkStackSize                            = 4194304                                   {product} {ergonomic}
   size_t MaxHeapSize                              = 1048576000                                {product} {ergonomic}
   size_t MaxNewSize                               = 629145600                                 {product} {ergonomic}
   size_t MinHeapDeltaBytes                        = 1048576                                   {product} {ergonomic}
    uintx NonNMethodCodeHeapSize                   = 5830732                                {pd product} {ergonomic}
    uintx NonProfiledCodeHeapSize                  = 122913754                              {pd product} {ergonomic}
    uintx ProfiledCodeHeapSize                     = 122913754                              {pd product} {ergonomic}
    uintx ReservedCodeCacheSize                    = 251658240                              {pd product} {ergonomic}
     bool SegmentedCodeCache                       = true                                      {product} {ergonomic}
     bool UseCompressedClassPointers               = true                                 {lp64_product} {ergonomic}
     bool UseCompressedOops                        = true                                 {lp64_product} {ergonomic}
     bool UseG1GC                                  = true                                      {product} {ergonomic}
     bool UseLargePagesIndividualAllocation        = false                                  {pd product} {ergonomic}

Logging:
Log output configuration:
 #0: stdout all=warning uptime,level,tags
 #1: stderr all=off uptime,level,tags

Environment Variables:
JAVA_HOME=C:\Program Files\Java\jdk-11
PATH=C:/Users/Admin/Downloads/eclipse-jee-2020-12-R-win32-x86_64/eclipse//plugins/org.eclipse.justj.openjdk.hotspot.jre.full.win32.x86_64_15.0.1.v20201027-0507/jre/bin/server;C:/Users/Admin/Downloads/eclipse-jee-2020-12-R-win32-x86_64/eclipse//plugins/org.eclipse.justj.openjdk.hotspot.jre.full.win32.x86_64_15.0.1.v20201027-0507/jre/bin;C:\ProgramData\Oracle\Java\javapath;C:\Program Files\Common Files\Oracle\Java\javapath;C:\Windows\system32;C:\Windows;C:\Windows\System32\Wbem;C:\Windows\System32\WindowsPowerShell\v1.0\;C:\Windows\System32\OpenSSH\;C:\Program Files\Microsoft SQL Server\Client SDK\ODBC\170\Tools\Binn\;C:\Program Files (x86)\Microsoft SQL Server\150\Tools\Binn\;C:\Program Files\Microsoft SQL Server\150\Tools\Binn\;C:\Program Files\Microsoft SQL Server\150\DTS\Binn\;C:\Program Files\Azure Data Studio\bin;C:\Program Files (x86)\Microsoft SQL Server\150\DTS\Binn\;C:\Program Files (x86)\Rational\common;C:\Program Files\Git\cmd;C:\Program Files\Java\jdk1.8.0_112\bin;C:\Program Files\Java\jdk1.8.0_45\bin;C:\Program Files\Java\jdk-11\bin;C:\Program Files\Java\jdk-21\bin;C:\Program Files\Microsoft SQL Server\130\Tools\Binn\;C:\Program Files\TortoiseSVN\bin;C:\Program Files\MySQL\MySQL Shell 8.0\bin\;C:\Users\Admin\AppData\Local\Microsoft\WindowsApps;C:\Users\Admin\AppData\Local\Programs\Microsoft VS Code\bin;C:\Program Files\Azure Data Studio\bin;C:\Users\Admin\AppData\Local\GitHubDesktop\bin;C:\Users\Admin\Downloads\eclipse-jee-2020-12-R-win32-x86_64\eclipse;
USERNAME=Admin
OS=Windows_NT
PROCESSOR_IDENTIFIER=Intel64 Family 6 Model 61 Stepping 4, GenuineIntel



---------------  S Y S T E M  ---------------

OS: Windows 10 , 64 bit Build 18362 (10.0.18362.329)

CPU:total 4 (initial active 4) (2 cores per cpu, 2 threads per core) family 6 model 61 stepping 4 microcode 0x2f, cmov, cx8, fxsr, mmx, sse, sse2, sse3, ssse3, sse4.1, sse4.2, popcnt, avx, avx2, aes, clmul, erms, 3dnowpref, lzcnt, ht, tsc, tscinvbit, bmi1, bmi2, adx, fma

Memory: 4k page, system-wide physical 3996M (523M free)
TotalPageFile size 8092M (AvailPageFile size 34M)
current process WorkingSet (physical memory assigned to process): 230M, peak: 269M
current process commit charge ("private bytes"): 265M, peak: 305M

vm_info: Java HotSpot(TM) 64-Bit Server VM (11.0.20+9-LTS-256) for windows-amd64 JRE (11.0.20+9-LTS-256), built on Jun 14 2023 10:34:22 by "mach5one" with MS VC++ 17.1 (VS2022)

END.
