#
# There is insufficient memory for the Java Runtime Environment to continue.
# Native memory allocation (malloc) failed to allocate 32744 bytes for ChunkPool::allocate
# Possible reasons:
#   The system is out of physical RAM or swap space
#   The process is running with CompressedOops enabled, and the Java Heap may be blocking the growth of the native heap
# Possible solutions:
#   Reduce memory load on the system
#   Increase physical memory or swap space
#   Check if swap backing store is full
#   Decrease Java heap size (-Xmx/-Xms)
#   Decrease number of Java threads
#   Decrease Java thread stack sizes (-Xss)
#   Set larger code cache with -XX:ReservedCodeCacheSize=
#   JVM is running with Unscaled Compressed Oops mode in which the Java heap is
#     placed in the first 4GB address space. The Java Heap base address is the
#     maximum limit for the native heap growth. Please use -XX:HeapBaseMinAddress
#     to set the Java Heap base and to place the Java Heap above 4GB virtual address.
# This output file may be truncated or incomplete.
#
#  Out of Memory Error (./open/src/hotspot/share/memory/arena.cpp:81), pid=9440, tid=1804
#
# JRE version: Java(TM) SE Runtime Environment 18.9 (11.0.20+9) (build 11.0.20+9-LTS-256)
# Java VM: Java HotSpot(TM) 64-Bit Server VM 18.9 (11.0.20+9-LTS-256, mixed mode, tiered, compressed oops, g1 gc, windows-amd64)
# No core dump will be written. Minidumps are not enabled by default on client versions of Windows
#

---------------  S U M M A R Y ------------

Command Line: -Dfile.encoding=UTF-8 webgiay.StartServerJava

Host: Intel(R) Core(TM) i5-5200U CPU @ 2.20GHz, 4 cores, 3G,  Windows 10 , 64 bit Build 18362 (10.0.18362.329)
Time: Wed Apr 24 21:37:27 2024 SE Asia Standard Time elapsed time: 362.022352 seconds (0d 0h 6m 2s)

---------------  T H R E A D  ---------------

Current thread (0x0000018ef532a000):  JavaThread "C2 CompilerThread0" daemon [_thread_in_native, id=1804, stack(0x00000067be700000,0x00000067be800000)]


Current CompileTask:
C2: 362022 7371       4       org.eclipse.jdt.internal.compiler.lookup.BinaryTypeBinding::createMethod (1613 bytes)

Stack: [0x00000067be700000,0x00000067be800000]
Native frames: (J=compiled Java code, j=interpreted, Vv=VM code, C=native code)
V  [jvm.dll+0x6602ba]
V  [jvm.dll+0x7a32af]
V  [jvm.dll+0x7a4979]
V  [jvm.dll+0x7a5013]
V  [jvm.dll+0x258ef5]
V  [jvm.dll+0xb2c7f]
V  [jvm.dll+0xb2fcc]
V  [jvm.dll+0xb2b24]
V  [jvm.dll+0x63fbaf]
V  [jvm.dll+0x69097b]
V  [jvm.dll+0x1a2c40]
V  [jvm.dll+0x211d4d]
V  [jvm.dll+0x210bc8]
V  [jvm.dll+0x18cdb1]
V  [jvm.dll+0x220e59]
V  [jvm.dll+0x21f17c]
V  [jvm.dll+0x767061]
V  [jvm.dll+0x75f8e4]
V  [jvm.dll+0x65f165]
C  [ucrtbase.dll+0x20e72]
C  [KERNEL32.DLL+0x17bd4]
C  [ntdll.dll+0x6ced1]


---------------  P R O C E S S  ---------------

Threads class SMR info:
_java_thread_list=0x0000018efa9186b0, length=29, elements={
0x0000018ef529d000, 0x0000018ef529e800, 0x0000018ef5317800, 0x0000018ef5318800,
0x0000018ef5319800, 0x0000018ef532a000, 0x0000018ef5335000, 0x0000018ef5c48800,
0x0000018ef5d93800, 0x0000018efa2dc000, 0x0000018ef715a000, 0x0000018ef8ca7800,
0x0000018ef920f000, 0x0000018ef8a13000, 0x0000018efafbe000, 0x0000018ef8d8b000,
0x0000018ef8e77800, 0x0000018ef8d88000, 0x0000018ef8bf9800, 0x0000018ef8bf8800,
0x0000018ef8bfa800, 0x0000018ef8bf8000, 0x0000018ef8eb8800, 0x0000018ef8eb6000,
0x0000018ef8eb5800, 0x0000018ef8eb7000, 0x0000018ef8eb7800, 0x0000018ef8eb9800,
0x0000018ef8eba000
}

Java Threads: ( => current thread )
  0x0000018ef529d000 JavaThread "Reference Handler" daemon [_thread_blocked, id=6324, stack(0x00000067be200000,0x00000067be300000)]
  0x0000018ef529e800 JavaThread "Finalizer" daemon [_thread_blocked, id=1544, stack(0x00000067be300000,0x00000067be400000)]
  0x0000018ef5317800 JavaThread "Signal Dispatcher" daemon [_thread_blocked, id=5904, stack(0x00000067be400000,0x00000067be500000)]
  0x0000018ef5318800 JavaThread "Attach Listener" daemon [_thread_blocked, id=6216, stack(0x00000067be500000,0x00000067be600000)]
  0x0000018ef5319800 JavaThread "Service Thread" daemon [_thread_blocked, id=2084, stack(0x00000067be600000,0x00000067be700000)]
=>0x0000018ef532a000 JavaThread "C2 CompilerThread0" daemon [_thread_in_native, id=1804, stack(0x00000067be700000,0x00000067be800000)]
  0x0000018ef5335000 JavaThread "C1 CompilerThread0" daemon [_thread_in_native, id=2552, stack(0x00000067be800000,0x00000067be900000)]
  0x0000018ef5c48800 JavaThread "Sweeper thread" daemon [_thread_blocked, id=3932, stack(0x00000067be900000,0x00000067bea00000)]
  0x0000018ef5d93800 JavaThread "Common-Cleaner" daemon [_thread_blocked, id=3860, stack(0x00000067beb00000,0x00000067bec00000)]
  0x0000018efa2dc000 JavaThread "Catalina-utility-1" [_thread_blocked, id=8272, stack(0x00000067bec00000,0x00000067bed00000)]
  0x0000018ef715a000 JavaThread "Catalina-utility-2" [_thread_blocked, id=10016, stack(0x00000067bed00000,0x00000067bee00000)]
  0x0000018ef8ca7800 JavaThread "container-0" [_thread_blocked, id=6508, stack(0x00000067bf200000,0x00000067bf300000)]
  0x0000018ef920f000 JavaThread "mysql-cj-abandoned-connection-cleanup" daemon [_thread_blocked, id=6068, stack(0x00000067bf300000,0x00000067bf400000)]
  0x0000018ef8a13000 JavaThread "HikariPool-1 housekeeper" daemon [_thread_blocked, id=2564, stack(0x00000067bf500000,0x00000067bf600000)]
  0x0000018efafbe000 JavaThread "NioBlockingSelector.BlockPoller-1" daemon [_thread_in_native, id=2924, stack(0x00000067bf800000,0x00000067bf900000)]
  0x0000018ef8d8b000 JavaThread "http-nio-9090-exec-1" daemon [_thread_in_native, id=2008, stack(0x00000067bf900000,0x00000067bfa00000)]
  0x0000018ef8e77800 JavaThread "http-nio-9090-exec-2" daemon [_thread_blocked, id=9124, stack(0x00000067bfa00000,0x00000067bfb00000)]
  0x0000018ef8d88000 JavaThread "http-nio-9090-exec-3" daemon [_thread_blocked, id=5476, stack(0x00000067bfb00000,0x00000067bfc00000)]
  0x0000018ef8bf9800 JavaThread "http-nio-9090-exec-4" daemon [_thread_blocked, id=7304, stack(0x00000067bfc00000,0x00000067bfd00000)]
  0x0000018ef8bf8800 JavaThread "http-nio-9090-exec-5" daemon [_thread_blocked, id=1716, stack(0x00000067bfd00000,0x00000067bfe00000)]
  0x0000018ef8bfa800 JavaThread "http-nio-9090-exec-6" daemon [_thread_blocked, id=11156, stack(0x00000067bfe00000,0x00000067bff00000)]
  0x0000018ef8bf8000 JavaThread "http-nio-9090-exec-7" daemon [_thread_blocked, id=7832, stack(0x00000067bff00000,0x00000067c0000000)]
  0x0000018ef8eb8800 JavaThread "http-nio-9090-exec-8" daemon [_thread_blocked, id=8796, stack(0x00000067c0000000,0x00000067c0100000)]
  0x0000018ef8eb6000 JavaThread "http-nio-9090-exec-9" daemon [_thread_blocked, id=2404, stack(0x00000067c0100000,0x00000067c0200000)]
  0x0000018ef8eb5800 JavaThread "http-nio-9090-exec-10" daemon [_thread_blocked, id=7156, stack(0x00000067c0200000,0x00000067c0300000)]
  0x0000018ef8eb7000 JavaThread "http-nio-9090-ClientPoller-0" daemon [_thread_in_native, id=9556, stack(0x00000067c0300000,0x00000067c0400000)]
  0x0000018ef8eb7800 JavaThread "http-nio-9090-ClientPoller-1" daemon [_thread_in_native, id=8376, stack(0x00000067c0400000,0x00000067c0500000)]
  0x0000018ef8eb9800 JavaThread "http-nio-9090-Acceptor-0" daemon [_thread_in_native, id=8244, stack(0x00000067c0500000,0x00000067c0600000)]
  0x0000018ef8eba000 JavaThread "DestroyJavaVM" [_thread_blocked, id=2860, stack(0x00000067bdb00000,0x00000067bdc00000)]

Other Threads:
  0x0000018ef529b800 VMThread "VM Thread" [stack: 0x00000067be100000,0x00000067be200000] [id=4624]
  0x0000018ef5d95000 WatcherThread [stack: 0x00000067bea00000,0x00000067beb00000] [id=3852]
  0x0000018eda20d800 GCTaskThread "GC Thread#0" [stack: 0x00000067bdc00000,0x00000067bdd00000] [id=2940]
  0x0000018ef6a56000 GCTaskThread "GC Thread#1" [stack: 0x00000067bee00000,0x00000067bef00000] [id=6476]
  0x0000018ef6af0000 GCTaskThread "GC Thread#2" [stack: 0x00000067bef00000,0x00000067bf000000] [id=2876]
  0x0000018ef6af1000 GCTaskThread "GC Thread#3" [stack: 0x00000067bf000000,0x00000067bf100000] [id=3608]
  0x0000018eda228800 ConcurrentGCThread "G1 Main Marker" [stack: 0x00000067bdd00000,0x00000067bde00000] [id=3472]
  0x0000018eda22b800 ConcurrentGCThread "G1 Conc#0" [stack: 0x00000067bde00000,0x00000067bdf00000] [id=5292]
  0x0000018eda285000 ConcurrentGCThread "G1 Refine#0" [stack: 0x00000067bdf00000,0x00000067be000000] [id=2844]
  0x0000018ef5fd2800 ConcurrentGCThread "G1 Refine#1" [stack: 0x00000067bf100000,0x00000067bf200000] [id=8032]
  0x0000018eda289000 ConcurrentGCThread "G1 Young RemSet Sampling" [stack: 0x00000067be000000,0x00000067be100000] [id=9664]

Threads with active compile tasks:
C2 CompilerThread0   362140 7371       4       org.eclipse.jdt.internal.compiler.lookup.BinaryTypeBinding::createMethod (1613 bytes)
C1 CompilerThread0   362140 7746       3       sun.nio.cs.UTF_8$Decoder::decodeArrayLoop (691 bytes)

VM state:not at safepoint (normal execution)

VM Mutex/Monitor currently owned by a thread: None

Heap address: 0x00000000c1800000, size: 1000 MB, Compressed Oops mode: 32-bit
Narrow klass base: 0x0000000000000000, Narrow klass shift: 3
Compressed class space size: 1073741824 Address: 0x0000000100000000

Heap:
 garbage-first heap   total 95232K, used 41040K [0x00000000c1800000, 0x0000000100000000)
  region size 1024K, 11 young (11264K), 3 survivors (3072K)
 Metaspace       used 73925K, capacity 75229K, committed 75388K, reserved 1116160K
  class space    used 8797K, capacity 9308K, committed 9344K, reserved 1048576K
Heap Regions: E=young(eden), S=young(survivor), O=old, HS=humongous(starts), HC=humongous(continues), CS=collection set, F=free, A=archive, TAMS=top-at-mark-start (previous, next)
|   0|0x00000000c1800000, 0x00000000c1900000, 0x00000000c1900000|100%|HS|  |TAMS 0x00000000c1900000, 0x00000000c1800000| Complete 
|   1|0x00000000c1900000, 0x00000000c1a00000, 0x00000000c1a00000|100%| O|  |TAMS 0x00000000c1a00000, 0x00000000c1900000| Untracked 
|   2|0x00000000c1a00000, 0x00000000c1b00000, 0x00000000c1b00000|100%| O|  |TAMS 0x00000000c1b00000, 0x00000000c1a00000| Untracked 
|   3|0x00000000c1b00000, 0x00000000c1c00000, 0x00000000c1c00000|100%| O|  |TAMS 0x00000000c1c00000, 0x00000000c1b00000| Untracked 
|   4|0x00000000c1c00000, 0x00000000c1d00000, 0x00000000c1d00000|100%| O|  |TAMS 0x00000000c1d00000, 0x00000000c1c00000| Untracked 
|   5|0x00000000c1d00000, 0x00000000c1e00000, 0x00000000c1e00000|100%| O|  |TAMS 0x00000000c1e00000, 0x00000000c1d00000| Untracked 
|   6|0x00000000c1e00000, 0x00000000c1f00000, 0x00000000c1f00000|100%| O|  |TAMS 0x00000000c1f00000, 0x00000000c1e00000| Untracked 
|   7|0x00000000c1f00000, 0x00000000c2000000, 0x00000000c2000000|100%| O|  |TAMS 0x00000000c2000000, 0x00000000c1f00000| Untracked 
|   8|0x00000000c2000000, 0x00000000c2100000, 0x00000000c2100000|100%| O|  |TAMS 0x00000000c2100000, 0x00000000c2000000| Untracked 
|   9|0x00000000c2100000, 0x00000000c2200000, 0x00000000c2200000|100%| O|  |TAMS 0x00000000c2200000, 0x00000000c2100000| Untracked 
|  10|0x00000000c2200000, 0x00000000c2300000, 0x00000000c2300000|100%| O|  |TAMS 0x00000000c2300000, 0x00000000c2200000| Untracked 
|  11|0x00000000c2300000, 0x00000000c2400000, 0x00000000c2400000|100%| O|  |TAMS 0x00000000c2400000, 0x00000000c2300000| Untracked 
|  12|0x00000000c2400000, 0x00000000c2500000, 0x00000000c2500000|100%| O|  |TAMS 0x00000000c2500000, 0x00000000c2400000| Untracked 
|  13|0x00000000c2500000, 0x00000000c2600000, 0x00000000c2600000|100%| O|  |TAMS 0x00000000c2600000, 0x00000000c2500000| Untracked 
|  14|0x00000000c2600000, 0x00000000c2700000, 0x00000000c2700000|100%| O|  |TAMS 0x00000000c2700000, 0x00000000c2600000| Untracked 
|  15|0x00000000c2700000, 0x00000000c2800000, 0x00000000c2800000|100%| O|  |TAMS 0x00000000c2800000, 0x00000000c2700000| Untracked 
|  16|0x00000000c2800000, 0x00000000c2900000, 0x00000000c2900000|100%| O|  |TAMS 0x00000000c2900000, 0x00000000c2800000| Untracked 
|  17|0x00000000c2900000, 0x00000000c2a00000, 0x00000000c2a00000|100%| O|  |TAMS 0x00000000c2a00000, 0x00000000c2900000| Untracked 
|  18|0x00000000c2a00000, 0x00000000c2b00000, 0x00000000c2b00000|100%| O|  |TAMS 0x00000000c2b00000, 0x00000000c2a00000| Untracked 
|  19|0x00000000c2b00000, 0x00000000c2c00000, 0x00000000c2c00000|100%| O|  |TAMS 0x00000000c2c00000, 0x00000000c2b00000| Untracked 
|  20|0x00000000c2c00000, 0x00000000c2d00000, 0x00000000c2d00000|100%| O|  |TAMS 0x00000000c2d00000, 0x00000000c2c00000| Untracked 
|  21|0x00000000c2d00000, 0x00000000c2e00000, 0x00000000c2e00000|100%| O|  |TAMS 0x00000000c2e00000, 0x00000000c2d00000| Untracked 
|  22|0x00000000c2e00000, 0x00000000c2f00000, 0x00000000c2f00000|100%| O|  |TAMS 0x00000000c2f00000, 0x00000000c2e00000| Untracked 
|  23|0x00000000c2f00000, 0x00000000c3000000, 0x00000000c3000000|100%| O|  |TAMS 0x00000000c3000000, 0x00000000c2f00000| Untracked 
|  24|0x00000000c3000000, 0x00000000c3100000, 0x00000000c3100000|100%| O|  |TAMS 0x00000000c3100000, 0x00000000c3000000| Untracked 
|  25|0x00000000c3100000, 0x00000000c3200000, 0x00000000c3200000|100%| O|  |TAMS 0x00000000c31f5200, 0x00000000c3100000| Untracked 
|  26|0x00000000c3200000, 0x00000000c3300000, 0x00000000c3300000|100%| O|  |TAMS 0x00000000c3200000, 0x00000000c3200000| Untracked 
|  27|0x00000000c3300000, 0x00000000c3400000, 0x00000000c3400000|100%| O|  |TAMS 0x00000000c3300000, 0x00000000c3300000| Untracked 
|  28|0x00000000c3400000, 0x00000000c3500000, 0x00000000c3500000|100%| O|  |TAMS 0x00000000c3400000, 0x00000000c3400000| Untracked 
|  29|0x00000000c3500000, 0x00000000c3600000, 0x00000000c3600000|100%| O|  |TAMS 0x00000000c3500000, 0x00000000c3500000| Untracked 
|  30|0x00000000c3600000, 0x00000000c3671600, 0x00000000c3700000| 44%| O|  |TAMS 0x00000000c3600000, 0x00000000c3600000| Untracked 
|  31|0x00000000c3700000, 0x00000000c3700000, 0x00000000c3800000|  0%| F|  |TAMS 0x00000000c3700000, 0x00000000c3700000| Untracked 
|  32|0x00000000c3800000, 0x00000000c3800000, 0x00000000c3900000|  0%| F|  |TAMS 0x00000000c3800000, 0x00000000c3800000| Untracked 
|  33|0x00000000c3900000, 0x00000000c3900000, 0x00000000c3a00000|  0%| F|  |TAMS 0x00000000c3900000, 0x00000000c3900000| Untracked 
|  34|0x00000000c3a00000, 0x00000000c3a00000, 0x00000000c3b00000|  0%| F|  |TAMS 0x00000000c3a00000, 0x00000000c3a00000| Untracked 
|  35|0x00000000c3b00000, 0x00000000c3b00000, 0x00000000c3c00000|  0%| F|  |TAMS 0x00000000c3b00000, 0x00000000c3b00000| Untracked 
|  36|0x00000000c3c00000, 0x00000000c3c00000, 0x00000000c3d00000|  0%| F|  |TAMS 0x00000000c3c00000, 0x00000000c3c00000| Untracked 
|  37|0x00000000c3d00000, 0x00000000c3d00000, 0x00000000c3e00000|  0%| F|  |TAMS 0x00000000c3d00000, 0x00000000c3d00000| Untracked 
|  38|0x00000000c3e00000, 0x00000000c3e00000, 0x00000000c3f00000|  0%| F|  |TAMS 0x00000000c3e00000, 0x00000000c3e00000| Untracked 
|  39|0x00000000c3f00000, 0x00000000c3f00000, 0x00000000c4000000|  0%| F|  |TAMS 0x00000000c3f00000, 0x00000000c3f00000| Untracked 
|  40|0x00000000c4000000, 0x00000000c4000000, 0x00000000c4100000|  0%| F|  |TAMS 0x00000000c4000000, 0x00000000c4000000| Untracked 
|  41|0x00000000c4100000, 0x00000000c4100000, 0x00000000c4200000|  0%| F|  |TAMS 0x00000000c4100000, 0x00000000c4100000| Untracked 
|  42|0x00000000c4200000, 0x00000000c4200000, 0x00000000c4300000|  0%| F|  |TAMS 0x00000000c4200000, 0x00000000c4200000| Untracked 
|  43|0x00000000c4300000, 0x00000000c4300000, 0x00000000c4400000|  0%| F|  |TAMS 0x00000000c4300000, 0x00000000c4300000| Untracked 
|  44|0x00000000c4400000, 0x00000000c4400000, 0x00000000c4500000|  0%| F|  |TAMS 0x00000000c4400000, 0x00000000c4400000| Untracked 
|  45|0x00000000c4500000, 0x00000000c4500000, 0x00000000c4600000|  0%| F|  |TAMS 0x00000000c4500000, 0x00000000c4500000| Untracked 
|  46|0x00000000c4600000, 0x00000000c4600000, 0x00000000c4700000|  0%| F|  |TAMS 0x00000000c4600000, 0x00000000c4600000| Untracked 
|  47|0x00000000c4700000, 0x00000000c4700000, 0x00000000c4800000|  0%| F|  |TAMS 0x00000000c4700000, 0x00000000c4700000| Untracked 
|  48|0x00000000c4800000, 0x00000000c48a2dc8, 0x00000000c4900000| 63%| S|CS|TAMS 0x00000000c4800000, 0x00000000c4800000| Complete 
|  49|0x00000000c4900000, 0x00000000c4a00000, 0x00000000c4a00000|100%| S|CS|TAMS 0x00000000c4900000, 0x00000000c4900000| Complete 
|  50|0x00000000c4a00000, 0x00000000c4b00000, 0x00000000c4b00000|100%| S|CS|TAMS 0x00000000c4a00000, 0x00000000c4a00000| Complete 
|  51|0x00000000c4b00000, 0x00000000c4b00000, 0x00000000c4c00000|  0%| F|  |TAMS 0x00000000c4b00000, 0x00000000c4b00000| Untracked 
|  52|0x00000000c4c00000, 0x00000000c4c00000, 0x00000000c4d00000|  0%| F|  |TAMS 0x00000000c4c00000, 0x00000000c4c00000| Untracked 
|  53|0x00000000c4d00000, 0x00000000c4d00000, 0x00000000c4e00000|  0%| F|  |TAMS 0x00000000c4d00000, 0x00000000c4d00000| Untracked 
|  54|0x00000000c4e00000, 0x00000000c4e00000, 0x00000000c4f00000|  0%| F|  |TAMS 0x00000000c4e00000, 0x00000000c4e00000| Untracked 
|  55|0x00000000c4f00000, 0x00000000c4f00000, 0x00000000c5000000|  0%| F|  |TAMS 0x00000000c4f00000, 0x00000000c4f00000| Untracked 
|  56|0x00000000c5000000, 0x00000000c5000000, 0x00000000c5100000|  0%| F|  |TAMS 0x00000000c5000000, 0x00000000c5000000| Untracked 
|  57|0x00000000c5100000, 0x00000000c5100000, 0x00000000c5200000|  0%| F|  |TAMS 0x00000000c5100000, 0x00000000c5100000| Untracked 
|  58|0x00000000c5200000, 0x00000000c5200000, 0x00000000c5300000|  0%| F|  |TAMS 0x00000000c5200000, 0x00000000c5200000| Untracked 
|  59|0x00000000c5300000, 0x00000000c5300000, 0x00000000c5400000|  0%| F|  |TAMS 0x00000000c5300000, 0x00000000c5300000| Untracked 
|  60|0x00000000c5400000, 0x00000000c5400000, 0x00000000c5500000|  0%| F|  |TAMS 0x00000000c5400000, 0x00000000c5400000| Untracked 
|  61|0x00000000c5500000, 0x00000000c5500000, 0x00000000c5600000|  0%| F|  |TAMS 0x00000000c5500000, 0x00000000c5500000| Untracked 
|  62|0x00000000c5600000, 0x00000000c5600000, 0x00000000c5700000|  0%| F|  |TAMS 0x00000000c5600000, 0x00000000c5600000| Untracked 
|  63|0x00000000c5700000, 0x00000000c5700000, 0x00000000c5800000|  0%| F|  |TAMS 0x00000000c5700000, 0x00000000c5700000| Untracked 
|  64|0x00000000c5800000, 0x00000000c5800000, 0x00000000c5900000|  0%| F|  |TAMS 0x00000000c5800000, 0x00000000c5800000| Untracked 
|  65|0x00000000c5900000, 0x00000000c5900000, 0x00000000c5a00000|  0%| F|  |TAMS 0x00000000c5900000, 0x00000000c5900000| Untracked 
|  66|0x00000000c5a00000, 0x00000000c5a00000, 0x00000000c5b00000|  0%| F|  |TAMS 0x00000000c5a00000, 0x00000000c5a00000| Untracked 
|  67|0x00000000c5b00000, 0x00000000c5b00000, 0x00000000c5c00000|  0%| F|  |TAMS 0x00000000c5b00000, 0x00000000c5b00000| Untracked 
|  68|0x00000000c5c00000, 0x00000000c5c00000, 0x00000000c5d00000|  0%| F|  |TAMS 0x00000000c5c00000, 0x00000000c5c00000| Untracked 
|  69|0x00000000c5d00000, 0x00000000c5d00000, 0x00000000c5e00000|  0%| F|  |TAMS 0x00000000c5d00000, 0x00000000c5d00000| Untracked 
|  70|0x00000000c5e00000, 0x00000000c5e00000, 0x00000000c5f00000|  0%| F|  |TAMS 0x00000000c5e00000, 0x00000000c5e00000| Untracked 
|  71|0x00000000c5f00000, 0x00000000c5f00000, 0x00000000c6000000|  0%| F|  |TAMS 0x00000000c5f00000, 0x00000000c5f00000| Untracked 
|  72|0x00000000c6000000, 0x00000000c6000000, 0x00000000c6100000|  0%| F|  |TAMS 0x00000000c6000000, 0x00000000c6000000| Untracked 
|  73|0x00000000c6100000, 0x00000000c6100000, 0x00000000c6200000|  0%| F|  |TAMS 0x00000000c6100000, 0x00000000c6100000| Untracked 
|  74|0x00000000c6200000, 0x00000000c6200000, 0x00000000c6300000|  0%| F|  |TAMS 0x00000000c6200000, 0x00000000c6200000| Untracked 
|  75|0x00000000c6300000, 0x00000000c6300000, 0x00000000c6400000|  0%| F|  |TAMS 0x00000000c6300000, 0x00000000c6300000| Untracked 
|  76|0x00000000c6400000, 0x00000000c6400000, 0x00000000c6500000|  0%| F|  |TAMS 0x00000000c6400000, 0x00000000c6400000| Untracked 
|  77|0x00000000c6500000, 0x00000000c6500000, 0x00000000c6600000|  0%| F|  |TAMS 0x00000000c6500000, 0x00000000c6500000| Untracked 
|  78|0x00000000c6600000, 0x00000000c6600000, 0x00000000c6700000|  0%| F|  |TAMS 0x00000000c6600000, 0x00000000c6600000| Untracked 
|  79|0x00000000c6700000, 0x00000000c6700000, 0x00000000c6800000|  0%| F|  |TAMS 0x00000000c6700000, 0x00000000c6700000| Untracked 
|  80|0x00000000c6800000, 0x00000000c6800000, 0x00000000c6900000|  0%| F|  |TAMS 0x00000000c6800000, 0x00000000c6800000| Untracked 
|  81|0x00000000c6900000, 0x00000000c6900000, 0x00000000c6a00000|  0%| F|  |TAMS 0x00000000c6900000, 0x00000000c6900000| Untracked 
|  82|0x00000000c6a00000, 0x00000000c6a00000, 0x00000000c6b00000|  0%| F|  |TAMS 0x00000000c6a00000, 0x00000000c6a00000| Untracked 
|  83|0x00000000c6b00000, 0x00000000c6b00000, 0x00000000c6c00000|  0%| F|  |TAMS 0x00000000c6b00000, 0x00000000c6b00000| Untracked 
|  84|0x00000000c6c00000, 0x00000000c6c00000, 0x00000000c6d00000|  0%| F|  |TAMS 0x00000000c6c00000, 0x00000000c6c00000| Untracked 
|  85|0x00000000c6d00000, 0x00000000c6e00000, 0x00000000c6e00000|100%| E|  |TAMS 0x00000000c6d00000, 0x00000000c6d00000| Complete 
|  86|0x00000000c6e00000, 0x00000000c6f00000, 0x00000000c6f00000|100%| E|CS|TAMS 0x00000000c6e00000, 0x00000000c6e00000| Complete 
|  87|0x00000000c6f00000, 0x00000000c7000000, 0x00000000c7000000|100%| E|CS|TAMS 0x00000000c6f00000, 0x00000000c6f00000| Complete 
|  88|0x00000000c7000000, 0x00000000c7100000, 0x00000000c7100000|100%| E|CS|TAMS 0x00000000c7000000, 0x00000000c7000000| Complete 
|  89|0x00000000c7100000, 0x00000000c7200000, 0x00000000c7200000|100%| E|CS|TAMS 0x00000000c7100000, 0x00000000c7100000| Complete 
|  90|0x00000000c7200000, 0x00000000c7300000, 0x00000000c7300000|100%| E|CS|TAMS 0x00000000c7200000, 0x00000000c7200000| Complete 
|  91|0x00000000c7300000, 0x00000000c7400000, 0x00000000c7400000|100%| E|CS|TAMS 0x00000000c7300000, 0x00000000c7300000| Complete 
|  92|0x00000000c7400000, 0x00000000c7500000, 0x00000000c7500000|100%| E|CS|TAMS 0x00000000c7400000, 0x00000000c7400000| Complete 

Card table byte_map: [0x0000018ef0ad0000,0x0000018ef0cd0000] _byte_map_base: 0x0000018ef04c4000

Marking Bits (Prev, Next): (CMBitMap*) 0x0000018eda223a80, (CMBitMap*) 0x0000018eda223a48
 Prev Bits: [0x0000018ef1e70000, 0x0000018ef2e10000)
 Next Bits: [0x0000018ef0ed0000, 0x0000018ef1e70000)

Polling page: 0x0000018ed8190000

Metaspace:

Usage:
  Non-class:     64.38 MB capacity,    63.60 MB ( 99%) used,   623.31 KB ( <1%) free+waste,   169.63 KB ( <1%) overhead. 
      Class:      9.09 MB capacity,     8.59 MB ( 95%) used,   434.15 KB (  5%) free+waste,    76.25 KB ( <1%) overhead. 
       Both:     73.47 MB capacity,    72.19 MB ( 98%) used,     1.03 MB (  1%) free+waste,   245.88 KB ( <1%) overhead. 

Virtual space:
  Non-class space:       66.00 MB reserved,      64.50 MB ( 98%) committed 
      Class space:        1.00 GB reserved,       9.13 MB ( <1%) committed 
             Both:        1.06 GB reserved,      73.62 MB (  7%) committed 

Chunk freelists:
   Non-Class:  7.38 KB
       Class:  512 bytes
        Both:  7.88 KB

CodeHeap 'non-profiled nmethods': size=120064Kb used=4134Kb max_used=4134Kb free=115929Kb
 bounds [0x0000018ee9390000, 0x0000018ee97a0000, 0x0000018ef08d0000]
CodeHeap 'profiled nmethods': size=120000Kb used=18590Kb max_used=18590Kb free=101409Kb
 bounds [0x0000018ee1e60000, 0x0000018ee3090000, 0x0000018ee9390000]
CodeHeap 'non-nmethods': size=5696Kb used=1268Kb max_used=1307Kb free=4427Kb
 bounds [0x0000018ee18d0000, 0x0000018ee1b40000, 0x0000018ee1e60000]
 total_blobs=8283 nmethods=7625 adapters=568
 compilation: enabled
              stopped_count=0, restarted_count=0
 full_count=0

Compilation events (10 events):
Event: 361.730 Thread 0x0000018ef5335000 7697       2       org.eclipse.jdt.internal.compiler.codegen.CodeStream::invoke18 (208 bytes)
Event: 361.730 Thread 0x0000018ef5335000 nmethod 7697 0x0000018ee3058990 code [0x0000018ee3058b80, 0x0000018ee3058f58]
Event: 361.730 Thread 0x0000018ef5335000 7698       2       org.eclipse.jdt.internal.compiler.codegen.ConstantPool::literalIndexForMethod (239 bytes)
Event: 361.732 Thread 0x0000018ef5335000 nmethod 7698 0x0000018ee3059290 code [0x0000018ee30594e0, 0x0000018ee3059e08]
Event: 361.732 Thread 0x0000018ef5335000 7706       2       java.io.File::<init> (20 bytes)
Event: 361.732 Thread 0x0000018ef5335000 nmethod 7706 0x0000018ee305a490 code [0x0000018ee305a620, 0x0000018ee305a798]
Event: 361.739 Thread 0x0000018ef5335000 7707       2       org.apache.jasper.runtime.JspWriterImpl::ensureOpen (28 bytes)
Event: 361.739 Thread 0x0000018ef5335000 nmethod 7707 0x0000018ee305a810 code [0x0000018ee305a9c0, 0x0000018ee305ac18]
Event: 361.740 Thread 0x0000018ef5335000 7708       2       org.apache.jasper.runtime.JspWriterImpl::write (130 bytes)
Event: 361.741 Thread 0x0000018ef5335000 nmethod 7708 0x0000018ee305ae10 code [0x0000018ee305b040, 0x0000018ee305b638]

GC Heap History (10 events):
Event: 30.360 GC heap before
{Heap before GC invocations=14 (full 0):
 garbage-first heap   total 95232K, used 66738K [0x00000000c1800000, 0x0000000100000000)
  region size 1024K, 42 young (43008K), 3 survivors (3072K)
 Metaspace       used 58715K, capacity 59761K, committed 60028K, reserved 1101824K
  class space    used 7362K, capacity 7786K, committed 7808K, reserved 1048576K
}
Event: 30.370 GC heap after
{Heap after GC invocations=15 (full 0):
 garbage-first heap   total 95232K, used 28573K [0x00000000c1800000, 0x0000000100000000)
  region size 1024K, 5 young (5120K), 5 survivors (5120K)
 Metaspace       used 58715K, capacity 59761K, committed 60028K, reserved 1101824K
  class space    used 7362K, capacity 7786K, committed 7808K, reserved 1048576K
}
Event: 31.103 GC heap before
{Heap before GC invocations=15 (full 0):
 garbage-first heap   total 95232K, used 35741K [0x00000000c1800000, 0x0000000100000000)
  region size 1024K, 13 young (13312K), 5 survivors (5120K)
 Metaspace       used 59233K, capacity 60363K, committed 60540K, reserved 1101824K
  class space    used 7400K, capacity 7805K, committed 7808K, reserved 1048576K
}
Event: 31.114 GC heap after
{Heap after GC invocations=16 (full 0):
 garbage-first heap   total 95232K, used 29167K [0x00000000c1800000, 0x0000000100000000)
  region size 1024K, 3 young (3072K), 3 survivors (3072K)
 Metaspace       used 59233K, capacity 60363K, committed 60540K, reserved 1101824K
  class space    used 7400K, capacity 7805K, committed 7808K, reserved 1048576K
}
Event: 50.675 GC heap before
{Heap before GC invocations=17 (full 0):
 garbage-first heap   total 95232K, used 69103K [0x00000000c1800000, 0x0000000100000000)
  region size 1024K, 42 young (43008K), 3 survivors (3072K)
 Metaspace       used 62049K, capacity 63205K, committed 63356K, reserved 1103872K
  class space    used 7794K, capacity 8253K, committed 8320K, reserved 1048576K
}
Event: 50.685 GC heap after
{Heap after GC invocations=18 (full 0):
 garbage-first heap   total 95232K, used 31325K [0x00000000c1800000, 0x0000000100000000)
  region size 1024K, 5 young (5120K), 5 survivors (5120K)
 Metaspace       used 62049K, capacity 63205K, committed 63356K, reserved 1103872K
  class space    used 7794K, capacity 8253K, committed 8320K, reserved 1048576K
}
Event: 358.407 GC heap before
{Heap before GC invocations=18 (full 0):
 garbage-first heap   total 95232K, used 70237K [0x00000000c1800000, 0x0000000100000000)
  region size 1024K, 44 young (45056K), 5 survivors (5120K)
 Metaspace       used 70092K, capacity 71386K, committed 71548K, reserved 1112064K
  class space    used 8549K, capacity 9040K, committed 9088K, reserved 1048576K
}
Event: 358.423 GC heap after
{Heap after GC invocations=19 (full 0):
 garbage-first heap   total 95232K, used 33113K [0x00000000c1800000, 0x0000000100000000)
  region size 1024K, 5 young (5120K), 5 survivors (5120K)
 Metaspace       used 70092K, capacity 71386K, committed 71548K, reserved 1112064K
  class space    used 8549K, capacity 9040K, committed 9088K, reserved 1048576K
}
Event: 361.546 GC heap before
{Heap before GC invocations=19 (full 0):
 garbage-first heap   total 95232K, used 72025K [0x00000000c1800000, 0x0000000100000000)
  region size 1024K, 44 young (45056K), 5 survivors (5120K)
 Metaspace       used 73661K, capacity 74984K, committed 75132K, reserved 1116160K
  class space    used 8780K, capacity 9273K, committed 9344K, reserved 1048576K
}
Event: 361.557 GC heap after
{Heap after GC invocations=20 (full 0):
 garbage-first heap   total 95232K, used 33872K [0x00000000c1800000, 0x0000000100000000)
  region size 1024K, 3 young (3072K), 3 survivors (3072K)
 Metaspace       used 73661K, capacity 74984K, committed 75132K, reserved 1116160K
  class space    used 8780K, capacity 9273K, committed 9344K, reserved 1048576K
}

Deoptimization events (10 events):
Event: 359.397 Thread 0x0000018ef8d8b000 Uncommon trap: reason=class_check action=maybe_recompile pc=0x0000018ee975212c method=java.net.URLStreamHandler.parseURL(Ljava/net/URL;Ljava/lang/String;II)V @ 1197 c2
Event: 359.499 Thread 0x0000018ef8d8b000 Uncommon trap: reason=loop_limit_check action=maybe_recompile pc=0x0000018ee9762618 method=org.eclipse.jdt.internal.compiler.classfmt.ClassFileStruct.utf8At(II)[C @ 143 c2
Event: 360.191 Thread 0x0000018ef8d8b000 Uncommon trap: reason=unstable_if action=reinterpret pc=0x0000018ee93a0110 method=java.lang.StringCoding.hasNegatives([BII)Z @ 12 c2
Event: 360.200 Thread 0x0000018ef8d8b000 Uncommon trap: reason=class_check action=maybe_recompile pc=0x0000018ee9713f38 method=jdk.internal.loader.URLClassPath.getLoader(I)Ljdk/internal/loader/URLClassPath$Loader; @ 88 c2
Event: 360.200 Thread 0x0000018ef8d8b000 Uncommon trap: reason=unstable_if action=reinterpret pc=0x0000018ee96775ec method=java.lang.ClassLoader.checkCerts(Ljava/lang/String;Ljava/security/CodeSource;)V @ 45 c2
Event: 360.247 Thread 0x0000018ef8d8b000 Uncommon trap: reason=unstable_if action=reinterpret pc=0x0000018ee975ed44 method=org.eclipse.jdt.internal.compiler.parser.Scanner.getNextToken0()I @ 429 c2
Event: 360.251 Thread 0x0000018ef8d8b000 Uncommon trap: reason=unstable_if action=reinterpret pc=0x0000018ee975bc0c method=org.eclipse.jdt.internal.compiler.parser.Scanner.scanEscapeCharacter()V @ 4 c2
Event: 360.253 Thread 0x0000018ef8d8b000 Uncommon trap: reason=class_check action=maybe_recompile pc=0x0000018ee9713f38 method=jdk.internal.loader.URLClassPath.getLoader(I)Ljdk/internal/loader/URLClassPath$Loader; @ 88 c2
Event: 360.358 Thread 0x0000018ef8d8b000 Uncommon trap: reason=loop_limit_check action=maybe_recompile pc=0x0000018ee978051c method=org.eclipse.jdt.internal.compiler.lookup.ReferenceBinding.compare([C[CII)I @ 46 c2
Event: 360.648 Thread 0x0000018ef8d8b000 Uncommon trap: reason=class_check action=maybe_recompile pc=0x0000018ee9713f38 method=jdk.internal.loader.URLClassPath.getLoader(I)Ljdk/internal/loader/URLClassPath$Loader; @ 88 c2

Classes redefined (0 events):
No events

Internal exceptions (10 events):
Event: 360.661 Thread 0x0000018ef8d8b000 Exception <a 'java/lang/ClassNotFoundException'{0x00000000c5b61760}: javax/servlet/jsp/PageContextBeanInfo> (0x00000000c5b61760) thrown at [./open/src/hotspot/share/classfile/systemDictionary.cpp, line 226]
Event: 360.663 Thread 0x0000018ef8d8b000 Exception <a 'java/lang/ClassNotFoundException'{0x00000000c5b6c648}: javax/servlet/jsp/JspContextBeanInfo> (0x00000000c5b6c648) thrown at [./open/src/hotspot/share/classfile/systemDictionary.cpp, line 226]
Event: 360.664 Thread 0x0000018ef8d8b000 Exception <a 'java/lang/ClassNotFoundException'{0x00000000c5b77650}: javax/servlet/jsp/JspContextCustomizer> (0x00000000c5b77650) thrown at [./open/src/hotspot/share/classfile/systemDictionary.cpp, line 226]
Event: 360.667 Thread 0x0000018ef8d8b000 Exception <a 'java/lang/ClassNotFoundException'{0x00000000c5b8d090}: javax/servlet/jsp/PageContextCustomizer> (0x00000000c5b8d090) thrown at [./open/src/hotspot/share/classfile/systemDictionary.cpp, line 226]
Event: 360.672 Thread 0x0000018ef8d8b000 Exception <a 'java/lang/ClassNotFoundException'{0x00000000c5baa0c0}: org/apache/jasper/runtime/PageContextImplCustomizer> (0x00000000c5baa0c0) thrown at [./open/src/hotspot/share/classfile/systemDictionary.cpp, line 226]
Event: 360.684 Thread 0x0000018ef8d8b000 Exception <a 'java/lang/ClassNotFoundException'{0x00000000c5be0c90}: org/apache/catalina/core/ApplicationContextFacadeBeanInfo> (0x00000000c5be0c90) thrown at [./open/src/hotspot/share/classfile/systemDictionary.cpp, line 226]
Event: 360.685 Thread 0x0000018ef8d8b000 Exception <a 'java/lang/ClassNotFoundException'{0x00000000c5bed4e0}: org/apache/catalina/core/ApplicationContextFacadeCustomizer> (0x00000000c5bed4e0) thrown at [./open/src/hotspot/share/classfile/systemDictionary.cpp, line 226]
Event: 360.707 Thread 0x0000018ef8d8b000 Exception <a 'java/lang/ArrayIndexOutOfBoundsException'{0x00000000c5a82420}> (0x00000000c5a82420) thrown at [./open/src/hotspot/share/runtime/sharedRuntime.cpp, line 605]
Event: 361.106 Thread 0x0000018ef8d8b000 Exception <a 'java/lang/ArrayIndexOutOfBoundsException'{0x00000000c54b9d98}> (0x00000000c54b9d98) thrown at [./open/src/hotspot/share/runtime/sharedRuntime.cpp, line 605]
Event: 361.622 Thread 0x0000018ef8d8b000 Exception <a 'java/lang/ArrayIndexOutOfBoundsException'{0x00000000c7454530}> (0x00000000c7454530) thrown at [./open/src/hotspot/share/runtime/sharedRuntime.cpp, line 605]

Events (10 events):
Event: 361.659 Thread 0x0000018ef8d8b000 DEOPT PACKING pc=0x0000018ee1ec19fb sp=0x00000067bf9fa5c0
Event: 361.659 Thread 0x0000018ef8d8b000 DEOPT UNPACKING pc=0x0000018ee18f6d5e sp=0x00000067bf9f9b00 mode 0
Event: 361.722 Thread 0x0000018ef8d8b000 DEOPT PACKING pc=0x0000018ee2f18ed0 sp=0x00000067bf9fbce0
Event: 361.722 Thread 0x0000018ef8d8b000 DEOPT UNPACKING pc=0x0000018ee18f6d5e sp=0x00000067bf9fb168 mode 0
Event: 361.744 loading class javax/el/ImportHandler$NotFound
Event: 361.744 loading class javax/el/ImportHandler$NotFound done
Event: 361.746 loading class org/apache/tomcat/util/buf/C2BConverter
Event: 361.746 loading class org/apache/tomcat/util/buf/C2BConverter done
Event: 361.749 loading class java/util/Currency$1
Event: 362.008 loading class java/util/Currency$1 done


Dynamic libraries:
0x00007ff7dcdd0000 - 0x00007ff7dcde0000 	C:\Program Files\Java\jdk-11\bin\javaw.exe
0x00007ffca96e0000 - 0x00007ffca98d0000 	C:\Windows\SYSTEM32\ntdll.dll
0x00007ffca95e0000 - 0x00007ffca9692000 	C:\Windows\System32\KERNEL32.DLL
0x00007ffca74e0000 - 0x00007ffca7783000 	C:\Windows\System32\KERNELBASE.dll
0x00007ffca73e0000 - 0x00007ffca74da000 	C:\Windows\System32\ucrtbase.dll
0x00007ffc93d90000 - 0x00007ffc93da9000 	C:\Program Files\Java\jdk-11\bin\jli.dll
0x00007ffca7870000 - 0x00007ffca7913000 	C:\Windows\System32\ADVAPI32.dll
0x00007ffca84b0000 - 0x00007ffca854e000 	C:\Windows\System32\msvcrt.dll
0x00007ffca8360000 - 0x00007ffca83f7000 	C:\Windows\System32\sechost.dll
0x00007ffca8090000 - 0x00007ffca81b0000 	C:\Windows\System32\RPCRT4.dll
0x00007ffca7e90000 - 0x00007ffca8024000 	C:\Windows\System32\USER32.dll
0x00007ffca7140000 - 0x00007ffca7161000 	C:\Windows\System32\win32u.dll
0x00007ffca9200000 - 0x00007ffca9226000 	C:\Windows\System32\GDI32.dll
0x00007ffca6670000 - 0x00007ffca6804000 	C:\Windows\System32\gdi32full.dll
0x00007ffca7170000 - 0x00007ffca720e000 	C:\Windows\System32\msvcp_win.dll
0x00007ffc93d70000 - 0x00007ffc93d8b000 	C:\Program Files\Java\jdk-11\bin\VCRUNTIME140.dll
0x00007ffca00e0000 - 0x00007ffca0365000 	C:\Windows\WinSxS\amd64_microsoft.windows.common-controls_6595b64144ccf1df_6.0.18362.535_none_e6c3b34713100821\COMCTL32.dll
0x00007ffca79a0000 - 0x00007ffca7cd6000 	C:\Windows\System32\combase.dll
0x00007ffca6fe0000 - 0x00007ffca7060000 	C:\Windows\System32\bcryptPrimitives.dll
0x00007ffc9ce50000 - 0x00007ffc9ce5a000 	C:\Windows\SYSTEM32\VERSION.dll
0x00007ffca7790000 - 0x00007ffca77be000 	C:\Windows\System32\IMM32.DLL
0x00007ffc9cbe0000 - 0x00007ffc9cbec000 	C:\Program Files\Java\jdk-11\bin\vcruntime140_1.dll
0x00007ffc86f60000 - 0x00007ffc86fee000 	C:\Program Files\Java\jdk-11\bin\msvcp140.dll
0x00007ffc59980000 - 0x00007ffc5a4ed000 	C:\Program Files\Java\jdk-11\bin\server\jvm.dll
0x00007ffca9230000 - 0x00007ffca9238000 	C:\Windows\System32\PSAPI.DLL
0x00007ffca4640000 - 0x00007ffca4649000 	C:\Windows\SYSTEM32\WSOCK32.dll
0x00007ffca8570000 - 0x00007ffca85df000 	C:\Windows\System32\WS2_32.dll
0x00007ffca43d0000 - 0x00007ffca43f4000 	C:\Windows\SYSTEM32\WINMM.dll
0x00007ffca43a0000 - 0x00007ffca43cd000 	C:\Windows\SYSTEM32\WINMMBASE.dll
0x00007ffca6810000 - 0x00007ffca685a000 	C:\Windows\System32\cfgmgr32.dll
0x00007ffca65c0000 - 0x00007ffca65d1000 	C:\Windows\System32\kernel.appcore.dll
0x00007ffc9c900000 - 0x00007ffc9c910000 	C:\Program Files\Java\jdk-11\bin\verify.dll
0x00007ffc95f70000 - 0x00007ffc96164000 	C:\Windows\SYSTEM32\DBGHELP.DLL
0x00007ffc959c0000 - 0x00007ffc959ea000 	C:\Windows\SYSTEM32\dbgcore.DLL
0x00007ffc93d40000 - 0x00007ffc93d68000 	C:\Program Files\Java\jdk-11\bin\java.dll
0x00007ffc9c2f0000 - 0x00007ffc9c2fa000 	C:\Program Files\Java\jdk-11\bin\jimage.dll
0x00007ffc8afc0000 - 0x00007ffc8afd7000 	C:\Program Files\Java\jdk-11\bin\zip.dll
0x00007ffca8ab0000 - 0x00007ffca9195000 	C:\Windows\System32\SHELL32.dll
0x00007ffca77c0000 - 0x00007ffca7869000 	C:\Windows\System32\shcore.dll
0x00007ffca6860000 - 0x00007ffca6fdf000 	C:\Windows\System32\windows.storage.dll
0x00007ffca6650000 - 0x00007ffca666f000 	C:\Windows\System32\profapi.dll
0x00007ffca65e0000 - 0x00007ffca662a000 	C:\Windows\System32\powrprof.dll
0x00007ffca65b0000 - 0x00007ffca65c0000 	C:\Windows\System32\UMPDC.dll
0x00007ffca8030000 - 0x00007ffca8082000 	C:\Windows\System32\shlwapi.dll
0x00007ffca7210000 - 0x00007ffca7227000 	C:\Windows\System32\cryptsp.dll
0x00007ffc8afa0000 - 0x00007ffc8afb9000 	C:\Program Files\Java\jdk-11\bin\net.dll
0x00007ffc9d920000 - 0x00007ffc9da10000 	C:\Windows\SYSTEM32\WINHTTP.dll
0x00007ffca5e20000 - 0x00007ffca5e87000 	C:\Windows\system32\mswsock.dll
0x00007ffc8af80000 - 0x00007ffc8af92000 	C:\Program Files\Java\jdk-11\bin\nio.dll
0x00007ffc9af40000 - 0x00007ffc9af49000 	C:\Program Files\Java\jdk-11\bin\management.dll
0x00007ffc9aed0000 - 0x00007ffc9aedb000 	C:\Program Files\Java\jdk-11\bin\management_ext.dll
0x00007ffc8ad50000 - 0x00007ffc8ad66000 	C:\Windows\system32\napinsp.dll
0x00007ffc8ac60000 - 0x00007ffc8ac7a000 	C:\Windows\system32\pnrpnsp.dll
0x00007ffca5b70000 - 0x00007ffca5c3a000 	C:\Windows\SYSTEM32\DNSAPI.dll
0x00007ffca7920000 - 0x00007ffca7928000 	C:\Windows\System32\NSI.dll
0x00007ffca5b30000 - 0x00007ffca5b6a000 	C:\Windows\SYSTEM32\IPHLPAPI.DLL
0x00007ffc8ad40000 - 0x00007ffc8ad4e000 	C:\Windows\System32\winrnr.dll
0x00007ffca4250000 - 0x00007ffca426c000 	C:\Windows\system32\NLAapi.dll
0x00007ffc88470000 - 0x00007ffc88485000 	C:\Windows\system32\wshbth.dll
0x00007ffc9ce40000 - 0x00007ffc9ce4a000 	C:\Windows\System32\rasadhlp.dll
0x00007ffca0410000 - 0x00007ffca0487000 	C:\Windows\System32\fwpuclnt.dll
0x00007ffca7060000 - 0x00007ffca7086000 	C:\Windows\System32\bcrypt.dll
0x00007ffca5990000 - 0x00007ffca59c3000 	C:\Windows\system32\rsaenh.dll
0x00007ffca64a0000 - 0x00007ffca64c5000 	C:\Windows\SYSTEM32\USERENV.dll
0x00007ffca5ff0000 - 0x00007ffca5ffc000 	C:\Windows\SYSTEM32\CRYPTBASE.dll
0x00007ffca0960000 - 0x00007ffca0976000 	C:\Windows\SYSTEM32\dhcpcsvc6.DLL
0x00007ffca10d0000 - 0x00007ffca10ec000 	C:\Windows\SYSTEM32\dhcpcsvc.DLL

dbghelp: loaded successfully - version: 4.0.5 - missing functions: none
symbol engine: initialized successfully - sym options: 0x614 - pdb path: .;C:\Program Files\Java\jdk-11\bin;C:\Windows\SYSTEM32;C:\Windows\WinSxS\amd64_microsoft.windows.common-controls_6595b64144ccf1df_6.0.18362.535_none_e6c3b34713100821;C:\Program Files\Java\jdk-11\bin\server

VM Arguments:
jvm_args: -Dfile.encoding=UTF-8 
java_command: webgiay.StartServerJava
java_class_path (initial): E:\DoAn\WebGiay\target\classes;C:\Users\Admin\.m2\repository\org\springframework\boot\spring-boot-starter-web\2.1.4.RELEASE\spring-boot-starter-web-2.1.4.RELEASE.jar;C:\Users\Admin\.m2\repository\org\springframework\boot\spring-boot-starter\2.1.4.RELEASE\spring-boot-starter-2.1.4.RELEASE.jar;C:\Users\Admin\.m2\repository\org\springframework\boot\spring-boot\2.1.4.RELEASE\spring-boot-2.1.4.RELEASE.jar;C:\Users\Admin\.m2\repository\org\springframework\boot\spring-boot-autoconfigure\2.1.4.RELEASE\spring-boot-autoconfigure-2.1.4.RELEASE.jar;C:\Users\Admin\.m2\repository\org\springframework\boot\spring-boot-starter-logging\2.1.4.RELEASE\spring-boot-starter-logging-2.1.4.RELEASE.jar;C:\Users\Admin\.m2\repository\ch\qos\logback\logback-classic\1.2.3\logback-classic-1.2.3.jar;C:\Users\Admin\.m2\repository\ch\qos\logback\logback-core\1.2.3\logback-core-1.2.3.jar;C:\Users\Admin\.m2\repository\org\apache\logging\log4j\log4j-to-slf4j\2.11.2\log4j-to-slf4j-2.11.2.jar;C:\Users\Admin\.m2\repository\org\apache\logging\log4j\log4j-api\2.11.2\log4j-api-2.11.2.jar;C:\Users\Admin\.m2\repository\org\slf4j\jul-to-slf4j\1.7.26\jul-to-slf4j-1.7.26.jar;C:\Users\Admin\.m2\repository\javax\annotation\javax.annotation-api\1.3.2\javax.annotation-api-1.3.2.jar;C:\Users\Admin\.m2\repository\org\springframework\spring-core\5.1.6.RELEASE\spring-core-5.1.6.RELEASE.jar;C:\Users\Admin\.m2\repository\org\springframework\spring-jcl\5.1.6.RELEASE\spring-jcl-5.1.6.RELEASE.jar;C:\Users\Admin\.m2\repository\org\yaml\snakeyaml\1.23\snakeyaml-1.23.jar;C:\Users\Admin\.m2\repository\org\springframework\boot\spring-boot-starter-json\2.1.4.RELEASE\spring-boot-starter-json-2.1.4.RELEASE.jar;C:\Users\Admin\.m2\repository\com\fasterxml\jackson\core\jackson-databind\2.9.8\jackson-databind-2.9.8.jar;C:\Users\Admin\.m2\repository\com\fasterxml\jackson\core\jackson-annotations\2.9.0\jackson-annotations-2.9.0.jar;C:\Users\Admin\.m2\repository\com\fasterxml\jackson\core\jackson-core\2.9.8\jack
Launcher Type: SUN_STANDARD

[Global flags]
     intx CICompilerCount                          = 3                                         {product} {ergonomic}
     uint ConcGCThreads                            = 1                                         {product} {ergonomic}
     uint G1ConcRefinementThreads                  = 4                                         {product} {ergonomic}
   size_t G1HeapRegionSize                         = 1048576                                   {product} {ergonomic}
    uintx GCDrainStackTargetSize                   = 64                                        {product} {ergonomic}
   size_t InitialHeapSize                          = 67108864                                  {product} {ergonomic}
   size_t MarkStackSize                            = 4194304                                   {product} {ergonomic}
   size_t MaxHeapSize                              = 1048576000                                {product} {ergonomic}
   size_t MaxNewSize                               = 629145600                                 {product} {ergonomic}
   size_t MinHeapDeltaBytes                        = 1048576                                   {product} {ergonomic}
    uintx NonNMethodCodeHeapSize                   = 5830732                                {pd product} {ergonomic}
    uintx NonProfiledCodeHeapSize                  = 122913754                              {pd product} {ergonomic}
    uintx ProfiledCodeHeapSize                     = 122913754                              {pd product} {ergonomic}
    uintx ReservedCodeCacheSize                    = 251658240                              {pd product} {ergonomic}
     bool SegmentedCodeCache                       = true                                      {product} {ergonomic}
     bool UseCompressedClassPointers               = true                                 {lp64_product} {ergonomic}
     bool UseCompressedOops                        = true                                 {lp64_product} {ergonomic}
     bool UseG1GC                                  = true                                      {product} {ergonomic}
     bool UseLargePagesIndividualAllocation        = false                                  {pd product} {ergonomic}

Logging:
Log output configuration:
 #0: stdout all=warning uptime,level,tags
 #1: stderr all=off uptime,level,tags

Environment Variables:
JAVA_HOME=C:\Program Files\Java\jdk-11
PATH=C:/Users/Admin/Downloads/eclipse-jee-2020-12-R-win32-x86_64/eclipse//plugins/org.eclipse.justj.openjdk.hotspot.jre.full.win32.x86_64_15.0.1.v20201027-0507/jre/bin/server;C:/Users/Admin/Downloads/eclipse-jee-2020-12-R-win32-x86_64/eclipse//plugins/org.eclipse.justj.openjdk.hotspot.jre.full.win32.x86_64_15.0.1.v20201027-0507/jre/bin;C:\ProgramData\Oracle\Java\javapath;C:\Program Files\Common Files\Oracle\Java\javapath;C:\Windows\system32;C:\Windows;C:\Windows\System32\Wbem;C:\Windows\System32\WindowsPowerShell\v1.0\;C:\Windows\System32\OpenSSH\;C:\Program Files\Microsoft SQL Server\Client SDK\ODBC\170\Tools\Binn\;C:\Program Files (x86)\Microsoft SQL Server\150\Tools\Binn\;C:\Program Files\Microsoft SQL Server\150\Tools\Binn\;C:\Program Files\Microsoft SQL Server\150\DTS\Binn\;C:\Program Files\Azure Data Studio\bin;C:\Program Files (x86)\Microsoft SQL Server\150\DTS\Binn\;C:\Program Files (x86)\Rational\common;C:\Program Files\Git\cmd;C:\Program Files\Java\jdk1.8.0_112\bin;C:\Program Files\Java\jdk1.8.0_45\bin;C:\Program Files\Java\jdk-11\bin;C:\Program Files\Java\jdk-21\bin;C:\Program Files\Microsoft SQL Server\130\Tools\Binn\;C:\Program Files\TortoiseSVN\bin;C:\Program Files\MySQL\MySQL Shell 8.0\bin\;C:\Users\Admin\AppData\Local\Microsoft\WindowsApps;C:\Users\Admin\AppData\Local\Programs\Microsoft VS Code\bin;C:\Program Files\Azure Data Studio\bin;C:\Users\Admin\AppData\Local\GitHubDesktop\bin;C:\Users\Admin\Downloads\eclipse-jee-2020-12-R-win32-x86_64\eclipse;
USERNAME=Admin
OS=Windows_NT
PROCESSOR_IDENTIFIER=Intel64 Family 6 Model 61 Stepping 4, GenuineIntel



---------------  S Y S T E M  ---------------

OS: Windows 10 , 64 bit Build 18362 (10.0.18362.329)

CPU:total 4 (initial active 4) (2 cores per cpu, 2 threads per core) family 6 model 61 stepping 4 microcode 0x2f, cmov, cx8, fxsr, mmx, sse, sse2, sse3, ssse3, sse4.1, sse4.2, popcnt, avx, avx2, aes, clmul, erms, 3dnowpref, lzcnt, ht, tsc, tscinvbit, bmi1, bmi2, adx, fma

Memory: 4k page, system-wide physical 3996M (361M free)
TotalPageFile size 8092M (AvailPageFile size 0M)
current process WorkingSet (physical memory assigned to process): 271M, peak: 271M
current process commit charge ("private bytes"): 329M, peak: 329M

vm_info: Java HotSpot(TM) 64-Bit Server VM (11.0.20+9-LTS-256) for windows-amd64 JRE (11.0.20+9-LTS-256), built on Jun 14 2023 10:34:22 by "mach5one" with MS VC++ 17.1 (VS2022)

END.
