#
# There is insufficient memory for the Java Runtime Environment to continue.
# Native memory allocation (malloc) failed to allocate 345456 bytes for Chunk::new
# Possible reasons:
#   The system is out of physical RAM or swap space
#   The process is running with CompressedOops enabled, and the Java Heap may be blocking the growth of the native heap
# Possible solutions:
#   Reduce memory load on the system
#   Increase physical memory or swap space
#   Check if swap backing store is full
#   Decrease Java heap size (-Xmx/-Xms)
#   Decrease number of Java threads
#   Decrease Java thread stack sizes (-Xss)
#   Set larger code cache with -XX:ReservedCodeCacheSize=
#   JVM is running with Unscaled Compressed Oops mode in which the Java heap is
#     placed in the first 4GB address space. The Java Heap base address is the
#     maximum limit for the native heap growth. Please use -XX:HeapBaseMinAddress
#     to set the Java Heap base and to place the Java Heap above 4GB virtual address.
# This output file may be truncated or incomplete.
#
#  Out of Memory Error (./open/src/hotspot/share/memory/arena.cpp:197), pid=2804, tid=4292
#
# JRE version: Java(TM) SE Runtime Environment 18.9 (11.0.20+9) (build 11.0.20+9-LTS-256)
# Java VM: Java HotSpot(TM) 64-Bit Server VM 18.9 (11.0.20+9-LTS-256, mixed mode, tiered, compressed oops, g1 gc, windows-amd64)
# No core dump will be written. Minidumps are not enabled by default on client versions of Windows
#

---------------  S U M M A R Y ------------

Command Line: -Dfile.encoding=Cp1252 webgiay.StartServerJava

Host: Intel(R) Core(TM) i5-5200U CPU @ 2.20GHz, 4 cores, 3G,  Windows 10 , 64 bit Build 18362 (10.0.18362.329)
Time: Mon Apr 22 16:26:33 2024 SE Asia Standard Time elapsed time: 42.373814 seconds (0d 0h 0m 42s)

---------------  T H R E A D  ---------------

Current thread (0x0000017d99754000):  JavaThread "C2 CompilerThread0" daemon [_thread_in_native, id=4292, stack(0x0000006b72f00000,0x0000006b73000000)]


Current CompileTask:
C2:  42373 6543       4       sun.invoke.util.BytecodeDescriptor::unparseSig (91 bytes)

Stack: [0x0000006b72f00000,0x0000006b73000000]
Native frames: (J=compiled Java code, j=interpreted, Vv=VM code, C=native code)
V  [jvm.dll+0x6602ba]
V  [jvm.dll+0x7a32af]
V  [jvm.dll+0x7a4979]
V  [jvm.dll+0x7a5013]
V  [jvm.dll+0x258ef5]
V  [jvm.dll+0xb2a0c]
V  [jvm.dll+0xb2fcc]
V  [jvm.dll+0x367691]
V  [jvm.dll+0x1a2992]
V  [jvm.dll+0x211d4d]
V  [jvm.dll+0x210bc8]
V  [jvm.dll+0x18cdb1]
V  [jvm.dll+0x220e59]
V  [jvm.dll+0x21f17c]
V  [jvm.dll+0x767061]
V  [jvm.dll+0x75f8e4]
V  [jvm.dll+0x65f165]
C  [ucrtbase.dll+0x20e72]
C  [KERNEL32.DLL+0x17bd4]
C  [ntdll.dll+0x6ced1]


---------------  P R O C E S S  ---------------

Threads class SMR info:
_java_thread_list=0x0000017d9d125390, length=29, elements={
0x0000017d99730800, 0x0000017d9973a000, 0x0000017d9974b000, 0x0000017d9974d800,
0x0000017d9974e800, 0x0000017d99754000, 0x0000017d9a0b9000, 0x0000017d997a3000,
0x0000017d9a212000, 0x0000017da0e53800, 0x0000017d9d1f8000, 0x0000017d9d2ee000,
0x0000017da0804000, 0x0000017d9fd33000, 0x0000017d9b83b000, 0x0000017da0324000,
0x0000017d9cea5000, 0x0000017d9ceab000, 0x0000017d9cea6800, 0x0000017d9ceaa000,
0x0000017d9cea9000, 0x0000017d9cea6000, 0x0000017d9cea7800, 0x0000017d9cea8800,
0x0000017da0d41800, 0x0000017da0d40000, 0x0000017da0d45000, 0x0000017da0d44000,
0x0000017da0d42800
}

Java Threads: ( => current thread )
  0x0000017d99730800 JavaThread "Reference Handler" daemon [_thread_blocked, id=10348, stack(0x0000006b72a00000,0x0000006b72b00000)]
  0x0000017d9973a000 JavaThread "Finalizer" daemon [_thread_blocked, id=5056, stack(0x0000006b72b00000,0x0000006b72c00000)]
  0x0000017d9974b000 JavaThread "Signal Dispatcher" daemon [_thread_blocked, id=8256, stack(0x0000006b72c00000,0x0000006b72d00000)]
  0x0000017d9974d800 JavaThread "Attach Listener" daemon [_thread_blocked, id=4452, stack(0x0000006b72d00000,0x0000006b72e00000)]
  0x0000017d9974e800 JavaThread "Service Thread" daemon [_thread_blocked, id=6468, stack(0x0000006b72e00000,0x0000006b72f00000)]
=>0x0000017d99754000 JavaThread "C2 CompilerThread0" daemon [_thread_in_native, id=4292, stack(0x0000006b72f00000,0x0000006b73000000)]
  0x0000017d9a0b9000 JavaThread "C1 CompilerThread0" daemon [_thread_blocked, id=8280, stack(0x0000006b73000000,0x0000006b73100000)]
  0x0000017d997a3000 JavaThread "Sweeper thread" daemon [_thread_blocked, id=7204, stack(0x0000006b73100000,0x0000006b73200000)]
  0x0000017d9a212000 JavaThread "Common-Cleaner" daemon [_thread_blocked, id=9200, stack(0x0000006b73300000,0x0000006b73400000)]
  0x0000017da0e53800 JavaThread "Catalina-utility-1" [_thread_blocked, id=6440, stack(0x0000006b73500000,0x0000006b73600000)]
  0x0000017d9d1f8000 JavaThread "Catalina-utility-2" [_thread_blocked, id=11096, stack(0x0000006b73a00000,0x0000006b73b00000)]
  0x0000017d9d2ee000 JavaThread "container-0" [_thread_blocked, id=5892, stack(0x0000006b73b00000,0x0000006b73c00000)]
  0x0000017da0804000 JavaThread "mysql-cj-abandoned-connection-cleanup" daemon [_thread_blocked, id=5380, stack(0x0000006b73c00000,0x0000006b73d00000)]
  0x0000017d9fd33000 JavaThread "HikariPool-1 housekeeper" daemon [_thread_blocked, id=10020, stack(0x0000006b73400000,0x0000006b73500000)]
  0x0000017d9b83b000 JavaThread "NioBlockingSelector.BlockPoller-1" daemon [_thread_in_native, id=8660, stack(0x0000006b73f00000,0x0000006b74000000)]
  0x0000017da0324000 JavaThread "http-nio-9090-exec-1" daemon [_thread_blocked, id=3940, stack(0x0000006b74000000,0x0000006b74100000)]
  0x0000017d9cea5000 JavaThread "http-nio-9090-exec-2" daemon [_thread_blocked, id=9596, stack(0x0000006b74100000,0x0000006b74200000)]
  0x0000017d9ceab000 JavaThread "http-nio-9090-exec-3" daemon [_thread_in_vm, id=2148, stack(0x0000006b74200000,0x0000006b74300000)]
  0x0000017d9cea6800 JavaThread "http-nio-9090-exec-4" daemon [_thread_blocked, id=7296, stack(0x0000006b74300000,0x0000006b74400000)]
  0x0000017d9ceaa000 JavaThread "http-nio-9090-exec-5" daemon [_thread_blocked, id=8976, stack(0x0000006b74400000,0x0000006b74500000)]
  0x0000017d9cea9000 JavaThread "http-nio-9090-exec-6" daemon [_thread_blocked, id=10916, stack(0x0000006b74500000,0x0000006b74600000)]
  0x0000017d9cea6000 JavaThread "http-nio-9090-exec-7" daemon [_thread_blocked, id=32, stack(0x0000006b74600000,0x0000006b74700000)]
  0x0000017d9cea7800 JavaThread "http-nio-9090-exec-8" daemon [_thread_blocked, id=7116, stack(0x0000006b74700000,0x0000006b74800000)]
  0x0000017d9cea8800 JavaThread "http-nio-9090-exec-9" daemon [_thread_blocked, id=4012, stack(0x0000006b74800000,0x0000006b74900000)]
  0x0000017da0d41800 JavaThread "http-nio-9090-exec-10" daemon [_thread_blocked, id=5668, stack(0x0000006b74900000,0x0000006b74a00000)]
  0x0000017da0d40000 JavaThread "http-nio-9090-ClientPoller-0" daemon [_thread_in_native, id=7452, stack(0x0000006b74a00000,0x0000006b74b00000)]
  0x0000017da0d45000 JavaThread "http-nio-9090-ClientPoller-1" daemon [_thread_in_native, id=8696, stack(0x0000006b74b00000,0x0000006b74c00000)]
  0x0000017da0d44000 JavaThread "http-nio-9090-Acceptor-0" daemon [_thread_in_native, id=6476, stack(0x0000006b74c00000,0x0000006b74d00000)]
  0x0000017da0d42800 JavaThread "DestroyJavaVM" [_thread_blocked, id=9556, stack(0x0000006b72300000,0x0000006b72400000)]

Other Threads:
  0x0000017d9970d000 VMThread "VM Thread" [stack: 0x0000006b72900000,0x0000006b72a00000] [id=7640]
  0x0000017d9a209800 WatcherThread [stack: 0x0000006b73200000,0x0000006b73300000] [id=10404]
  0x0000017dfe640000 GCTaskThread "GC Thread#0" [stack: 0x0000006b72400000,0x0000006b72500000] [id=632]
  0x0000017d9aecf800 GCTaskThread "GC Thread#1" [stack: 0x0000006b73600000,0x0000006b73700000] [id=3776]
  0x0000017d9aed1000 GCTaskThread "GC Thread#2" [stack: 0x0000006b73700000,0x0000006b73800000] [id=7180]
  0x0000017d9aed0800 GCTaskThread "GC Thread#3" [stack: 0x0000006b73800000,0x0000006b73900000] [id=712]
  0x0000017dfe65d800 ConcurrentGCThread "G1 Main Marker" [stack: 0x0000006b72500000,0x0000006b72600000] [id=7276]
  0x0000017dfe664000 ConcurrentGCThread "G1 Conc#0" [stack: 0x0000006b72600000,0x0000006b72700000] [id=10120]
  0x0000017dfe6b8000 ConcurrentGCThread "G1 Refine#0" [stack: 0x0000006b72700000,0x0000006b72800000] [id=8916]
  0x0000017d9a408000 ConcurrentGCThread "G1 Refine#1" [stack: 0x0000006b73900000,0x0000006b73a00000] [id=10852]
  0x0000017dfe6ba000 ConcurrentGCThread "G1 Young RemSet Sampling" [stack: 0x0000006b72800000,0x0000006b72900000] [id=8780]

Threads with active compile tasks:
C2 CompilerThread0    42491 6543       4       sun.invoke.util.BytecodeDescriptor::unparseSig (91 bytes)
C1 CompilerThread0    42491 6573       3       java.nio.HeapByteBuffer::put (16 bytes)

VM state:synchronizing (normal execution)

VM Mutex/Monitor currently owned by a thread:  ([mutex/lock_event])
[0x0000017dfe627b10] Threads_lock - owner thread: 0x0000017d9970d000

Heap address: 0x00000000c1800000, size: 1000 MB, Compressed Oops mode: 32-bit
Narrow klass base: 0x0000000000000000, Narrow klass shift: 3
Compressed class space size: 1073741824 Address: 0x0000000100000000

Heap:
 garbage-first heap   total 95232K, used 42315K [0x00000000c1800000, 0x0000000100000000)
  region size 1024K, 19 young (19456K), 6 survivors (6144K)
 Metaspace       used 64345K, capacity 65656K, committed 65920K, reserved 1105920K
  class space    used 8072K, capacity 8559K, committed 8576K, reserved 1048576K
Heap Regions: E=young(eden), S=young(survivor), O=old, HS=humongous(starts), HC=humongous(continues), CS=collection set, F=free, A=archive, TAMS=top-at-mark-start (previous, next)
|   0|0x00000000c1800000, 0x00000000c1900000, 0x00000000c1900000|100%|HS|  |TAMS 0x00000000c1900000, 0x00000000c1800000| Complete 
|   1|0x00000000c1900000, 0x00000000c1a00000, 0x00000000c1a00000|100%| O|  |TAMS 0x00000000c1a00000, 0x00000000c1900000| Untracked 
|   2|0x00000000c1a00000, 0x00000000c1b00000, 0x00000000c1b00000|100%| O|  |TAMS 0x00000000c1b00000, 0x00000000c1a00000| Untracked 
|   3|0x00000000c1b00000, 0x00000000c1c00000, 0x00000000c1c00000|100%| O|  |TAMS 0x00000000c1c00000, 0x00000000c1b00000| Untracked 
|   4|0x00000000c1c00000, 0x00000000c1d00000, 0x00000000c1d00000|100%| O|  |TAMS 0x00000000c1d00000, 0x00000000c1c00000| Untracked 
|   5|0x00000000c1d00000, 0x00000000c1e00000, 0x00000000c1e00000|100%| O|  |TAMS 0x00000000c1e00000, 0x00000000c1d00000| Untracked 
|   6|0x00000000c1e00000, 0x00000000c1f00000, 0x00000000c1f00000|100%| O|  |TAMS 0x00000000c1f00000, 0x00000000c1e00000| Untracked 
|   7|0x00000000c1f00000, 0x00000000c2000000, 0x00000000c2000000|100%| O|  |TAMS 0x00000000c2000000, 0x00000000c1f00000| Untracked 
|   8|0x00000000c2000000, 0x00000000c2100000, 0x00000000c2100000|100%| O|  |TAMS 0x00000000c2100000, 0x00000000c2000000| Untracked 
|   9|0x00000000c2100000, 0x00000000c2200000, 0x00000000c2200000|100%| O|  |TAMS 0x00000000c2200000, 0x00000000c2100000| Untracked 
|  10|0x00000000c2200000, 0x00000000c2300000, 0x00000000c2300000|100%| O|  |TAMS 0x00000000c2300000, 0x00000000c2200000| Untracked 
|  11|0x00000000c2300000, 0x00000000c2400000, 0x00000000c2400000|100%| O|  |TAMS 0x00000000c2400000, 0x00000000c2300000| Untracked 
|  12|0x00000000c2400000, 0x00000000c2500000, 0x00000000c2500000|100%| O|  |TAMS 0x00000000c2500000, 0x00000000c2400000| Untracked 
|  13|0x00000000c2500000, 0x00000000c2600000, 0x00000000c2600000|100%| O|  |TAMS 0x00000000c2600000, 0x00000000c2500000| Untracked 
|  14|0x00000000c2600000, 0x00000000c2700000, 0x00000000c2700000|100%| O|  |TAMS 0x00000000c2700000, 0x00000000c2600000| Untracked 
|  15|0x00000000c2700000, 0x00000000c2800000, 0x00000000c2800000|100%| O|  |TAMS 0x00000000c2800000, 0x00000000c2700000| Untracked 
|  16|0x00000000c2800000, 0x00000000c2900000, 0x00000000c2900000|100%| O|  |TAMS 0x00000000c2900000, 0x00000000c2800000| Untracked 
|  17|0x00000000c2900000, 0x00000000c2a00000, 0x00000000c2a00000|100%| O|  |TAMS 0x00000000c2a00000, 0x00000000c2900000| Untracked 
|  18|0x00000000c2a00000, 0x00000000c2b00000, 0x00000000c2b00000|100%| O|  |TAMS 0x00000000c2b00000, 0x00000000c2a00000| Untracked 
|  19|0x00000000c2b00000, 0x00000000c2c00000, 0x00000000c2c00000|100%| O|  |TAMS 0x00000000c2c00000, 0x00000000c2b00000| Untracked 
|  20|0x00000000c2c00000, 0x00000000c2d00000, 0x00000000c2d00000|100%| O|  |TAMS 0x00000000c2d00000, 0x00000000c2c00000| Untracked 
|  21|0x00000000c2d00000, 0x00000000c2e00000, 0x00000000c2e00000|100%| O|  |TAMS 0x00000000c2e00000, 0x00000000c2d00000| Untracked 
|  22|0x00000000c2e00000, 0x00000000c2f00000, 0x00000000c2f00000|100%| O|  |TAMS 0x00000000c2f00000, 0x00000000c2e00000| Untracked 
|  23|0x00000000c2f00000, 0x00000000c3000000, 0x00000000c3000000|100%| O|  |TAMS 0x00000000c2f5c400, 0x00000000c2f00000| Untracked 
|  24|0x00000000c3000000, 0x00000000c30c4600, 0x00000000c3100000| 76%| O|  |TAMS 0x00000000c3000000, 0x00000000c3000000| Untracked 
|  25|0x00000000c3100000, 0x00000000c3100000, 0x00000000c3200000|  0%| F|  |TAMS 0x00000000c3100000, 0x00000000c3100000| Untracked 
|  26|0x00000000c3200000, 0x00000000c3200000, 0x00000000c3300000|  0%| F|  |TAMS 0x00000000c3200000, 0x00000000c3200000| Untracked 
|  27|0x00000000c3300000, 0x00000000c3300000, 0x00000000c3400000|  0%| F|  |TAMS 0x00000000c3300000, 0x00000000c3300000| Untracked 
|  28|0x00000000c3400000, 0x00000000c3400000, 0x00000000c3500000|  0%| F|  |TAMS 0x00000000c3400000, 0x00000000c3400000| Untracked 
|  29|0x00000000c3500000, 0x00000000c3500000, 0x00000000c3600000|  0%| F|  |TAMS 0x00000000c3500000, 0x00000000c3500000| Untracked 
|  30|0x00000000c3600000, 0x00000000c3600000, 0x00000000c3700000|  0%| F|  |TAMS 0x00000000c3600000, 0x00000000c3600000| Untracked 
|  31|0x00000000c3700000, 0x00000000c3700000, 0x00000000c3800000|  0%| F|  |TAMS 0x00000000c3700000, 0x00000000c3700000| Untracked 
|  32|0x00000000c3800000, 0x00000000c3800000, 0x00000000c3900000|  0%| F|  |TAMS 0x00000000c3800000, 0x00000000c3800000| Untracked 
|  33|0x00000000c3900000, 0x00000000c3900000, 0x00000000c3a00000|  0%| F|  |TAMS 0x00000000c3900000, 0x00000000c3900000| Untracked 
|  34|0x00000000c3a00000, 0x00000000c3a00000, 0x00000000c3b00000|  0%| F|  |TAMS 0x00000000c3a00000, 0x00000000c3a00000| Untracked 
|  35|0x00000000c3b00000, 0x00000000c3b00000, 0x00000000c3c00000|  0%| F|  |TAMS 0x00000000c3b00000, 0x00000000c3b00000| Untracked 
|  36|0x00000000c3c00000, 0x00000000c3c00000, 0x00000000c3d00000|  0%| F|  |TAMS 0x00000000c3c00000, 0x00000000c3c00000| Untracked 
|  37|0x00000000c3d00000, 0x00000000c3d00000, 0x00000000c3e00000|  0%| F|  |TAMS 0x00000000c3d00000, 0x00000000c3d00000| Untracked 
|  38|0x00000000c3e00000, 0x00000000c3e00000, 0x00000000c3f00000|  0%| F|  |TAMS 0x00000000c3e00000, 0x00000000c3e00000| Untracked 
|  39|0x00000000c3f00000, 0x00000000c3f00000, 0x00000000c4000000|  0%| F|  |TAMS 0x00000000c3f00000, 0x00000000c3f00000| Untracked 
|  40|0x00000000c4000000, 0x00000000c4000000, 0x00000000c4100000|  0%| F|  |TAMS 0x00000000c4000000, 0x00000000c4000000| Untracked 
|  41|0x00000000c4100000, 0x00000000c4100000, 0x00000000c4200000|  0%| F|  |TAMS 0x00000000c4100000, 0x00000000c4100000| Untracked 
|  42|0x00000000c4200000, 0x00000000c4200000, 0x00000000c4300000|  0%| F|  |TAMS 0x00000000c4200000, 0x00000000c4200000| Untracked 
|  43|0x00000000c4300000, 0x00000000c438e950, 0x00000000c4400000| 55%| S|CS|TAMS 0x00000000c4300000, 0x00000000c4300000| Complete 
|  44|0x00000000c4400000, 0x00000000c4500000, 0x00000000c4500000|100%| S|CS|TAMS 0x00000000c4400000, 0x00000000c4400000| Complete 
|  45|0x00000000c4500000, 0x00000000c4600000, 0x00000000c4600000|100%| S|CS|TAMS 0x00000000c4500000, 0x00000000c4500000| Complete 
|  46|0x00000000c4600000, 0x00000000c4700000, 0x00000000c4700000|100%| S|CS|TAMS 0x00000000c4600000, 0x00000000c4600000| Complete 
|  47|0x00000000c4700000, 0x00000000c4800000, 0x00000000c4800000|100%| S|CS|TAMS 0x00000000c4700000, 0x00000000c4700000| Complete 
|  48|0x00000000c4800000, 0x00000000c4900000, 0x00000000c4900000|100%| S|CS|TAMS 0x00000000c4800000, 0x00000000c4800000| Complete 
|  49|0x00000000c4900000, 0x00000000c4900000, 0x00000000c4a00000|  0%| F|  |TAMS 0x00000000c4900000, 0x00000000c4900000| Untracked 
|  50|0x00000000c4a00000, 0x00000000c4a00000, 0x00000000c4b00000|  0%| F|  |TAMS 0x00000000c4a00000, 0x00000000c4a00000| Untracked 
|  51|0x00000000c4b00000, 0x00000000c4b00000, 0x00000000c4c00000|  0%| F|  |TAMS 0x00000000c4b00000, 0x00000000c4b00000| Untracked 
|  52|0x00000000c4c00000, 0x00000000c4c00000, 0x00000000c4d00000|  0%| F|  |TAMS 0x00000000c4c00000, 0x00000000c4c00000| Untracked 
|  53|0x00000000c4d00000, 0x00000000c4d00000, 0x00000000c4e00000|  0%| F|  |TAMS 0x00000000c4d00000, 0x00000000c4d00000| Untracked 
|  54|0x00000000c4e00000, 0x00000000c4e00000, 0x00000000c4f00000|  0%| F|  |TAMS 0x00000000c4e00000, 0x00000000c4e00000| Untracked 
|  55|0x00000000c4f00000, 0x00000000c4f00000, 0x00000000c5000000|  0%| F|  |TAMS 0x00000000c4f00000, 0x00000000c4f00000| Untracked 
|  56|0x00000000c5000000, 0x00000000c5000000, 0x00000000c5100000|  0%| F|  |TAMS 0x00000000c5000000, 0x00000000c5000000| Untracked 
|  57|0x00000000c5100000, 0x00000000c5100000, 0x00000000c5200000|  0%| F|  |TAMS 0x00000000c5100000, 0x00000000c5100000| Untracked 
|  58|0x00000000c5200000, 0x00000000c5200000, 0x00000000c5300000|  0%| F|  |TAMS 0x00000000c5200000, 0x00000000c5200000| Untracked 
|  59|0x00000000c5300000, 0x00000000c5300000, 0x00000000c5400000|  0%| F|  |TAMS 0x00000000c5300000, 0x00000000c5300000| Untracked 
|  60|0x00000000c5400000, 0x00000000c5400000, 0x00000000c5500000|  0%| F|  |TAMS 0x00000000c5400000, 0x00000000c5400000| Untracked 
|  61|0x00000000c5500000, 0x00000000c5500000, 0x00000000c5600000|  0%| F|  |TAMS 0x00000000c5500000, 0x00000000c5500000| Untracked 
|  62|0x00000000c5600000, 0x00000000c5600000, 0x00000000c5700000|  0%| F|  |TAMS 0x00000000c5600000, 0x00000000c5600000| Untracked 
|  63|0x00000000c5700000, 0x00000000c5700000, 0x00000000c5800000|  0%| F|  |TAMS 0x00000000c5700000, 0x00000000c5700000| Untracked 
|  64|0x00000000c5800000, 0x00000000c5800000, 0x00000000c5900000|  0%| F|  |TAMS 0x00000000c5800000, 0x00000000c5800000| Untracked 
|  65|0x00000000c5900000, 0x00000000c5900000, 0x00000000c5a00000|  0%| F|  |TAMS 0x00000000c5900000, 0x00000000c5900000| Untracked 
|  66|0x00000000c5a00000, 0x00000000c5a00000, 0x00000000c5b00000|  0%| F|  |TAMS 0x00000000c5a00000, 0x00000000c5a00000| Untracked 
|  67|0x00000000c5b00000, 0x00000000c5b00000, 0x00000000c5c00000|  0%| F|  |TAMS 0x00000000c5b00000, 0x00000000c5b00000| Untracked 
|  68|0x00000000c5c00000, 0x00000000c5c00000, 0x00000000c5d00000|  0%| F|  |TAMS 0x00000000c5c00000, 0x00000000c5c00000| Untracked 
|  69|0x00000000c5d00000, 0x00000000c5d00000, 0x00000000c5e00000|  0%| F|  |TAMS 0x00000000c5d00000, 0x00000000c5d00000| Untracked 
|  70|0x00000000c5e00000, 0x00000000c5e00000, 0x00000000c5f00000|  0%| F|  |TAMS 0x00000000c5e00000, 0x00000000c5e00000| Untracked 
|  71|0x00000000c5f00000, 0x00000000c5f00000, 0x00000000c6000000|  0%| F|  |TAMS 0x00000000c5f00000, 0x00000000c5f00000| Untracked 
|  72|0x00000000c6000000, 0x00000000c6000000, 0x00000000c6100000|  0%| F|  |TAMS 0x00000000c6000000, 0x00000000c6000000| Untracked 
|  73|0x00000000c6100000, 0x00000000c6100000, 0x00000000c6200000|  0%| F|  |TAMS 0x00000000c6100000, 0x00000000c6100000| Untracked 
|  74|0x00000000c6200000, 0x00000000c6200000, 0x00000000c6300000|  0%| F|  |TAMS 0x00000000c6200000, 0x00000000c6200000| Untracked 
|  75|0x00000000c6300000, 0x00000000c6300000, 0x00000000c6400000|  0%| F|  |TAMS 0x00000000c6300000, 0x00000000c6300000| Untracked 
|  76|0x00000000c6400000, 0x00000000c6400000, 0x00000000c6500000|  0%| F|  |TAMS 0x00000000c6400000, 0x00000000c6400000| Untracked 
|  77|0x00000000c6500000, 0x00000000c6500000, 0x00000000c6600000|  0%| F|  |TAMS 0x00000000c6500000, 0x00000000c6500000| Untracked 
|  78|0x00000000c6600000, 0x00000000c6600000, 0x00000000c6700000|  0%| F|  |TAMS 0x00000000c6600000, 0x00000000c6600000| Untracked 
|  79|0x00000000c6700000, 0x00000000c6700000, 0x00000000c6800000|  0%| F|  |TAMS 0x00000000c6700000, 0x00000000c6700000| Untracked 
|  80|0x00000000c6800000, 0x00000000c6900000, 0x00000000c6900000|100%| E|  |TAMS 0x00000000c6800000, 0x00000000c6800000| Complete 
|  81|0x00000000c6900000, 0x00000000c6a00000, 0x00000000c6a00000|100%| E|CS|TAMS 0x00000000c6900000, 0x00000000c6900000| Complete 
|  82|0x00000000c6a00000, 0x00000000c6b00000, 0x00000000c6b00000|100%| E|CS|TAMS 0x00000000c6a00000, 0x00000000c6a00000| Complete 
|  83|0x00000000c6b00000, 0x00000000c6c00000, 0x00000000c6c00000|100%| E|CS|TAMS 0x00000000c6b00000, 0x00000000c6b00000| Complete 
|  84|0x00000000c6c00000, 0x00000000c6d00000, 0x00000000c6d00000|100%| E|  |TAMS 0x00000000c6c00000, 0x00000000c6c00000| Complete 
|  85|0x00000000c6d00000, 0x00000000c6e00000, 0x00000000c6e00000|100%| E|CS|TAMS 0x00000000c6d00000, 0x00000000c6d00000| Complete 
|  86|0x00000000c6e00000, 0x00000000c6f00000, 0x00000000c6f00000|100%| E|CS|TAMS 0x00000000c6e00000, 0x00000000c6e00000| Complete 
|  87|0x00000000c6f00000, 0x00000000c7000000, 0x00000000c7000000|100%| E|CS|TAMS 0x00000000c6f00000, 0x00000000c6f00000| Complete 
|  88|0x00000000c7000000, 0x00000000c7100000, 0x00000000c7100000|100%| E|CS|TAMS 0x00000000c7000000, 0x00000000c7000000| Complete 
|  89|0x00000000c7100000, 0x00000000c7200000, 0x00000000c7200000|100%| E|CS|TAMS 0x00000000c7100000, 0x00000000c7100000| Complete 
|  90|0x00000000c7200000, 0x00000000c7300000, 0x00000000c7300000|100%| E|CS|TAMS 0x00000000c7200000, 0x00000000c7200000| Complete 
|  91|0x00000000c7300000, 0x00000000c7400000, 0x00000000c7400000|100%| E|CS|TAMS 0x00000000c7300000, 0x00000000c7300000| Complete 
|  92|0x00000000c7400000, 0x00000000c7500000, 0x00000000c7500000|100%| E|CS|TAMS 0x00000000c7400000, 0x00000000c7400000| Complete 

Card table byte_map: [0x0000017dfe8f0000,0x0000017dfeaf0000] _byte_map_base: 0x0000017dfe2e4000

Marking Bits (Prev, Next): (CMBitMap*) 0x0000017dfe655de0, (CMBitMap*) 0x0000017dfe655da8
 Prev Bits: [0x0000017d96610000, 0x0000017d975b0000)
 Next Bits: [0x0000017dfecf0000, 0x0000017dffc90000)

Polling page: 0x0000017dfc570000

Metaspace:

Usage:
  Non-class:     55.76 MB capacity,    54.95 MB ( 99%) used,   663.95 KB (  1%) free+waste,   160.00 KB ( <1%) overhead. 
      Class:      8.36 MB capacity,     7.88 MB ( 94%) used,   412.57 KB (  5%) free+waste,    74.31 KB ( <1%) overhead. 
       Both:     64.12 MB capacity,    62.84 MB ( 98%) used,     1.05 MB (  2%) free+waste,   234.31 KB ( <1%) overhead. 

Virtual space:
  Non-class space:       56.00 MB reserved,      56.00 MB (100%) committed 
      Class space:        1.00 GB reserved,       8.38 MB ( <1%) committed 
             Both:        1.05 GB reserved,      64.38 MB (  6%) committed 

Chunk freelists:
   Non-Class:  6.88 KB
       Class:  2.13 KB
        Both:  9.00 KB

CodeHeap 'non-profiled nmethods': size=120064Kb used=4189Kb max_used=4189Kb free=115874Kb
 bounds [0x0000017d8f0d0000, 0x0000017d8f4f0000, 0x0000017d96610000]
CodeHeap 'profiled nmethods': size=120000Kb used=15275Kb max_used=15275Kb free=104724Kb
 bounds [0x0000017d87ba0000, 0x0000017d88a90000, 0x0000017d8f0d0000]
CodeHeap 'non-nmethods': size=5696Kb used=1246Kb max_used=1289Kb free=4449Kb
 bounds [0x0000017d87610000, 0x0000017d87880000, 0x0000017d87ba0000]
 total_blobs=7163 nmethods=6537 adapters=536
 compilation: enabled
              stopped_count=0, restarted_count=0
 full_count=0

Compilation events (10 events):
Event: 42.304 Thread 0x0000017d9a0b9000 6545       3       java.lang.ThreadLocal::setInitialValue (50 bytes)
Event: 42.305 Thread 0x0000017d9a0b9000 nmethod 6545 0x0000017d88a7c910 code [0x0000017d88a7cb40, 0x0000017d88a7d438]
Event: 42.317 Thread 0x0000017d9a0b9000 6546       3       java.util.ImmutableCollections$AbstractImmutableList::iterator (13 bytes)
Event: 42.317 Thread 0x0000017d9a0b9000 nmethod 6546 0x0000017d88a7d610 code [0x0000017d88a7d7c0, 0x0000017d88a7db08]
Event: 42.317 Thread 0x0000017d9a0b9000 6547       3       java.util.ImmutableCollections$ListItr::<init> (25 bytes)
Event: 42.317 Thread 0x0000017d9a0b9000 nmethod 6547 0x0000017d88a7dc10 code [0x0000017d88a7dda0, 0x0000017d88a7df78]
Event: 42.322 Thread 0x0000017d9a0b9000 6548       3       org.springframework.util.MimeType::checkToken (74 bytes)
Event: 42.323 Thread 0x0000017d9a0b9000 nmethod 6548 0x0000017d88a7e010 code [0x0000017d88a7e340, 0x0000017d88a7f478]
Event: 42.325 Thread 0x0000017d9a0b9000 6549       3       java.lang.Object::toString (36 bytes)
Event: 42.327 Thread 0x0000017d9a0b9000 nmethod 6549 0x0000017d88a7fb90 code [0x0000017d88a7fe20, 0x0000017d88a80888]

GC Heap History (10 events):
Event: 11.894 GC heap before
{Heap before GC invocations=10 (full 0):
 garbage-first heap   total 78848K, used 55935K [0x00000000c1800000, 0x0000000100000000)
  region size 1024K, 40 young (40960K), 6 survivors (6144K)
 Metaspace       used 45895K, capacity 46888K, committed 47104K, reserved 1091584K
  class space    used 5443K, capacity 5813K, committed 5888K, reserved 1048576K
}
Event: 11.907 GC heap after
{Heap after GC invocations=11 (full 0):
 garbage-first heap   total 95232K, used 24570K [0x00000000c1800000, 0x0000000100000000)
  region size 1024K, 3 young (3072K), 3 survivors (3072K)
 Metaspace       used 45895K, capacity 46888K, committed 47104K, reserved 1091584K
  class space    used 5443K, capacity 5813K, committed 5888K, reserved 1048576K
}
Event: 13.974 GC heap before
{Heap before GC invocations=11 (full 0):
 garbage-first heap   total 95232K, used 64506K [0x00000000c1800000, 0x0000000100000000)
  region size 1024K, 42 young (43008K), 3 survivors (3072K)
 Metaspace       used 52357K, capacity 53405K, committed 53504K, reserved 1095680K
  class space    used 6455K, capacity 6851K, committed 6912K, reserved 1048576K
}
Event: 13.980 GC heap after
{Heap after GC invocations=12 (full 0):
 garbage-first heap   total 95232K, used 25364K [0x00000000c1800000, 0x0000000100000000)
  region size 1024K, 4 young (4096K), 4 survivors (4096K)
 Metaspace       used 52357K, capacity 53405K, committed 53504K, reserved 1095680K
  class space    used 6455K, capacity 6851K, committed 6912K, reserved 1048576K
}
Event: 15.441 GC heap before
{Heap before GC invocations=12 (full 0):
 garbage-first heap   total 95232K, used 66324K [0x00000000c1800000, 0x0000000100000000)
  region size 1024K, 44 young (45056K), 4 survivors (4096K)
 Metaspace       used 56804K, capacity 57873K, committed 57984K, reserved 1099776K
  class space    used 7114K, capacity 7521K, committed 7552K, reserved 1048576K
}
Event: 15.449 GC heap after
{Heap after GC invocations=13 (full 0):
 garbage-first heap   total 95232K, used 26693K [0x00000000c1800000, 0x0000000100000000)
  region size 1024K, 3 young (3072K), 3 survivors (3072K)
 Metaspace       used 56804K, capacity 57873K, committed 57984K, reserved 1099776K
  class space    used 7114K, capacity 7521K, committed 7552K, reserved 1048576K
}
Event: 17.050 GC heap before
{Heap before GC invocations=13 (full 0):
 garbage-first heap   total 95232K, used 55365K [0x00000000c1800000, 0x0000000100000000)
  region size 1024K, 32 young (32768K), 3 survivors (3072K)
 Metaspace       used 59062K, capacity 60093K, committed 60160K, reserved 1101824K
  class space    used 7393K, capacity 7801K, committed 7808K, reserved 1048576K
}
Event: 17.060 GC heap after
{Heap after GC invocations=14 (full 0):
 garbage-first heap   total 95232K, used 28543K [0x00000000c1800000, 0x0000000100000000)
  region size 1024K, 5 young (5120K), 5 survivors (5120K)
 Metaspace       used 59062K, capacity 60093K, committed 60160K, reserved 1101824K
  class space    used 7393K, capacity 7801K, committed 7808K, reserved 1048576K
}
Event: 18.978 GC heap before
{Heap before GC invocations=15 (full 0):
 garbage-first heap   total 95232K, used 68479K [0x00000000c1800000, 0x0000000100000000)
  region size 1024K, 44 young (45056K), 5 survivors (5120K)
 Metaspace       used 61921K, capacity 63119K, committed 63360K, reserved 1103872K
  class space    used 7790K, capacity 8246K, committed 8320K, reserved 1048576K
}
Event: 18.991 GC heap after
{Heap after GC invocations=16 (full 0):
 garbage-first heap   total 95232K, used 31051K [0x00000000c1800000, 0x0000000100000000)
  region size 1024K, 6 young (6144K), 6 survivors (6144K)
 Metaspace       used 61921K, capacity 63119K, committed 63360K, reserved 1103872K
  class space    used 7790K, capacity 8246K, committed 8320K, reserved 1048576K
}

Deoptimization events (10 events):
Event: 18.559 Thread 0x0000017dfe62a800 Uncommon trap: reason=null_check action=make_not_entrant pc=0x0000017d8f445138 method=java.lang.Class.getMethodsRecursive(Ljava/lang/String;[Ljava/lang/Class;Z)Ljava/lang/PublicMethods$MethodList; @ 26 c2
Event: 18.559 Thread 0x0000017dfe62a800 Uncommon trap: reason=null_check action=make_not_entrant pc=0x0000017d8f282398 method=org.springframework.util.ClassUtils.isAssignable(Ljava/lang/Class;Ljava/lang/Class;)Z @ 14 c2
Event: 18.801 Thread 0x0000017dfe62a800 Uncommon trap: reason=class_check action=maybe_recompile pc=0x0000017d8f46459c method=org.springframework.core.annotation.AnnotatedElementUtils.searchWithGetSemanticsInAnnotations(Ljava/lang/reflect/AnnotatedElement;Ljava/util/List;Ljava/util/Set;Ljava/la
Event: 18.801 Thread 0x0000017dfe62a800 Uncommon trap: reason=unstable_if action=reinterpret pc=0x0000017d8f463fb8 method=org.springframework.core.annotation.AnnotatedElementUtils.searchWithGetSemanticsInAnnotations(Ljava/lang/reflect/AnnotatedElement;Ljava/util/List;Ljava/util/Set;Ljava/lang/S
Event: 18.916 Thread 0x0000017dfe62a800 Uncommon trap: reason=unstable_if action=reinterpret pc=0x0000017d8f289a58 method=org.springframework.util.ConcurrentReferenceHashMap$Segment.clear()V @ 4 c2
Event: 18.994 Thread 0x0000017dfe62a800 Uncommon trap: reason=bimorphic_or_optimized_type_check action=maybe_recompile pc=0x0000017d8f2c556c method=java.util.Hashtable.get(Ljava/lang/Object;)Ljava/lang/Object; @ 6 c2
Event: 18.995 Thread 0x0000017dfe62a800 Uncommon trap: reason=bimorphic_or_optimized_type_check action=maybe_recompile pc=0x0000017d8f2c556c method=java.util.Hashtable.get(Ljava/lang/Object;)Ljava/lang/Object; @ 6 c2
Event: 38.304 Thread 0x0000017da0d40000 Uncommon trap: reason=speculate_null_assert action=make_not_entrant pc=0x0000017d8f23ffcc method=java.lang.invoke.MethodType$ConcurrentWeakInternSet.add(Ljava/lang/Object;)Ljava/lang/Object; @ 47 c2
Event: 42.273 Thread 0x0000017da0324000 Uncommon trap: reason=bimorphic_or_optimized_type_check action=maybe_recompile pc=0x0000017d8f4e5630 method=java.util.concurrent.ConcurrentHashMap.putVal(Ljava/lang/Object;Ljava/lang/Object;Z)Ljava/lang/Object; @ 242 c2
Event: 42.321 Thread 0x0000017da0324000 Uncommon trap: reason=unstable_if action=reinterpret pc=0x0000017d8f406c60 method=java.lang.Class.getComponentType()Ljava/lang/Class; @ 4 c2

Classes redefined (0 events):
No events

Internal exceptions (10 events):
Event: 17.334 Thread 0x0000017dfe62a800 Exception <a 'java/lang/ClassNotFoundException'{0x00000000c71e9178}: org/springframework/context/ApplicationContextAwareCustomizer> (0x00000000c71e9178) thrown at [./open/src/hotspot/share/classfile/systemDictionary.cpp, line 226]
Event: 17.334 Thread 0x0000017dfe62a800 Exception <a 'java/lang/ClassNotFoundException'{0x00000000c71f36b8}: org/springframework/beans/factory/AwareCustomizer> (0x00000000c71f36b8) thrown at [./open/src/hotspot/share/classfile/systemDictionary.cpp, line 226]
Event: 17.335 Thread 0x0000017dfe62a800 Exception <a 'java/lang/ClassNotFoundException'{0x00000000c71fd7a8}: org/springframework/web/context/ServletContextAwareCustomizer> (0x00000000c71fd7a8) thrown at [./open/src/hotspot/share/classfile/systemDictionary.cpp, line 226]
Event: 17.336 Thread 0x0000017dfe62a800 Exception <a 'java/lang/ClassNotFoundException'{0x00000000c7007c70}: org/springframework/beans/factory/AwareCustomizer> (0x00000000c7007c70) thrown at [./open/src/hotspot/share/classfile/systemDictionary.cpp, line 226]
Event: 17.757 Thread 0x0000017dfe62a800 Exception <a 'java/lang/NoSuchMethodError'{0x00000000c641a820}: java.lang.invoke.DirectMethodHandle$Holder.invokeVirtual(Ljava/lang/Object;Ljava/lang/Object;I)V> (0x00000000c641a820) thrown at [./open/src/hotspot/share/interpreter/linkResolver.cpp, line 7
Event: 18.559 Thread 0x0000017dfe62a800 Implicit null exception at 0x0000017d8f443566 to 0x0000017d8f445128
Event: 18.559 Thread 0x0000017dfe62a800 Implicit null exception at 0x0000017d8f28215a to 0x0000017d8f282384
Event: 18.963 Thread 0x0000017dfe62a800 Exception <a 'java/lang/NoSuchMethodError'{0x00000000c4c6de20}: java.lang.invoke.DirectMethodHandle$Holder.invokeSpecial(Ljava/lang/Object;Ljava/lang/Object;)V> (0x00000000c4c6de20) thrown at [./open/src/hotspot/share/interpreter/linkResolver.cpp, line 77
Event: 18.964 Thread 0x0000017dfe62a800 Exception <a 'java/lang/NoSuchMethodError'{0x00000000c4c738c8}: java.lang.invoke.DirectMethodHandle$Holder.newInvokeSpecial(Ljava/lang/Object;I)Ljava/lang/Object;> (0x00000000c4c738c8) thrown at [./open/src/hotspot/share/interpreter/linkResolver.cpp, line
Event: 41.307 Thread 0x0000017da0324000 Exception <a 'java/lang/NoSuchMethodError'{0x00000000c6e17478}: java.lang.invoke.DirectMethodHandle$Holder.invokeStaticInit(Ljava/lang/Object;ILjava/lang/Object;)V> (0x00000000c6e17478) thrown at [./open/src/hotspot/share/interpreter/linkResolver.cpp, lin

Events (10 events):
Event: 42.366 loading class org/springframework/web/bind/annotation/CookieValue
Event: 42.366 loading class org/springframework/web/bind/annotation/CookieValue done
Event: 42.366 loading class org/springframework/web/bind/annotation/SessionAttribute
Event: 42.366 loading class org/springframework/web/bind/annotation/SessionAttribute done
Event: 42.366 loading class org/springframework/web/bind/annotation/RequestAttribute
Event: 42.366 loading class org/springframework/web/bind/annotation/RequestAttribute done
Event: 42.367 loading class org/apache/catalina/session/StandardSession
Event: 42.367 loading class org/apache/catalina/session/StandardSession done
Event: 42.368 loading class javax/servlet/AsyncListener
Event: 42.368 loading class javax/servlet/AsyncListener done


Dynamic libraries:
0x00007ff747790000 - 0x00007ff7477a0000 	C:\Program Files\Java\jdk-11\bin\javaw.exe
0x00007ffca96e0000 - 0x00007ffca98d0000 	C:\Windows\SYSTEM32\ntdll.dll
0x00007ffca95e0000 - 0x00007ffca9692000 	C:\Windows\System32\KERNEL32.DLL
0x00007ffca74e0000 - 0x00007ffca7783000 	C:\Windows\System32\KERNELBASE.dll
0x00007ffca73e0000 - 0x00007ffca74da000 	C:\Windows\System32\ucrtbase.dll
0x00007ffc85160000 - 0x00007ffc8517b000 	C:\Program Files\Java\jdk-11\bin\VCRUNTIME140.dll
0x00007ffc84320000 - 0x00007ffc84339000 	C:\Program Files\Java\jdk-11\bin\jli.dll
0x00007ffca7870000 - 0x00007ffca7913000 	C:\Windows\System32\ADVAPI32.dll
0x00007ffca84b0000 - 0x00007ffca854e000 	C:\Windows\System32\msvcrt.dll
0x00007ffca8360000 - 0x00007ffca83f7000 	C:\Windows\System32\sechost.dll
0x00007ffca8090000 - 0x00007ffca81b0000 	C:\Windows\System32\RPCRT4.dll
0x00007ffca7e90000 - 0x00007ffca8024000 	C:\Windows\System32\USER32.dll
0x00007ffca7140000 - 0x00007ffca7161000 	C:\Windows\System32\win32u.dll
0x00007ffca9200000 - 0x00007ffca9226000 	C:\Windows\System32\GDI32.dll
0x00007ffca6670000 - 0x00007ffca6804000 	C:\Windows\System32\gdi32full.dll
0x00007ffca7170000 - 0x00007ffca720e000 	C:\Windows\System32\msvcp_win.dll
0x00007ffca00e0000 - 0x00007ffca0365000 	C:\Windows\WinSxS\amd64_microsoft.windows.common-controls_6595b64144ccf1df_6.0.18362.535_none_e6c3b34713100821\COMCTL32.dll
0x00007ffca79a0000 - 0x00007ffca7cd6000 	C:\Windows\System32\combase.dll
0x00007ffca6fe0000 - 0x00007ffca7060000 	C:\Windows\System32\bcryptPrimitives.dll
0x00007ffc9ce50000 - 0x00007ffc9ce5a000 	C:\Windows\SYSTEM32\VERSION.dll
0x00007ffca7790000 - 0x00007ffca77be000 	C:\Windows\System32\IMM32.DLL
0x00007ffc9afe0000 - 0x00007ffc9afec000 	C:\Program Files\Java\jdk-11\bin\vcruntime140_1.dll
0x00007ffc6d9e0000 - 0x00007ffc6da6e000 	C:\Program Files\Java\jdk-11\bin\msvcp140.dll
0x00007ffc66bb0000 - 0x00007ffc6771d000 	C:\Program Files\Java\jdk-11\bin\server\jvm.dll
0x00007ffca9230000 - 0x00007ffca9238000 	C:\Windows\System32\PSAPI.DLL
0x00007ffca45a0000 - 0x00007ffca45a9000 	C:\Windows\SYSTEM32\WSOCK32.dll
0x00007ffca43d0000 - 0x00007ffca43f4000 	C:\Windows\SYSTEM32\WINMM.dll
0x00007ffca8570000 - 0x00007ffca85df000 	C:\Windows\System32\WS2_32.dll
0x00007ffca43a0000 - 0x00007ffca43cd000 	C:\Windows\SYSTEM32\WINMMBASE.dll
0x00007ffca6810000 - 0x00007ffca685a000 	C:\Windows\System32\cfgmgr32.dll
0x00007ffca65c0000 - 0x00007ffca65d1000 	C:\Windows\System32\kernel.appcore.dll
0x00007ffc9a1e0000 - 0x00007ffc9a1f0000 	C:\Program Files\Java\jdk-11\bin\verify.dll
0x00007ffc95f70000 - 0x00007ffc96164000 	C:\Windows\SYSTEM32\DBGHELP.DLL
0x00007ffc959c0000 - 0x00007ffc959ea000 	C:\Windows\SYSTEM32\dbgcore.DLL
0x00007ffc83920000 - 0x00007ffc83948000 	C:\Program Files\Java\jdk-11\bin\java.dll
0x00007ffc98ae0000 - 0x00007ffc98aea000 	C:\Program Files\Java\jdk-11\bin\jimage.dll
0x00007ffc83d40000 - 0x00007ffc83d57000 	C:\Program Files\Java\jdk-11\bin\zip.dll
0x00007ffca8ab0000 - 0x00007ffca9195000 	C:\Windows\System32\SHELL32.dll
0x00007ffca77c0000 - 0x00007ffca7869000 	C:\Windows\System32\shcore.dll
0x00007ffca6860000 - 0x00007ffca6fdf000 	C:\Windows\System32\windows.storage.dll
0x00007ffca6650000 - 0x00007ffca666f000 	C:\Windows\System32\profapi.dll
0x00007ffca65e0000 - 0x00007ffca662a000 	C:\Windows\System32\powrprof.dll
0x00007ffca65b0000 - 0x00007ffca65c0000 	C:\Windows\System32\UMPDC.dll
0x00007ffca8030000 - 0x00007ffca8082000 	C:\Windows\System32\shlwapi.dll
0x00007ffca7210000 - 0x00007ffca7227000 	C:\Windows\System32\cryptsp.dll
0x00007ffc82400000 - 0x00007ffc82419000 	C:\Program Files\Java\jdk-11\bin\net.dll
0x00007ffc9d920000 - 0x00007ffc9da10000 	C:\Windows\SYSTEM32\WINHTTP.dll
0x00007ffca5e20000 - 0x00007ffca5e87000 	C:\Windows\system32\mswsock.dll
0x00007ffc82370000 - 0x00007ffc82382000 	C:\Program Files\Java\jdk-11\bin\nio.dll
0x00007ffc97ca0000 - 0x00007ffc97ca9000 	C:\Program Files\Java\jdk-11\bin\management.dll
0x00007ffc972d0000 - 0x00007ffc972db000 	C:\Program Files\Java\jdk-11\bin\management_ext.dll
0x00007ffc8ad50000 - 0x00007ffc8ad66000 	C:\Windows\system32\napinsp.dll
0x00007ffc8ac60000 - 0x00007ffc8ac7a000 	C:\Windows\system32\pnrpnsp.dll
0x00007ffca5b70000 - 0x00007ffca5c3a000 	C:\Windows\SYSTEM32\DNSAPI.dll
0x00007ffca7920000 - 0x00007ffca7928000 	C:\Windows\System32\NSI.dll
0x00007ffca5b30000 - 0x00007ffca5b6a000 	C:\Windows\SYSTEM32\IPHLPAPI.DLL
0x00007ffc8ad40000 - 0x00007ffc8ad4e000 	C:\Windows\System32\winrnr.dll
0x00007ffca4250000 - 0x00007ffca426c000 	C:\Windows\system32\NLAapi.dll
0x00007ffc88470000 - 0x00007ffc88485000 	C:\Windows\system32\wshbth.dll
0x00007ffc9ce40000 - 0x00007ffc9ce4a000 	C:\Windows\System32\rasadhlp.dll
0x00007ffca0410000 - 0x00007ffca0487000 	C:\Windows\System32\fwpuclnt.dll
0x00007ffca7060000 - 0x00007ffca7086000 	C:\Windows\System32\bcrypt.dll
0x00007ffca5990000 - 0x00007ffca59c3000 	C:\Windows\system32\rsaenh.dll
0x00007ffca64a0000 - 0x00007ffca64c5000 	C:\Windows\SYSTEM32\USERENV.dll
0x00007ffca5ff0000 - 0x00007ffca5ffc000 	C:\Windows\SYSTEM32\CRYPTBASE.dll
0x00007ffca0960000 - 0x00007ffca0976000 	C:\Windows\SYSTEM32\dhcpcsvc6.DLL
0x00007ffca10d0000 - 0x00007ffca10ec000 	C:\Windows\SYSTEM32\dhcpcsvc.DLL

dbghelp: loaded successfully - version: 4.0.5 - missing functions: none
symbol engine: initialized successfully - sym options: 0x614 - pdb path: .;C:\Program Files\Java\jdk-11\bin;C:\Windows\SYSTEM32;C:\Windows\WinSxS\amd64_microsoft.windows.common-controls_6595b64144ccf1df_6.0.18362.535_none_e6c3b34713100821;C:\Program Files\Java\jdk-11\bin\server

VM Arguments:
jvm_args: -Dfile.encoding=Cp1252 
java_command: webgiay.StartServerJava
java_class_path (initial): E:\DoAn\WebGiay\target\classes;C:\Users\Admin\.m2\repository\org\springframework\boot\spring-boot-starter-web\2.1.4.RELEASE\spring-boot-starter-web-2.1.4.RELEASE.jar;C:\Users\Admin\.m2\repository\org\springframework\boot\spring-boot-starter\2.1.4.RELEASE\spring-boot-starter-2.1.4.RELEASE.jar;C:\Users\Admin\.m2\repository\org\springframework\boot\spring-boot\2.1.4.RELEASE\spring-boot-2.1.4.RELEASE.jar;C:\Users\Admin\.m2\repository\org\springframework\boot\spring-boot-autoconfigure\2.1.4.RELEASE\spring-boot-autoconfigure-2.1.4.RELEASE.jar;C:\Users\Admin\.m2\repository\org\springframework\boot\spring-boot-starter-logging\2.1.4.RELEASE\spring-boot-starter-logging-2.1.4.RELEASE.jar;C:\Users\Admin\.m2\repository\ch\qos\logback\logback-classic\1.2.3\logback-classic-1.2.3.jar;C:\Users\Admin\.m2\repository\ch\qos\logback\logback-core\1.2.3\logback-core-1.2.3.jar;C:\Users\Admin\.m2\repository\org\apache\logging\log4j\log4j-to-slf4j\2.11.2\log4j-to-slf4j-2.11.2.jar;C:\Users\Admin\.m2\repository\org\apache\logging\log4j\log4j-api\2.11.2\log4j-api-2.11.2.jar;C:\Users\Admin\.m2\repository\org\slf4j\jul-to-slf4j\1.7.26\jul-to-slf4j-1.7.26.jar;C:\Users\Admin\.m2\repository\javax\annotation\javax.annotation-api\1.3.2\javax.annotation-api-1.3.2.jar;C:\Users\Admin\.m2\repository\org\springframework\spring-core\5.1.6.RELEASE\spring-core-5.1.6.RELEASE.jar;C:\Users\Admin\.m2\repository\org\springframework\spring-jcl\5.1.6.RELEASE\spring-jcl-5.1.6.RELEASE.jar;C:\Users\Admin\.m2\repository\org\yaml\snakeyaml\1.23\snakeyaml-1.23.jar;C:\Users\Admin\.m2\repository\org\springframework\boot\spring-boot-starter-json\2.1.4.RELEASE\spring-boot-starter-json-2.1.4.RELEASE.jar;C:\Users\Admin\.m2\repository\com\fasterxml\jackson\core\jackson-databind\2.9.8\jackson-databind-2.9.8.jar;C:\Users\Admin\.m2\repository\com\fasterxml\jackson\core\jackson-annotations\2.9.0\jackson-annotations-2.9.0.jar;C:\Users\Admin\.m2\repository\com\fasterxml\jackson\core\jackson-core\2.9.8\jack
Launcher Type: SUN_STANDARD

[Global flags]
     intx CICompilerCount                          = 3                                         {product} {ergonomic}
     uint ConcGCThreads                            = 1                                         {product} {ergonomic}
     uint G1ConcRefinementThreads                  = 4                                         {product} {ergonomic}
   size_t G1HeapRegionSize                         = 1048576                                   {product} {ergonomic}
    uintx GCDrainStackTargetSize                   = 64                                        {product} {ergonomic}
   size_t InitialHeapSize                          = 67108864                                  {product} {ergonomic}
   size_t MarkStackSize                            = 4194304                                   {product} {ergonomic}
   size_t MaxHeapSize                              = 1048576000                                {product} {ergonomic}
   size_t MaxNewSize                               = 629145600                                 {product} {ergonomic}
   size_t MinHeapDeltaBytes                        = 1048576                                   {product} {ergonomic}
    uintx NonNMethodCodeHeapSize                   = 5830732                                {pd product} {ergonomic}
    uintx NonProfiledCodeHeapSize                  = 122913754                              {pd product} {ergonomic}
    uintx ProfiledCodeHeapSize                     = 122913754                              {pd product} {ergonomic}
    uintx ReservedCodeCacheSize                    = 251658240                              {pd product} {ergonomic}
     bool SegmentedCodeCache                       = true                                      {product} {ergonomic}
     bool UseCompressedClassPointers               = true                                 {lp64_product} {ergonomic}
     bool UseCompressedOops                        = true                                 {lp64_product} {ergonomic}
     bool UseG1GC                                  = true                                      {product} {ergonomic}
     bool UseLargePagesIndividualAllocation        = false                                  {pd product} {ergonomic}

Logging:
Log output configuration:
 #0: stdout all=warning uptime,level,tags
 #1: stderr all=off uptime,level,tags

Environment Variables:
JAVA_HOME=C:\Program Files\Java\jdk-11
PATH=C:/Users/Admin/Downloads/eclipse-jee-2020-12-R-win32-x86_64/eclipse//plugins/org.eclipse.justj.openjdk.hotspot.jre.full.win32.x86_64_15.0.1.v20201027-0507/jre/bin/server;C:/Users/Admin/Downloads/eclipse-jee-2020-12-R-win32-x86_64/eclipse//plugins/org.eclipse.justj.openjdk.hotspot.jre.full.win32.x86_64_15.0.1.v20201027-0507/jre/bin;C:\ProgramData\Oracle\Java\javapath;C:\Program Files\Common Files\Oracle\Java\javapath;C:\Windows\system32;C:\Windows;C:\Windows\System32\Wbem;C:\Windows\System32\WindowsPowerShell\v1.0\;C:\Windows\System32\OpenSSH\;C:\Program Files\Microsoft SQL Server\Client SDK\ODBC\170\Tools\Binn\;C:\Program Files (x86)\Microsoft SQL Server\150\Tools\Binn\;C:\Program Files\Microsoft SQL Server\150\Tools\Binn\;C:\Program Files\Microsoft SQL Server\150\DTS\Binn\;C:\Program Files\Azure Data Studio\bin;C:\Program Files (x86)\Microsoft SQL Server\150\DTS\Binn\;C:\Program Files (x86)\Rational\common;C:\Program Files\Git\cmd;C:\Program Files\Java\jdk1.8.0_112\bin;C:\Program Files\Java\jdk1.8.0_45\bin;C:\Program Files\Java\jdk-11\bin;C:\Program Files\Java\jdk-21\bin;C:\Program Files\Microsoft SQL Server\130\Tools\Binn\;C:\Program Files\TortoiseSVN\bin;C:\Program Files\MySQL\MySQL Shell 8.0\bin\;C:\Users\Admin\AppData\Local\Microsoft\WindowsApps;C:\Users\Admin\AppData\Local\Programs\Microsoft VS Code\bin;C:\Program Files\Azure Data Studio\bin;C:\Users\Admin\AppData\Local\GitHubDesktop\bin;C:\Users\Admin\Downloads\eclipse-jee-2020-12-R-win32-x86_64\eclipse;
USERNAME=Admin
OS=Windows_NT
PROCESSOR_IDENTIFIER=Intel64 Family 6 Model 61 Stepping 4, GenuineIntel



---------------  S Y S T E M  ---------------

OS: Windows 10 , 64 bit Build 18362 (10.0.18362.329)

CPU:total 4 (initial active 4) (2 cores per cpu, 2 threads per core) family 6 model 61 stepping 4 microcode 0x2f, cmov, cx8, fxsr, mmx, sse, sse2, sse3, ssse3, sse4.1, sse4.2, popcnt, avx, avx2, aes, clmul, erms, 3dnowpref, lzcnt, ht, tsc, tscinvbit, bmi1, bmi2, adx, fma

Memory: 4k page, system-wide physical 3996M (306M free)
TotalPageFile size 8092M (AvailPageFile size 7M)
current process WorkingSet (physical memory assigned to process): 256M, peak: 271M
current process commit charge ("private bytes"): 291M, peak: 307M

vm_info: Java HotSpot(TM) 64-Bit Server VM (11.0.20+9-LTS-256) for windows-amd64 JRE (11.0.20+9-LTS-256), built on Jun 14 2023 10:34:22 by "mach5one" with MS VC++ 17.1 (VS2022)

END.
