#
# There is insufficient memory for the Java Runtime Environment to continue.
# Native memory allocation (malloc) failed to allocate 1762096 bytes for Chunk::new
# Possible reasons:
#   The system is out of physical RAM or swap space
#   The process is running with CompressedOops enabled, and the Java Heap may be blocking the growth of the native heap
# Possible solutions:
#   Reduce memory load on the system
#   Increase physical memory or swap space
#   Check if swap backing store is full
#   Decrease Java heap size (-Xmx/-Xms)
#   Decrease number of Java threads
#   Decrease Java thread stack sizes (-Xss)
#   Set larger code cache with -XX:ReservedCodeCacheSize=
#   JVM is running with Unscaled Compressed Oops mode in which the Java heap is
#     placed in the first 4GB address space. The Java Heap base address is the
#     maximum limit for the native heap growth. Please use -XX:HeapBaseMinAddress
#     to set the Java Heap base and to place the Java Heap above 4GB virtual address.
# This output file may be truncated or incomplete.
#
#  Out of Memory Error (./open/src/hotspot/share/memory/arena.cpp:197), pid=7296, tid=828
#
# JRE version: Java(TM) SE Runtime Environment 18.9 (11.0.20+9) (build 11.0.20+9-LTS-256)
# Java VM: Java HotSpot(TM) 64-Bit Server VM 18.9 (11.0.20+9-LTS-256, mixed mode, tiered, compressed oops, g1 gc, windows-amd64)
# No core dump will be written. Minidumps are not enabled by default on client versions of Windows
#

---------------  S U M M A R Y ------------

Command Line: -Dfile.encoding=UTF-8 webgiay.StartServerJava

Host: Intel(R) Core(TM) i5-5200U CPU @ 2.20GHz, 4 cores, 3G,  Windows 10 , 64 bit Build 18362 (10.0.18362.329)
Time: Tue May  7 17:08:49 2024 SE Asia Standard Time elapsed time: 158.814717 seconds (0d 0h 2m 38s)

---------------  T H R E A D  ---------------

Current thread (0x00000162999ba000):  JavaThread "C2 CompilerThread0" daemon [_thread_in_native, id=828, stack(0x0000004189400000,0x0000004189500000)]


Current CompileTask:
C2: 158814 6761   !   4       org.springframework.core.annotation.AnnotatedElementUtils::searchWithFindSemantics (774 bytes)

Stack: [0x0000004189400000,0x0000004189500000]
Native frames: (J=compiled Java code, j=interpreted, Vv=VM code, C=native code)
V  [jvm.dll+0x6602ba]
V  [jvm.dll+0x7a32af]
V  [jvm.dll+0x7a4979]
V  [jvm.dll+0x7a5013]
V  [jvm.dll+0x258ef5]
V  [jvm.dll+0xb2a0c]
V  [jvm.dll+0xb2fcc]
V  [jvm.dll+0x367691]
V  [jvm.dll+0x1a2992]
V  [jvm.dll+0x211d4d]
V  [jvm.dll+0x210bc8]
V  [jvm.dll+0x18cdb1]
V  [jvm.dll+0x220e59]
V  [jvm.dll+0x21f17c]
V  [jvm.dll+0x767061]
V  [jvm.dll+0x75f8e4]
V  [jvm.dll+0x65f165]
C  [ucrtbase.dll+0x20e72]
C  [KERNEL32.DLL+0x17bd4]
C  [ntdll.dll+0x6ced1]


---------------  P R O C E S S  ---------------

Threads class SMR info:
_java_thread_list=0x00000162a1a83890, length=29, elements={
0x000001629992f000, 0x000001629995b000, 0x00000162999a7800, 0x00000162999a8800,
0x00000162999aa800, 0x00000162999ba000, 0x00000162999c2000, 0x00000162999c3000,
0x000001629a464800, 0x000001629e954000, 0x000001629d51c000, 0x000001629db39000,
0x000001629f25d800, 0x000001629e264800, 0x000001629bd91000, 0x000001629ba77800,
0x000001629ab66000, 0x000001629a9d5800, 0x000001629a9d4800, 0x000001629a9d8000,
0x000001629a9d8800, 0x000001629a9d9800, 0x000001629a9d6800, 0x000001629a9db000,
0x000001629a9da800, 0x000001629a9d7000, 0x000001629b7af000, 0x000001629b7af800,
0x000001629b7b0800
}

Java Threads: ( => current thread )
  0x000001629992f000 JavaThread "Reference Handler" daemon [_thread_blocked, id=9372, stack(0x0000004188f00000,0x0000004189000000)]
  0x000001629995b000 JavaThread "Finalizer" daemon [_thread_blocked, id=5480, stack(0x0000004189000000,0x0000004189100000)]
  0x00000162999a7800 JavaThread "Signal Dispatcher" daemon [_thread_blocked, id=6556, stack(0x0000004189100000,0x0000004189200000)]
  0x00000162999a8800 JavaThread "Attach Listener" daemon [_thread_blocked, id=3844, stack(0x0000004189200000,0x0000004189300000)]
  0x00000162999aa800 JavaThread "Service Thread" daemon [_thread_blocked, id=6676, stack(0x0000004189300000,0x0000004189400000)]
=>0x00000162999ba000 JavaThread "C2 CompilerThread0" daemon [_thread_in_native, id=828, stack(0x0000004189400000,0x0000004189500000)]
  0x00000162999c2000 JavaThread "C1 CompilerThread0" daemon [_thread_blocked, id=7660, stack(0x0000004189500000,0x0000004189600000)]
  0x00000162999c3000 JavaThread "Sweeper thread" daemon [_thread_blocked, id=8336, stack(0x0000004189600000,0x0000004189700000)]
  0x000001629a464800 JavaThread "Common-Cleaner" daemon [_thread_blocked, id=4228, stack(0x0000004189800000,0x0000004189900000)]
  0x000001629e954000 JavaThread "Catalina-utility-1" [_thread_blocked, id=1100, stack(0x0000004189900000,0x0000004189a00000)]
  0x000001629d51c000 JavaThread "Catalina-utility-2" [_thread_blocked, id=7972, stack(0x0000004189e00000,0x0000004189f00000)]
  0x000001629db39000 JavaThread "container-0" [_thread_blocked, id=8056, stack(0x0000004189f00000,0x000000418a000000)]
  0x000001629f25d800 JavaThread "mysql-cj-abandoned-connection-cleanup" daemon [_thread_blocked, id=5948, stack(0x000000418a000000,0x000000418a100000)]
  0x000001629e264800 JavaThread "HikariPool-1 housekeeper" daemon [_thread_blocked, id=5028, stack(0x000000418a200000,0x000000418a300000)]
  0x000001629bd91000 JavaThread "NioBlockingSelector.BlockPoller-1" daemon [_thread_in_native, id=4108, stack(0x000000418a300000,0x000000418a400000)]
  0x000001629ba77800 JavaThread "http-nio-9090-exec-1" daemon [_thread_blocked, id=5024, stack(0x000000418a400000,0x000000418a500000)]
  0x000001629ab66000 JavaThread "http-nio-9090-exec-2" daemon [_thread_blocked, id=3032, stack(0x000000418a500000,0x000000418a600000)]
  0x000001629a9d5800 JavaThread "http-nio-9090-exec-3" daemon [_thread_blocked, id=10860, stack(0x000000418a600000,0x000000418a700000)]
  0x000001629a9d4800 JavaThread "http-nio-9090-exec-4" daemon [_thread_in_native, id=9708, stack(0x000000418a700000,0x000000418a800000)]
  0x000001629a9d8000 JavaThread "http-nio-9090-exec-5" daemon [_thread_blocked, id=9332, stack(0x000000418a800000,0x000000418a900000)]
  0x000001629a9d8800 JavaThread "http-nio-9090-exec-6" daemon [_thread_blocked, id=5448, stack(0x000000418a900000,0x000000418aa00000)]
  0x000001629a9d9800 JavaThread "http-nio-9090-exec-7" daemon [_thread_blocked, id=3512, stack(0x000000418aa00000,0x000000418ab00000)]
  0x000001629a9d6800 JavaThread "http-nio-9090-exec-8" daemon [_thread_blocked, id=3884, stack(0x000000418ab00000,0x000000418ac00000)]
  0x000001629a9db000 JavaThread "http-nio-9090-exec-9" daemon [_thread_blocked, id=776, stack(0x000000418ac00000,0x000000418ad00000)]
  0x000001629a9da800 JavaThread "http-nio-9090-exec-10" daemon [_thread_blocked, id=4520, stack(0x000000418ad00000,0x000000418ae00000)]
  0x000001629a9d7000 JavaThread "http-nio-9090-ClientPoller-0" daemon [_thread_in_native, id=6564, stack(0x000000418ae00000,0x000000418af00000)]
  0x000001629b7af000 JavaThread "http-nio-9090-ClientPoller-1" daemon [_thread_in_native, id=4004, stack(0x000000418af00000,0x000000418b000000)]
  0x000001629b7af800 JavaThread "http-nio-9090-Acceptor-0" daemon [_thread_in_native, id=7252, stack(0x000000418b000000,0x000000418b100000)]
  0x000001629b7b0800 JavaThread "DestroyJavaVM" [_thread_blocked, id=2924, stack(0x0000004188800000,0x0000004188900000)]

Other Threads:
  0x000001629992b000 VMThread "VM Thread" [stack: 0x0000004188e00000,0x0000004188f00000] [id=1624]
  0x000001629a456000 WatcherThread [stack: 0x0000004189700000,0x0000004189800000] [id=4256]
  0x00000162fc85f800 GCTaskThread "GC Thread#0" [stack: 0x0000004188900000,0x0000004188a00000] [id=7940]
  0x000001629b117000 GCTaskThread "GC Thread#1" [stack: 0x0000004189a00000,0x0000004189b00000] [id=6640]
  0x000001629b118000 GCTaskThread "GC Thread#2" [stack: 0x0000004189b00000,0x0000004189c00000] [id=7372]
  0x000001629b119000 GCTaskThread "GC Thread#3" [stack: 0x0000004189c00000,0x0000004189d00000] [id=2172]
  0x00000162fc87a800 ConcurrentGCThread "G1 Main Marker" [stack: 0x0000004188a00000,0x0000004188b00000] [id=960]
  0x00000162fc87d000 ConcurrentGCThread "G1 Conc#0" [stack: 0x0000004188b00000,0x0000004188c00000] [id=5324]
  0x00000162fc8d3000 ConcurrentGCThread "G1 Refine#0" [stack: 0x0000004188c00000,0x0000004188d00000] [id=5760]
  0x000001629a634000 ConcurrentGCThread "G1 Refine#1" [stack: 0x0000004189d00000,0x0000004189e00000] [id=4232]
  0x00000162fc8d6000 ConcurrentGCThread "G1 Young RemSet Sampling" [stack: 0x0000004188d00000,0x0000004188e00000] [id=5124]

Threads with active compile tasks:
C2 CompilerThread0   158922 6761   !   4       org.springframework.core.annotation.AnnotatedElementUtils::searchWithFindSemantics (774 bytes)

VM state:not at safepoint (normal execution)

VM Mutex/Monitor currently owned by a thread: None

Heap address: 0x00000000c1800000, size: 1000 MB, Compressed Oops mode: 32-bit
Narrow klass base: 0x0000000000000000, Narrow klass shift: 3
Compressed class space size: 1073741824 Address: 0x0000000100000000

Heap:
 garbage-first heap   total 78848K, used 47182K [0x00000000c1800000, 0x0000000100000000)
  region size 1024K, 21 young (21504K), 4 survivors (4096K)
 Metaspace       used 63944K, capacity 65174K, committed 65244K, reserved 1105920K
  class space    used 7998K, capacity 8460K, committed 8528K, reserved 1048576K
Heap Regions: E=young(eden), S=young(survivor), O=old, HS=humongous(starts), HC=humongous(continues), CS=collection set, F=free, A=archive, TAMS=top-at-mark-start (previous, next)
|   0|0x00000000c1800000, 0x00000000c1900000, 0x00000000c1900000|100%|HS|  |TAMS 0x00000000c1900000, 0x00000000c1800000| Complete 
|   1|0x00000000c1900000, 0x00000000c1a00000, 0x00000000c1a00000|100%| O|  |TAMS 0x00000000c1a00000, 0x00000000c1900000| Untracked 
|   2|0x00000000c1a00000, 0x00000000c1b00000, 0x00000000c1b00000|100%| O|  |TAMS 0x00000000c1b00000, 0x00000000c1a00000| Untracked 
|   3|0x00000000c1b00000, 0x00000000c1c00000, 0x00000000c1c00000|100%| O|  |TAMS 0x00000000c1c00000, 0x00000000c1b00000| Untracked 
|   4|0x00000000c1c00000, 0x00000000c1d00000, 0x00000000c1d00000|100%| O|  |TAMS 0x00000000c1d00000, 0x00000000c1c00000| Untracked 
|   5|0x00000000c1d00000, 0x00000000c1e00000, 0x00000000c1e00000|100%| O|  |TAMS 0x00000000c1e00000, 0x00000000c1d00000| Untracked 
|   6|0x00000000c1e00000, 0x00000000c1f00000, 0x00000000c1f00000|100%| O|  |TAMS 0x00000000c1f00000, 0x00000000c1e00000| Untracked 
|   7|0x00000000c1f00000, 0x00000000c2000000, 0x00000000c2000000|100%| O|  |TAMS 0x00000000c2000000, 0x00000000c1f00000| Untracked 
|   8|0x00000000c2000000, 0x00000000c2100000, 0x00000000c2100000|100%| O|  |TAMS 0x00000000c2100000, 0x00000000c2000000| Untracked 
|   9|0x00000000c2100000, 0x00000000c2200000, 0x00000000c2200000|100%| O|  |TAMS 0x00000000c2200000, 0x00000000c2100000| Untracked 
|  10|0x00000000c2200000, 0x00000000c2300000, 0x00000000c2300000|100%| O|  |TAMS 0x00000000c2300000, 0x00000000c2200000| Untracked 
|  11|0x00000000c2300000, 0x00000000c2400000, 0x00000000c2400000|100%| O|  |TAMS 0x00000000c2400000, 0x00000000c2300000| Untracked 
|  12|0x00000000c2400000, 0x00000000c2500000, 0x00000000c2500000|100%| O|  |TAMS 0x00000000c2500000, 0x00000000c2400000| Untracked 
|  13|0x00000000c2500000, 0x00000000c2600000, 0x00000000c2600000|100%| O|  |TAMS 0x00000000c2600000, 0x00000000c2500000| Untracked 
|  14|0x00000000c2600000, 0x00000000c2700000, 0x00000000c2700000|100%| O|  |TAMS 0x00000000c2700000, 0x00000000c2600000| Untracked 
|  15|0x00000000c2700000, 0x00000000c2800000, 0x00000000c2800000|100%| O|  |TAMS 0x00000000c2800000, 0x00000000c2700000| Untracked 
|  16|0x00000000c2800000, 0x00000000c2900000, 0x00000000c2900000|100%| O|  |TAMS 0x00000000c2900000, 0x00000000c2800000| Untracked 
|  17|0x00000000c2900000, 0x00000000c2a00000, 0x00000000c2a00000|100%| O|  |TAMS 0x00000000c2a00000, 0x00000000c2900000| Untracked 
|  18|0x00000000c2a00000, 0x00000000c2b00000, 0x00000000c2b00000|100%| O|  |TAMS 0x00000000c2b00000, 0x00000000c2a00000| Untracked 
|  19|0x00000000c2b00000, 0x00000000c2c00000, 0x00000000c2c00000|100%| O|  |TAMS 0x00000000c2c00000, 0x00000000c2b00000| Untracked 
|  20|0x00000000c2c00000, 0x00000000c2d00000, 0x00000000c2d00000|100%| O|  |TAMS 0x00000000c2d00000, 0x00000000c2c00000| Untracked 
|  21|0x00000000c2d00000, 0x00000000c2e00000, 0x00000000c2e00000|100%| O|  |TAMS 0x00000000c2e00000, 0x00000000c2d00000| Untracked 
|  22|0x00000000c2e00000, 0x00000000c2f00000, 0x00000000c2f00000|100%| O|  |TAMS 0x00000000c2f00000, 0x00000000c2e00000| Untracked 
|  23|0x00000000c2f00000, 0x00000000c3000000, 0x00000000c3000000|100%| O|  |TAMS 0x00000000c3000000, 0x00000000c2f00000| Untracked 
|  24|0x00000000c3000000, 0x00000000c3100000, 0x00000000c3100000|100%| O|  |TAMS 0x00000000c30c2a00, 0x00000000c3000000| Untracked 
|  25|0x00000000c3100000, 0x00000000c3200000, 0x00000000c3200000|100%| O|  |TAMS 0x00000000c3100000, 0x00000000c3100000| Untracked 
|  26|0x00000000c3200000, 0x00000000c32ee800, 0x00000000c3300000| 93%| O|  |TAMS 0x00000000c3200000, 0x00000000c3200000| Untracked 
|  27|0x00000000c3300000, 0x00000000c3300000, 0x00000000c3400000|  0%| F|  |TAMS 0x00000000c3300000, 0x00000000c3300000| Untracked 
|  28|0x00000000c3400000, 0x00000000c3400000, 0x00000000c3500000|  0%| F|  |TAMS 0x00000000c3400000, 0x00000000c3400000| Untracked 
|  29|0x00000000c3500000, 0x00000000c3500000, 0x00000000c3600000|  0%| F|  |TAMS 0x00000000c3500000, 0x00000000c3500000| Untracked 
|  30|0x00000000c3600000, 0x00000000c3600000, 0x00000000c3700000|  0%| F|  |TAMS 0x00000000c3600000, 0x00000000c3600000| Untracked 
|  31|0x00000000c3700000, 0x00000000c3700000, 0x00000000c3800000|  0%| F|  |TAMS 0x00000000c3700000, 0x00000000c3700000| Untracked 
|  32|0x00000000c3800000, 0x00000000c3800000, 0x00000000c3900000|  0%| F|  |TAMS 0x00000000c3800000, 0x00000000c3800000| Untracked 
|  33|0x00000000c3900000, 0x00000000c3900000, 0x00000000c3a00000|  0%| F|  |TAMS 0x00000000c3900000, 0x00000000c3900000| Untracked 
|  34|0x00000000c3a00000, 0x00000000c3a00000, 0x00000000c3b00000|  0%| F|  |TAMS 0x00000000c3a00000, 0x00000000c3a00000| Untracked 
|  35|0x00000000c3b00000, 0x00000000c3b00000, 0x00000000c3c00000|  0%| F|  |TAMS 0x00000000c3b00000, 0x00000000c3b00000| Untracked 
|  36|0x00000000c3c00000, 0x00000000c3c00000, 0x00000000c3d00000|  0%| F|  |TAMS 0x00000000c3c00000, 0x00000000c3c00000| Untracked 
|  37|0x00000000c3d00000, 0x00000000c3d00000, 0x00000000c3e00000|  0%| F|  |TAMS 0x00000000c3d00000, 0x00000000c3d00000| Untracked 
|  38|0x00000000c3e00000, 0x00000000c3e00000, 0x00000000c3f00000|  0%| F|  |TAMS 0x00000000c3e00000, 0x00000000c3e00000| Untracked 
|  39|0x00000000c3f00000, 0x00000000c3f00000, 0x00000000c4000000|  0%| F|  |TAMS 0x00000000c3f00000, 0x00000000c3f00000| Untracked 
|  40|0x00000000c4000000, 0x00000000c4000000, 0x00000000c4100000|  0%| F|  |TAMS 0x00000000c4000000, 0x00000000c4000000| Untracked 
|  41|0x00000000c4100000, 0x00000000c41250b0, 0x00000000c4200000| 14%| S|CS|TAMS 0x00000000c4100000, 0x00000000c4100000| Complete 
|  42|0x00000000c4200000, 0x00000000c4300000, 0x00000000c4300000|100%| S|CS|TAMS 0x00000000c4200000, 0x00000000c4200000| Complete 
|  43|0x00000000c4300000, 0x00000000c4400000, 0x00000000c4400000|100%| S|CS|TAMS 0x00000000c4300000, 0x00000000c4300000| Complete 
|  44|0x00000000c4400000, 0x00000000c4500000, 0x00000000c4500000|100%| S|CS|TAMS 0x00000000c4400000, 0x00000000c4400000| Complete 
|  45|0x00000000c4500000, 0x00000000c4500000, 0x00000000c4600000|  0%| F|  |TAMS 0x00000000c4500000, 0x00000000c4500000| Untracked 
|  46|0x00000000c4600000, 0x00000000c4600000, 0x00000000c4700000|  0%| F|  |TAMS 0x00000000c4600000, 0x00000000c4600000| Untracked 
|  47|0x00000000c4700000, 0x00000000c4700000, 0x00000000c4800000|  0%| F|  |TAMS 0x00000000c4700000, 0x00000000c4700000| Untracked 
|  48|0x00000000c4800000, 0x00000000c4800000, 0x00000000c4900000|  0%| F|  |TAMS 0x00000000c4800000, 0x00000000c4800000| Untracked 
|  49|0x00000000c4900000, 0x00000000c4900000, 0x00000000c4a00000|  0%| F|  |TAMS 0x00000000c4900000, 0x00000000c4900000| Untracked 
|  50|0x00000000c4a00000, 0x00000000c4a00000, 0x00000000c4b00000|  0%| F|  |TAMS 0x00000000c4a00000, 0x00000000c4a00000| Untracked 
|  51|0x00000000c4b00000, 0x00000000c4b00000, 0x00000000c4c00000|  0%| F|  |TAMS 0x00000000c4b00000, 0x00000000c4b00000| Untracked 
|  52|0x00000000c4c00000, 0x00000000c4c00000, 0x00000000c4d00000|  0%| F|  |TAMS 0x00000000c4c00000, 0x00000000c4c00000| Untracked 
|  53|0x00000000c4d00000, 0x00000000c4d00000, 0x00000000c4e00000|  0%| F|  |TAMS 0x00000000c4d00000, 0x00000000c4d00000| Untracked 
|  54|0x00000000c4e00000, 0x00000000c4e00000, 0x00000000c4f00000|  0%| F|  |TAMS 0x00000000c4e00000, 0x00000000c4e00000| Untracked 
|  55|0x00000000c4f00000, 0x00000000c4f00000, 0x00000000c5000000|  0%| F|  |TAMS 0x00000000c4f00000, 0x00000000c4f00000| Untracked 
|  56|0x00000000c5000000, 0x00000000c5000000, 0x00000000c5100000|  0%| F|  |TAMS 0x00000000c5000000, 0x00000000c5000000| Untracked 
|  57|0x00000000c5100000, 0x00000000c5100000, 0x00000000c5200000|  0%| F|  |TAMS 0x00000000c5100000, 0x00000000c5100000| Untracked 
|  58|0x00000000c5200000, 0x00000000c5200000, 0x00000000c5300000|  0%| F|  |TAMS 0x00000000c5200000, 0x00000000c5200000| Untracked 
|  59|0x00000000c5300000, 0x00000000c5300000, 0x00000000c5400000|  0%| F|  |TAMS 0x00000000c5300000, 0x00000000c5300000| Untracked 
|  60|0x00000000c5400000, 0x00000000c54aff58, 0x00000000c5500000| 68%| E|  |TAMS 0x00000000c5400000, 0x00000000c5400000| Complete 
|  61|0x00000000c5500000, 0x00000000c5600000, 0x00000000c5600000|100%| E|CS|TAMS 0x00000000c5500000, 0x00000000c5500000| Complete 
|  62|0x00000000c5600000, 0x00000000c5700000, 0x00000000c5700000|100%| E|CS|TAMS 0x00000000c5600000, 0x00000000c5600000| Complete 
|  63|0x00000000c5700000, 0x00000000c5800000, 0x00000000c5800000|100%| E|CS|TAMS 0x00000000c5700000, 0x00000000c5700000| Complete 
|  64|0x00000000c5800000, 0x00000000c5900000, 0x00000000c5900000|100%| E|CS|TAMS 0x00000000c5800000, 0x00000000c5800000| Complete 
|  65|0x00000000c5900000, 0x00000000c5a00000, 0x00000000c5a00000|100%| E|CS|TAMS 0x00000000c5900000, 0x00000000c5900000| Complete 
|  66|0x00000000c5a00000, 0x00000000c5b00000, 0x00000000c5b00000|100%| E|CS|TAMS 0x00000000c5a00000, 0x00000000c5a00000| Complete 
|  67|0x00000000c5b00000, 0x00000000c5c00000, 0x00000000c5c00000|100%| E|CS|TAMS 0x00000000c5b00000, 0x00000000c5b00000| Complete 
|  68|0x00000000c5c00000, 0x00000000c5d00000, 0x00000000c5d00000|100%| E|CS|TAMS 0x00000000c5c00000, 0x00000000c5c00000| Complete 
|  69|0x00000000c5d00000, 0x00000000c5e00000, 0x00000000c5e00000|100%| E|CS|TAMS 0x00000000c5d00000, 0x00000000c5d00000| Complete 
|  70|0x00000000c5e00000, 0x00000000c5f00000, 0x00000000c5f00000|100%| E|CS|TAMS 0x00000000c5e00000, 0x00000000c5e00000| Complete 
|  71|0x00000000c5f00000, 0x00000000c6000000, 0x00000000c6000000|100%| E|CS|TAMS 0x00000000c5f00000, 0x00000000c5f00000| Complete 
|  72|0x00000000c6000000, 0x00000000c6100000, 0x00000000c6100000|100%| E|CS|TAMS 0x00000000c6000000, 0x00000000c6000000| Complete 
|  73|0x00000000c6100000, 0x00000000c6200000, 0x00000000c6200000|100%| E|CS|TAMS 0x00000000c6100000, 0x00000000c6100000| Complete 
|  74|0x00000000c6200000, 0x00000000c6300000, 0x00000000c6300000|100%| E|CS|TAMS 0x00000000c6200000, 0x00000000c6200000| Complete 
|  75|0x00000000c6300000, 0x00000000c6400000, 0x00000000c6400000|100%| E|CS|TAMS 0x00000000c6300000, 0x00000000c6300000| Complete 
|  76|0x00000000c6400000, 0x00000000c6500000, 0x00000000c6500000|100%| E|CS|TAMS 0x00000000c6400000, 0x00000000c6400000| Complete 

Card table byte_map: [0x00000162fe950000,0x00000162feb50000] _byte_map_base: 0x00000162fe344000

Marking Bits (Prev, Next): (CMBitMap*) 0x00000162fc875aa0, (CMBitMap*) 0x00000162fc875a68
 Prev Bits: [0x0000016296610000, 0x00000162975b0000)
 Next Bits: [0x00000162fed50000, 0x00000162ffcf0000)

Polling page: 0x00000162fc910000

Metaspace:

Usage:
  Non-class:     55.38 MB capacity,    54.64 MB ( 99%) used,   600.17 KB (  1%) free+waste,   159.31 KB ( <1%) overhead. 
      Class:      8.26 MB capacity,     7.81 MB ( 95%) used,   387.46 KB (  5%) free+waste,    73.94 KB ( <1%) overhead. 
       Both:     63.65 MB capacity,    62.45 MB ( 98%) used,   987.63 KB (  2%) free+waste,   233.25 KB ( <1%) overhead. 

Virtual space:
  Non-class space:       56.00 MB reserved,      55.39 MB ( 99%) committed 
      Class space:        1.00 GB reserved,       8.33 MB ( <1%) committed 
             Both:        1.05 GB reserved,      63.71 MB (  6%) committed 

Chunk freelists:
   Non-Class:  256 bytes
       Class:  2.50 KB
        Both:  2.75 KB

CodeHeap 'non-profiled nmethods': size=120064Kb used=3113Kb max_used=3113Kb free=116950Kb
 bounds [0x000001628f0d0000, 0x000001628f3e0000, 0x0000016296610000]
CodeHeap 'profiled nmethods': size=120000Kb used=14274Kb max_used=14274Kb free=105725Kb
 bounds [0x0000016287ba0000, 0x00000162889a0000, 0x000001628f0d0000]
CodeHeap 'non-nmethods': size=5696Kb used=1244Kb max_used=1293Kb free=4451Kb
 bounds [0x0000016287610000, 0x0000016287880000, 0x0000016287ba0000]
 total_blobs=7308 nmethods=6685 adapters=533
 compilation: enabled
              stopped_count=0, restarted_count=0
 full_count=0

Compilation events (10 events):
Event: 157.879 Thread 0x00000162999c2000 6802       3       org.springframework.web.util.UrlPathHelper::decodeAndCleanUriString (21 bytes)
Event: 157.879 Thread 0x00000162999c2000 nmethod 6802 0x000001628898f790 code [0x000001628898f980, 0x000001628898fcb8]
Event: 157.879 Thread 0x00000162999c2000 6803       3       org.springframework.web.util.UrlPathHelper::removeSemicolonContent (21 bytes)
Event: 157.879 Thread 0x00000162999c2000 nmethod 6803 0x000001628898fe10 code [0x000001628898ffc0, 0x0000016288990178]
Event: 157.879 Thread 0x00000162999c2000 6789       1       org.springframework.web.servlet.mvc.method.RequestMappingInfo::getPatternsCondition (5 bytes)
Event: 157.879 Thread 0x00000162999c2000 nmethod 6789 0x000001628f3d2610 code [0x000001628f3d27a0, 0x000001628f3d2858]
Event: 157.879 Thread 0x00000162999c2000 6794       3       org.springframework.http.HttpMethod::resolve (21 bytes)
Event: 157.880 Thread 0x00000162999c2000 nmethod 6794 0x0000016288990290 code [0x0000016288990480, 0x0000016288990938]
Event: 158.157 Thread 0x00000162999ba000 nmethod 6749 0x000001628f3d2910 code [0x000001628f3d2e40, 0x000001628f3d7938]
Event: 158.159 Thread 0x00000162999ba000 6761   !   4       org.springframework.core.annotation.AnnotatedElementUtils::searchWithFindSemantics (774 bytes)

GC Heap History (10 events):
Event: 16.775 GC heap before
{Heap before GC invocations=13 (full 0):
 garbage-first heap   total 78848K, used 53753K [0x00000000c1800000, 0x0000000100000000)
  region size 1024K, 33 young (33792K), 4 survivors (4096K)
 Metaspace       used 52939K, capacity 54026K, committed 54096K, reserved 1095680K
  class space    used 6526K, capacity 6949K, committed 6992K, reserved 1048576K
}
Event: 16.782 GC heap after
{Heap after GC invocations=14 (full 0):
 garbage-first heap   total 78848K, used 25601K [0x00000000c1800000, 0x0000000100000000)
  region size 1024K, 3 young (3072K), 3 survivors (3072K)
 Metaspace       used 52939K, capacity 54026K, committed 54096K, reserved 1095680K
  class space    used 6526K, capacity 6949K, committed 6992K, reserved 1048576K
}
Event: 18.020 GC heap before
{Heap before GC invocations=14 (full 0):
 garbage-first heap   total 78848K, used 56321K [0x00000000c1800000, 0x0000000100000000)
  region size 1024K, 33 young (33792K), 3 survivors (3072K)
 Metaspace       used 56355K, capacity 57462K, committed 57808K, reserved 1099776K
  class space    used 7068K, capacity 7489K, committed 7632K, reserved 1048576K
}
Event: 18.030 GC heap after
{Heap after GC invocations=15 (full 0):
 garbage-first heap   total 78848K, used 26296K [0x00000000c1800000, 0x0000000100000000)
  region size 1024K, 4 young (4096K), 4 survivors (4096K)
 Metaspace       used 56355K, capacity 57462K, committed 57808K, reserved 1099776K
  class space    used 7068K, capacity 7489K, committed 7632K, reserved 1048576K
}
Event: 19.447 GC heap before
{Heap before GC invocations=15 (full 0):
 garbage-first heap   total 78848K, used 57016K [0x00000000c1800000, 0x0000000100000000)
  region size 1024K, 34 young (34816K), 4 survivors (4096K)
 Metaspace       used 58661K, capacity 59732K, committed 60112K, reserved 1101824K
  class space    used 7352K, capacity 7755K, committed 7888K, reserved 1048576K
}
Event: 19.456 GC heap after
{Heap after GC invocations=16 (full 0):
 garbage-first heap   total 78848K, used 27605K [0x00000000c1800000, 0x0000000100000000)
  region size 1024K, 4 young (4096K), 4 survivors (4096K)
 Metaspace       used 58661K, capacity 59732K, committed 60112K, reserved 1101824K
  class space    used 7352K, capacity 7755K, committed 7888K, reserved 1048576K
}
Event: 19.886 GC heap before
{Heap before GC invocations=16 (full 0):
 garbage-first heap   total 78848K, used 37845K [0x00000000c1800000, 0x0000000100000000)
  region size 1024K, 15 young (15360K), 4 survivors (4096K)
 Metaspace       used 59349K, capacity 60409K, committed 60508K, reserved 1101824K
  class space    used 7414K, capacity 7840K, committed 7888K, reserved 1048576K
}
Event: 19.897 GC heap after
{Heap after GC invocations=17 (full 0):
 garbage-first heap   total 78848K, used 28426K [0x00000000c1800000, 0x0000000100000000)
  region size 1024K, 3 young (3072K), 3 survivors (3072K)
 Metaspace       used 59349K, capacity 60409K, committed 60508K, reserved 1101824K
  class space    used 7414K, capacity 7840K, committed 7888K, reserved 1048576K
}
Event: 21.375 GC heap before
{Heap before GC invocations=18 (full 0):
 garbage-first heap   total 78848K, used 58122K [0x00000000c1800000, 0x0000000100000000)
  region size 1024K, 32 young (32768K), 3 survivors (3072K)
 Metaspace       used 61329K, capacity 62553K, committed 62684K, reserved 1103872K
  class space    used 7702K, capacity 8164K, committed 8272K, reserved 1048576K
}
Event: 21.385 GC heap after
{Heap after GC invocations=19 (full 0):
 garbage-first heap   total 78848K, used 30798K [0x00000000c1800000, 0x0000000100000000)
  region size 1024K, 4 young (4096K), 4 survivors (4096K)
 Metaspace       used 61329K, capacity 62553K, committed 62684K, reserved 1103872K
  class space    used 7702K, capacity 8164K, committed 8272K, reserved 1048576K
}

Deoptimization events (10 events):
Event: 20.642 Thread 0x00000162fc849000 Uncommon trap: reason=class_check action=maybe_recompile pc=0x000001628f26c370 method=java.util.concurrent.ConcurrentHashMap.get(Ljava/lang/Object;)Ljava/lang/Object; @ 93 c2
Event: 20.642 Thread 0x00000162fc849000 Uncommon trap: reason=class_check action=maybe_recompile pc=0x000001628f26c370 method=java.util.concurrent.ConcurrentHashMap.get(Ljava/lang/Object;)Ljava/lang/Object; @ 93 c2
Event: 21.041 Thread 0x00000162fc849000 Uncommon trap: reason=profile_predicate action=maybe_recompile pc=0x000001628f3b2340 method=org.springframework.core.annotation.AnnotatedElementUtils.searchWithFindSemantics(Ljava/lang/reflect/AnnotatedElement;Ljava/util/Set;Ljava/lang/String;Ljava/lang/C
Event: 21.041 Thread 0x00000162fc849000 Uncommon trap: reason=profile_predicate action=maybe_recompile pc=0x000001628f3b2340 method=org.springframework.core.annotation.AnnotatedElementUtils.searchWithFindSemantics(Ljava/lang/reflect/AnnotatedElement;Ljava/util/Set;Ljava/lang/String;Ljava/lang/C
Event: 21.041 Thread 0x00000162fc849000 Uncommon trap: reason=profile_predicate action=maybe_recompile pc=0x000001628f3b2340 method=org.springframework.core.annotation.AnnotatedElementUtils.searchWithFindSemantics(Ljava/lang/reflect/AnnotatedElement;Ljava/util/Set;Ljava/lang/String;Ljava/lang/C
Event: 21.041 Thread 0x00000162fc849000 Uncommon trap: reason=profile_predicate action=maybe_recompile pc=0x000001628f3b2340 method=org.springframework.core.annotation.AnnotatedElementUtils.searchWithFindSemantics(Ljava/lang/reflect/AnnotatedElement;Ljava/util/Set;Ljava/lang/String;Ljava/lang/C
Event: 21.064 Thread 0x00000162fc849000 Uncommon trap: reason=unstable_if action=reinterpret pc=0x000001628f39c61c method=org.springframework.beans.factory.support.AbstractBeanFactory.isTypeMatch(Ljava/lang/String;Lorg/springframework/core/ResolvableType;)Z @ 26 c2
Event: 21.130 Thread 0x00000162fc849000 Uncommon trap: reason=unstable_if action=reinterpret pc=0x000001628f150924 method=java.util.concurrent.ConcurrentHashMap.transfer([Ljava/util/concurrent/ConcurrentHashMap$Node;[Ljava/util/concurrent/ConcurrentHashMap$Node;)V @ 352 c2
Event: 21.130 Thread 0x00000162fc849000 Uncommon trap: reason=unstable_if action=reinterpret pc=0x000001628f1488d8 method=java.util.concurrent.ConcurrentHashMap.transfer([Ljava/util/concurrent/ConcurrentHashMap$Node;[Ljava/util/concurrent/ConcurrentHashMap$Node;)V @ 352 c2
Event: 21.299 Thread 0x00000162fc849000 Uncommon trap: reason=null_check action=make_not_entrant pc=0x000001628f26dbd0 method=org.springframework.util.ClassUtils.isAssignable(Ljava/lang/Class;Ljava/lang/Class;)Z @ 14 c2

Classes redefined (0 events):
No events

Internal exceptions (10 events):
Event: 19.987 Thread 0x00000162fc849000 Exception <a 'java/lang/ClassNotFoundException'{0x00000000c63d74b0}: org/springframework/beans/factory/AwareCustomizer> (0x00000000c63d74b0) thrown at [./open/src/hotspot/share/classfile/systemDictionary.cpp, line 226]
Event: 19.988 Thread 0x00000162fc849000 Exception <a 'java/lang/ClassNotFoundException'{0x00000000c63e15d8}: org/springframework/context/ApplicationContextAwareCustomizer> (0x00000000c63e15d8) thrown at [./open/src/hotspot/share/classfile/systemDictionary.cpp, line 226]
Event: 19.988 Thread 0x00000162fc849000 Exception <a 'java/lang/ClassNotFoundException'{0x00000000c63ebb18}: org/springframework/beans/factory/AwareCustomizer> (0x00000000c63ebb18) thrown at [./open/src/hotspot/share/classfile/systemDictionary.cpp, line 226]
Event: 19.989 Thread 0x00000162fc849000 Exception <a 'java/lang/ClassNotFoundException'{0x00000000c63f5c08}: org/springframework/web/context/ServletContextAwareCustomizer> (0x00000000c63f5c08) thrown at [./open/src/hotspot/share/classfile/systemDictionary.cpp, line 226]
Event: 19.990 Thread 0x00000162fc849000 Exception <a 'java/lang/ClassNotFoundException'{0x00000000c63ffc20}: org/springframework/beans/factory/AwareCustomizer> (0x00000000c63ffc20) thrown at [./open/src/hotspot/share/classfile/systemDictionary.cpp, line 226]
Event: 20.774 Thread 0x00000162fc849000 Exception <a 'java/lang/NoSuchMethodError'{0x00000000c531d688}: java.lang.invoke.DirectMethodHandle$Holder.invokeVirtual(Ljava/lang/Object;Ljava/lang/Object;I)V> (0x00000000c531d688) thrown at [./open/src/hotspot/share/interpreter/linkResolver.cpp, line 7
Event: 21.299 Thread 0x00000162fc849000 Implicit null exception at 0x000001628f26d9d7 to 0x000001628f26dbbc
Event: 21.802 Thread 0x00000162fc849000 Exception <a 'java/lang/NoSuchMethodError'{0x00000000c60fee80}: java.lang.invoke.DirectMethodHandle$Holder.invokeSpecial(Ljava/lang/Object;Ljava/lang/Object;)V> (0x00000000c60fee80) thrown at [./open/src/hotspot/share/interpreter/linkResolver.cpp, line 77
Event: 21.804 Thread 0x00000162fc849000 Exception <a 'java/lang/NoSuchMethodError'{0x00000000c5ddc558}: java.lang.invoke.DirectMethodHandle$Holder.newInvokeSpecial(Ljava/lang/Object;I)Ljava/lang/Object;> (0x00000000c5ddc558) thrown at [./open/src/hotspot/share/interpreter/linkResolver.cpp, line
Event: 158.796 Thread 0x000001629a9d4800 Exception <a 'java/lang/NoSuchMethodError'{0x00000000c5670530}: java.lang.invoke.DirectMethodHandle$Holder.invokeStaticInit(Ljava/lang/Object;ILjava/lang/Object;)V> (0x00000000c5670530) thrown at [./open/src/hotspot/share/interpreter/linkResolver.cpp, lin

Events (10 events):
Event: 158.797 loading class org/hibernate/resource/transaction/backend/jta/internal/synchronization/AfterCompletionAction
Event: 158.797 loading class org/hibernate/resource/transaction/backend/jta/internal/synchronization/AfterCompletionAction done
Event: 158.797 loading class org/hibernate/engine/internal/SessionEventListenerManagerImpl
Event: 158.797 loading class org/hibernate/engine/internal/SessionEventListenerManagerImpl done
Event: 158.800 loading class org/hibernate/cache/internal/NoCachingTransactionSynchronizationImpl
Event: 158.800 loading class org/hibernate/cache/internal/NoCachingTransactionSynchronizationImpl done
Event: 158.801 loading class org/hibernate/cache/spi/AbstractCacheTransactionSynchronization
Event: 158.801 loading class org/hibernate/cache/spi/AbstractCacheTransactionSynchronization done
Event: 158.804 loading class org/hibernate/EmptyInterceptor
Event: 158.804 loading class org/hibernate/EmptyInterceptor done


Dynamic libraries:
0x00007ff754170000 - 0x00007ff754180000 	C:\Program Files\Java\jdk-11\bin\javaw.exe
0x00007ffd70580000 - 0x00007ffd70770000 	C:\Windows\SYSTEM32\ntdll.dll
0x00007ffd70350000 - 0x00007ffd70402000 	C:\Windows\System32\KERNEL32.DLL
0x00007ffd6d900000 - 0x00007ffd6dba3000 	C:\Windows\System32\KERNELBASE.dll
0x00007ffd6d5c0000 - 0x00007ffd6d6ba000 	C:\Windows\System32\ucrtbase.dll
0x00007ffd52230000 - 0x00007ffd5224b000 	C:\Program Files\Java\jdk-11\bin\VCRUNTIME140.dll
0x00007ffd52210000 - 0x00007ffd52229000 	C:\Program Files\Java\jdk-11\bin\jli.dll
0x00007ffd6ed10000 - 0x00007ffd6edb3000 	C:\Windows\System32\ADVAPI32.dll
0x00007ffd6ff70000 - 0x00007ffd7000e000 	C:\Windows\System32\msvcrt.dll
0x00007ffd6ea00000 - 0x00007ffd6ea97000 	C:\Windows\System32\sechost.dll
0x00007ffd6fbc0000 - 0x00007ffd6fce0000 	C:\Windows\System32\RPCRT4.dll
0x00007ffd6fa00000 - 0x00007ffd6fb94000 	C:\Windows\System32\USER32.dll
0x00007ffd6e5b0000 - 0x00007ffd6e5d1000 	C:\Windows\System32\win32u.dll
0x00007ffd6eb60000 - 0x00007ffd6eb86000 	C:\Windows\System32\GDI32.dll
0x00007ffd6d6c0000 - 0x00007ffd6d854000 	C:\Windows\System32\gdi32full.dll
0x00007ffd6d860000 - 0x00007ffd6d8fe000 	C:\Windows\System32\msvcp_win.dll
0x00007ffd5fd90000 - 0x00007ffd60015000 	C:\Windows\WinSxS\amd64_microsoft.windows.common-controls_6595b64144ccf1df_6.0.18362.535_none_e6c3b34713100821\COMCTL32.dll
0x00007ffd70010000 - 0x00007ffd70346000 	C:\Windows\System32\combase.dll
0x00007ffd6dbd0000 - 0x00007ffd6dc50000 	C:\Windows\System32\bcryptPrimitives.dll
0x00007ffd62f50000 - 0x00007ffd62f5a000 	C:\Windows\SYSTEM32\VERSION.dll
0x00007ffd6e630000 - 0x00007ffd6e65e000 	C:\Windows\System32\IMM32.DLL
0x00007ffd62480000 - 0x00007ffd6248c000 	C:\Program Files\Java\jdk-11\bin\vcruntime140_1.dll
0x00007ffd39af0000 - 0x00007ffd39b7e000 	C:\Program Files\Java\jdk-11\bin\msvcp140.dll
0x00007ffd261c0000 - 0x00007ffd26d2d000 	C:\Program Files\Java\jdk-11\bin\server\jvm.dll
0x00007ffd6f290000 - 0x00007ffd6f298000 	C:\Windows\System32\PSAPI.DLL
0x00007ffd62a10000 - 0x00007ffd62a19000 	C:\Windows\SYSTEM32\WSOCK32.dll
0x00007ffd6f2a0000 - 0x00007ffd6f30f000 	C:\Windows\System32\WS2_32.dll
0x00007ffd6b5d0000 - 0x00007ffd6b5f4000 	C:\Windows\SYSTEM32\WINMM.dll
0x00007ffd6b5a0000 - 0x00007ffd6b5cd000 	C:\Windows\SYSTEM32\WINMMBASE.dll
0x00007ffd6e5e0000 - 0x00007ffd6e62a000 	C:\Windows\System32\cfgmgr32.dll
0x00007ffd6d460000 - 0x00007ffd6d471000 	C:\Windows\System32\kernel.appcore.dll
0x00007ffd5de60000 - 0x00007ffd5de70000 	C:\Program Files\Java\jdk-11\bin\verify.dll
0x00007ffd5c150000 - 0x00007ffd5c344000 	C:\Windows\SYSTEM32\DBGHELP.DLL
0x00007ffd5bbd0000 - 0x00007ffd5bbfa000 	C:\Windows\SYSTEM32\dbgcore.DLL
0x00007ffd4f070000 - 0x00007ffd4f098000 	C:\Program Files\Java\jdk-11\bin\java.dll
0x00007ffd528c0000 - 0x00007ffd528ca000 	C:\Program Files\Java\jdk-11\bin\jimage.dll
0x00007ffd48d60000 - 0x00007ffd48d77000 	C:\Program Files\Java\jdk-11\bin\zip.dll
0x00007ffd6f310000 - 0x00007ffd6f9f5000 	C:\Windows\System32\SHELL32.dll
0x00007ffd6eaa0000 - 0x00007ffd6eb49000 	C:\Windows\System32\shcore.dll
0x00007ffd6dc80000 - 0x00007ffd6e3ff000 	C:\Windows\System32\windows.storage.dll
0x00007ffd6d480000 - 0x00007ffd6d49f000 	C:\Windows\System32\profapi.dll
0x00007ffd6d4c0000 - 0x00007ffd6d50a000 	C:\Windows\System32\powrprof.dll
0x00007ffd6d450000 - 0x00007ffd6d460000 	C:\Windows\System32\UMPDC.dll
0x00007ffd6fce0000 - 0x00007ffd6fd32000 	C:\Windows\System32\shlwapi.dll
0x00007ffd6dbb0000 - 0x00007ffd6dbc7000 	C:\Windows\System32\cryptsp.dll
0x00007ffd48d40000 - 0x00007ffd48d59000 	C:\Program Files\Java\jdk-11\bin\net.dll
0x00007ffd636c0000 - 0x00007ffd637b0000 	C:\Windows\SYSTEM32\WINHTTP.dll
0x00007ffd6ccc0000 - 0x00007ffd6cd27000 	C:\Windows\system32\mswsock.dll
0x00007ffd47ff0000 - 0x00007ffd48002000 	C:\Program Files\Java\jdk-11\bin\nio.dll
0x00007ffd523a0000 - 0x00007ffd523a9000 	C:\Program Files\Java\jdk-11\bin\management.dll
0x00007ffd522f0000 - 0x00007ffd522fb000 	C:\Program Files\Java\jdk-11\bin\management_ext.dll
0x00007ffd4f2b0000 - 0x00007ffd4f2c6000 	C:\Windows\system32\napinsp.dll
0x00007ffd4f290000 - 0x00007ffd4f2aa000 	C:\Windows\system32\pnrpnsp.dll
0x00007ffd6ca10000 - 0x00007ffd6cada000 	C:\Windows\SYSTEM32\DNSAPI.dll
0x00007ffd6ff60000 - 0x00007ffd6ff68000 	C:\Windows\System32\NSI.dll
0x00007ffd6c9d0000 - 0x00007ffd6ca0a000 	C:\Windows\SYSTEM32\IPHLPAPI.DLL
0x00007ffd4f280000 - 0x00007ffd4f28e000 	C:\Windows\System32\winrnr.dll
0x00007ffd69c00000 - 0x00007ffd69c1c000 	C:\Windows\system32\NLAapi.dll
0x00007ffd4f1d0000 - 0x00007ffd4f1e5000 	C:\Windows\system32\wshbth.dll
0x00007ffd626d0000 - 0x00007ffd626da000 	C:\Windows\System32\rasadhlp.dll
0x00007ffd670c0000 - 0x00007ffd67137000 	C:\Windows\System32\fwpuclnt.dll
0x00007ffd6dc50000 - 0x00007ffd6dc76000 	C:\Windows\System32\bcrypt.dll
0x00007ffd6c830000 - 0x00007ffd6c863000 	C:\Windows\system32\rsaenh.dll
0x00007ffd6d340000 - 0x00007ffd6d365000 	C:\Windows\SYSTEM32\USERENV.dll
0x00007ffd6ce90000 - 0x00007ffd6ce9c000 	C:\Windows\SYSTEM32\CRYPTBASE.dll
0x00007ffd67040000 - 0x00007ffd67056000 	C:\Windows\SYSTEM32\dhcpcsvc6.DLL
0x00007ffd679d0000 - 0x00007ffd679ec000 	C:\Windows\SYSTEM32\dhcpcsvc.DLL

dbghelp: loaded successfully - version: 4.0.5 - missing functions: none
symbol engine: initialized successfully - sym options: 0x614 - pdb path: .;C:\Program Files\Java\jdk-11\bin;C:\Windows\SYSTEM32;C:\Windows\WinSxS\amd64_microsoft.windows.common-controls_6595b64144ccf1df_6.0.18362.535_none_e6c3b34713100821;C:\Program Files\Java\jdk-11\bin\server

VM Arguments:
jvm_args: -Dfile.encoding=UTF-8 
java_command: webgiay.StartServerJava
java_class_path (initial): E:\DoAn\WebGiay\target\classes;C:\Users\Admin\.m2\repository\org\springframework\boot\spring-boot-starter-web\2.1.4.RELEASE\spring-boot-starter-web-2.1.4.RELEASE.jar;C:\Users\Admin\.m2\repository\org\springframework\boot\spring-boot-starter\2.1.4.RELEASE\spring-boot-starter-2.1.4.RELEASE.jar;C:\Users\Admin\.m2\repository\org\springframework\boot\spring-boot\2.1.4.RELEASE\spring-boot-2.1.4.RELEASE.jar;C:\Users\Admin\.m2\repository\org\springframework\boot\spring-boot-autoconfigure\2.1.4.RELEASE\spring-boot-autoconfigure-2.1.4.RELEASE.jar;C:\Users\Admin\.m2\repository\org\springframework\boot\spring-boot-starter-logging\2.1.4.RELEASE\spring-boot-starter-logging-2.1.4.RELEASE.jar;C:\Users\Admin\.m2\repository\ch\qos\logback\logback-classic\1.2.3\logback-classic-1.2.3.jar;C:\Users\Admin\.m2\repository\ch\qos\logback\logback-core\1.2.3\logback-core-1.2.3.jar;C:\Users\Admin\.m2\repository\org\apache\logging\log4j\log4j-to-slf4j\2.11.2\log4j-to-slf4j-2.11.2.jar;C:\Users\Admin\.m2\repository\org\apache\logging\log4j\log4j-api\2.11.2\log4j-api-2.11.2.jar;C:\Users\Admin\.m2\repository\org\slf4j\jul-to-slf4j\1.7.26\jul-to-slf4j-1.7.26.jar;C:\Users\Admin\.m2\repository\javax\annotation\javax.annotation-api\1.3.2\javax.annotation-api-1.3.2.jar;C:\Users\Admin\.m2\repository\org\springframework\spring-core\5.1.6.RELEASE\spring-core-5.1.6.RELEASE.jar;C:\Users\Admin\.m2\repository\org\springframework\spring-jcl\5.1.6.RELEASE\spring-jcl-5.1.6.RELEASE.jar;C:\Users\Admin\.m2\repository\org\yaml\snakeyaml\1.23\snakeyaml-1.23.jar;C:\Users\Admin\.m2\repository\org\springframework\boot\spring-boot-starter-json\2.1.4.RELEASE\spring-boot-starter-json-2.1.4.RELEASE.jar;C:\Users\Admin\.m2\repository\com\fasterxml\jackson\core\jackson-databind\2.9.8\jackson-databind-2.9.8.jar;C:\Users\Admin\.m2\repository\com\fasterxml\jackson\core\jackson-annotations\2.9.0\jackson-annotations-2.9.0.jar;C:\Users\Admin\.m2\repository\com\fasterxml\jackson\core\jackson-core\2.9.8\jack
Launcher Type: SUN_STANDARD

[Global flags]
     intx CICompilerCount                          = 3                                         {product} {ergonomic}
     uint ConcGCThreads                            = 1                                         {product} {ergonomic}
     uint G1ConcRefinementThreads                  = 4                                         {product} {ergonomic}
   size_t G1HeapRegionSize                         = 1048576                                   {product} {ergonomic}
    uintx GCDrainStackTargetSize                   = 64                                        {product} {ergonomic}
   size_t InitialHeapSize                          = 67108864                                  {product} {ergonomic}
   size_t MarkStackSize                            = 4194304                                   {product} {ergonomic}
   size_t MaxHeapSize                              = 1048576000                                {product} {ergonomic}
   size_t MaxNewSize                               = 629145600                                 {product} {ergonomic}
   size_t MinHeapDeltaBytes                        = 1048576                                   {product} {ergonomic}
    uintx NonNMethodCodeHeapSize                   = 5830732                                {pd product} {ergonomic}
    uintx NonProfiledCodeHeapSize                  = 122913754                              {pd product} {ergonomic}
    uintx ProfiledCodeHeapSize                     = 122913754                              {pd product} {ergonomic}
    uintx ReservedCodeCacheSize                    = 251658240                              {pd product} {ergonomic}
     bool SegmentedCodeCache                       = true                                      {product} {ergonomic}
     bool UseCompressedClassPointers               = true                                 {lp64_product} {ergonomic}
     bool UseCompressedOops                        = true                                 {lp64_product} {ergonomic}
     bool UseG1GC                                  = true                                      {product} {ergonomic}
     bool UseLargePagesIndividualAllocation        = false                                  {pd product} {ergonomic}

Logging:
Log output configuration:
 #0: stdout all=warning uptime,level,tags
 #1: stderr all=off uptime,level,tags

Environment Variables:
JAVA_HOME=C:\Program Files\Java\jdk-11
PATH=C:/Users/Admin/Downloads/eclipse-jee-2020-12-R-win32-x86_64/eclipse//plugins/org.eclipse.justj.openjdk.hotspot.jre.full.win32.x86_64_15.0.1.v20201027-0507/jre/bin/server;C:/Users/Admin/Downloads/eclipse-jee-2020-12-R-win32-x86_64/eclipse//plugins/org.eclipse.justj.openjdk.hotspot.jre.full.win32.x86_64_15.0.1.v20201027-0507/jre/bin;C:\ProgramData\Oracle\Java\javapath;C:\Program Files\Common Files\Oracle\Java\javapath;C:\Windows\system32;C:\Windows;C:\Windows\System32\Wbem;C:\Windows\System32\WindowsPowerShell\v1.0\;C:\Windows\System32\OpenSSH\;C:\Program Files\Microsoft SQL Server\Client SDK\ODBC\170\Tools\Binn\;C:\Program Files (x86)\Microsoft SQL Server\150\Tools\Binn\;C:\Program Files\Microsoft SQL Server\150\Tools\Binn\;C:\Program Files\Microsoft SQL Server\150\DTS\Binn\;C:\Program Files\Azure Data Studio\bin;C:\Program Files (x86)\Microsoft SQL Server\150\DTS\Binn\;C:\Program Files (x86)\Rational\common;C:\Program Files\Git\cmd;C:\Program Files\Java\jdk1.8.0_112\bin;C:\Program Files\Java\jdk1.8.0_45\bin;C:\Program Files\Java\jdk-11\bin;C:\Program Files\Java\jdk-21\bin;C:\Program Files\Microsoft SQL Server\130\Tools\Binn\;C:\Program Files\TortoiseSVN\bin;C:\Program Files\MySQL\MySQL Shell 8.0\bin\;C:\Users\Admin\AppData\Local\Microsoft\WindowsApps;C:\Users\Admin\AppData\Local\Programs\Microsoft VS Code\bin;C:\Program Files\Azure Data Studio\bin;C:\Users\Admin\AppData\Local\GitHubDesktop\bin;C:\Users\Admin\Downloads\eclipse-jee-2020-12-R-win32-x86_64\eclipse;
USERNAME=Admin
OS=Windows_NT
PROCESSOR_IDENTIFIER=Intel64 Family 6 Model 61 Stepping 4, GenuineIntel



---------------  S Y S T E M  ---------------

OS: Windows 10 , 64 bit Build 18362 (10.0.18362.329)

CPU:total 4 (initial active 4) (2 cores per cpu, 2 threads per core) family 6 model 61 stepping 4 microcode 0x2f, cmov, cx8, fxsr, mmx, sse, sse2, sse3, ssse3, sse4.1, sse4.2, popcnt, avx, avx2, aes, clmul, erms, 3dnowpref, lzcnt, ht, tsc, tscinvbit, bmi1, bmi2, adx, fma

Memory: 4k page, system-wide physical 3996M (392M free)
TotalPageFile size 8092M (AvailPageFile size 28M)
current process WorkingSet (physical memory assigned to process): 241M, peak: 248M
current process commit charge ("private bytes"): 273M, peak: 278M

vm_info: Java HotSpot(TM) 64-Bit Server VM (11.0.20+9-LTS-256) for windows-amd64 JRE (11.0.20+9-LTS-256), built on Jun 14 2023 10:34:22 by "mach5one" with MS VC++ 17.1 (VS2022)

END.
